[1m============================= test session starts ==============================[0m
platform linux -- Python 3.13.7, pytest-9.0.3, pluggy-1.6.0 -- /home/adam/Projects/Spyder/.venv/bin/python
cachedir: .pytest_cache
rootdir: /home/adam/Projects/Spyder
configfile: pytest.ini
plugins: langsmith-0.8.0, anyio-4.12.1, asyncio-1.3.0, cov-7.0.0, timeout-2.4.0, dash-3.2.0
asyncio: mode=Mode.AUTO, debug=False, asyncio_default_fixture_loop_scope=None, asyncio_default_test_loop_scope=function
timeout: 300.0s
timeout method: signal
timeout func_only: False
[1mcollecting ... [0m
[1m----------------------------- live log collection ------------------------------[0m
2026-05-17 22:49:55 [[32m    INFO[0m] SpyderG_GUI components loaded: 0
2026-05-17 22:49:55 [[32m    INFO[0m] SpyderB_Broker package initialized (v5.0.0) - Tradier integration
2026-05-17 22:49:55 [[32m    INFO[0m] Loaded 7/7 modules
2026-05-17 22:49:55 [[32m    INFO[0m] 🔌 SpyderI_Integration v1.0.0
2026-05-17 22:49:55 [[32m    INFO[0m] ✅ 5/5 modules available
2026-05-17 22:49:55 [[32m    INFO[0m] 🚀 All integration modules loaded successfully
2026-05-17 22:49:59 [[32m    INFO[0m] 🧮 SpyderV_QuantModels v1.0.0
2026-05-17 22:49:59 [[32m    INFO[0m] ✅ 9/9 modules available
2026-05-17 22:49:59 [[32m    INFO[0m] 🚀 All quantitative model modules loaded successfully
2026-05-17 22:50:00 [[32m    INFO[0m] Using device: cpu
2026-05-17 22:50:04 [[32m    INFO[0m] ✅ Signal Info Dialog module available
2026-05-17 22:50:04 [[32m    INFO[0m] ✅ Risk Parameters Dialog module available
2026-05-17 22:50:04 [[32m    INFO[0m] ⚠️ Prometheus metrics collector not available - using simulation
2026-05-17 22:50:04 [[32m    INFO[0m] ✅ Circuit Breaker Monitor available
2026-05-17 22:50:04 [[32m    INFO[0m] ✅ Strategy Constants Module Loaded - 23 exports available
2026-05-17 22:50:04 [[32m    INFO[0m] TechnicalIndicators initialized
2026-05-17 22:50:05 [[32m    INFO[0m] Optional AI agents unavailable: 1
2026-05-17 22:50:06 [[32m    INFO[0m] SpyderX_Agents package initialized (v1.0.0)
2026-05-17 22:50:06 [[32m    INFO[0m] Available AI agents: ['greeks', 'flow', 'strategy_director', 'ml_research', 'execution', 'performance', 'alerts', 'quant_models', 'sentiment', 'system_health', 'market_analysis', 'orchestrator', 'strategy_generator', 'meta_coordinator']
2026-05-17 22:50:07 [[32m    INFO[0m] ✅ QWebEngineView available for Plotly embedding
2026-05-17 22:50:07 [[32m    INFO[0m] ✅ Plotly available for financial charting
2026-05-17 22:50:07 [[32m    INFO[0m] ✅ SpyderG_GUI package initialized (v3.0.1)
collected 24 items

Spyder/SpyderT_Testing/SpyderT376_D31_PaperFailClosedGuard.py::TestPaperFailClosedSelectorReason::test_non_iron_condor_always_passes [32mPASSED[0m[32m [  4%][0m
Spyder/SpyderT_Testing/SpyderT376_D31_PaperFailClosedGuard.py::TestPaperFailClosedSelectorReason::test_live_mode_never_blocks [32mPASSED[0m[32m [  8%][0m
Spyder/SpyderT_Testing/SpyderT376_D31_PaperFailClosedGuard.py::TestPaperFailClosedSelectorReason::test_blocks_plain_fallback_lean_mapping [32mPASSED[0m[32m [ 12%][0m
Spyder/SpyderT_Testing/SpyderT376_D31_PaperFailClosedGuard.py::TestPaperFailClosedSelectorReason::test_blocks_fallback_neutral_posture [32mPASSED[0m[32m [ 16%][0m
Spyder/SpyderT_Testing/SpyderT376_D31_PaperFailClosedGuard.py::TestPaperFailClosedSelectorReason::test_blocks_fallback_neutral_posture_lowercase [32mPASSED[0m[32m [ 20%][0m
Spyder/SpyderT_Testing/SpyderT376_D31_PaperFailClosedGuard.py::TestPaperFailClosedSelectorReason::test_allows_range_calm_fallback_regime [32mPASSED[0m[32m [ 25%][0m
Spyder/SpyderT_Testing/SpyderT376_D31_PaperFailClosedGuard.py::TestPaperFailClosedSelectorReason::test_allows_range_calm_fallback_pivot [32mPASSED[0m[32m [ 29%][0m
Spyder/SpyderT_Testing/SpyderT376_D31_PaperFailClosedGuard.py::TestPaperFailClosedSelectorReason::test_allows_bear_fallback_regime [32mPASSED[0m[32m [ 33%][0m
Spyder/SpyderT_Testing/SpyderT376_D31_PaperFailClosedGuard.py::TestPaperFailClosedSelectorReason::test_allows_high_vol_fallback_regime [32mPASSED[0m[32m [ 37%][0m
Spyder/SpyderT_Testing/SpyderT376_D31_PaperFailClosedGuard.py::TestPaperFailClosedSelectorReason::test_allows_range_calm_primary_path [32mPASSED[0m[32m [ 41%][0m
Spyder/SpyderT_Testing/SpyderT376_D31_PaperFailClosedGuard.py::TestPaperFailClosedSelectorReason::test_allows_empty_reason [32mPASSED[0m[32m [ 45%][0m
Spyder/SpyderT_Testing/SpyderT377_R04_PaperFillGaps.py::TestPaperFillSymbolInOrderFilledEvent::test_symbol_present_in_order_filled_event 
[1m-------------------------------- live log call ---------------------------------[0m
2026-05-17 22:50:07 [[1m[31m   ERROR[0m] Internal order execution failed for test-001: 'LiveEngine' object has no attribute '_pending_orders_lock'
[31mFAILED[0m[31m                                                                   [ 50%][0m
Spyder/SpyderT_Testing/SpyderT377_R04_PaperFillGaps.py::TestPaperFillSymbolInOrderFilledEvent::test_empty_symbol_still_emits_event 
[1m-------------------------------- live log call ---------------------------------[0m
2026-05-17 22:50:08 [[1m[31m   ERROR[0m] Internal order execution failed for test-002: 'LiveEngine' object has no attribute '_pending_orders_lock'
[31mFAILED[0m[31m                                                                   [ 54%][0m
Spyder/SpyderT_Testing/SpyderT377_R04_PaperFillGaps.py::TestPaperFillSymbolInOrderFilledEvent::test_symbol_present_in_direct_fill_status 
[1m-------------------------------- live log call ---------------------------------[0m
2026-05-17 22:50:08 [[1m[31m   ERROR[0m] Internal order execution failed for test-003: 'LiveEngine' object has no attribute '_pending_orders_lock'
[31mFAILED[0m[31m                                                                   [ 58%][0m
Spyder/SpyderT_Testing/SpyderT377_R04_PaperFillGaps.py::TestPaperFillH05Persistence::test_record_trade_called_on_paper_accepted 
[1m-------------------------------- live log call ---------------------------------[0m
2026-05-17 22:50:08 [[1m[31m   ERROR[0m] Internal order execution failed for test-010: 'LiveEngine' object has no attribute '_pending_orders_lock'
[31mFAILED[0m[31m                                                                   [ 62%][0m
Spyder/SpyderT_Testing/SpyderT377_R04_PaperFillGaps.py::TestPaperFillH05Persistence::test_record_trade_called_on_paper_direct_fill 
[1m-------------------------------- live log call ---------------------------------[0m
2026-05-17 22:50:08 [[1m[31m   ERROR[0m] Internal order execution failed for test-011: 'LiveEngine' object has no attribute '_pending_orders_lock'
[31mFAILED[0m[31m                                                                   [ 66%][0m
Spyder/SpyderT_Testing/SpyderT377_R04_PaperFillGaps.py::TestPaperFillH05Persistence::test_record_trade_not_called_when_no_session_db 
[1m-------------------------------- live log call ---------------------------------[0m
2026-05-17 22:50:09 [[1m[31m   ERROR[0m] Internal order execution failed for test-012: 'LiveEngine' object has no attribute '_pending_orders_lock'
[31mFAILED[0m[31m                                                                   [ 70%][0m
Spyder/SpyderT_Testing/SpyderT377_R04_PaperFillGaps.py::TestPaperFillH05Persistence::test_record_trade_not_called_for_rejected_order 
[1m-------------------------------- live log call ---------------------------------[0m
2026-05-17 22:50:09 [[1m[31m   ERROR[0m] Internal order execution failed for test-013: 'LiveEngine' object has no attribute '_pending_orders_lock'
[31mFAILED[0m[31m                                                                   [ 75%][0m
Spyder/SpyderT_Testing/SpyderT377_R04_PaperFillGaps.py::TestPaperFillH05Persistence::test_record_trade_strike_none_when_missing 
[1m-------------------------------- live log call ---------------------------------[0m
2026-05-17 22:50:09 [[1m[31m   ERROR[0m] Internal order execution failed for test-014: 'LiveEngine' object has no attribute '_pending_orders_lock'
[31mFAILED[0m[31m                                                                   [ 79%][0m
Spyder/SpyderT_Testing/SpyderT377_R04_PaperFillGaps.py::TestPaperFillPositionTracker::test_position_tracker_called_on_paper_accepted 
[1m-------------------------------- live log call ---------------------------------[0m
2026-05-17 22:50:09 [[1m[31m   ERROR[0m] Internal order execution failed for test-020: 'LiveEngine' object has no attribute '_pending_orders_lock'
[31mFAILED[0m[31m                                                                   [ 83%][0m
Spyder/SpyderT_Testing/SpyderT377_R04_PaperFillGaps.py::TestPaperFillPositionTracker::test_position_tracker_called_on_direct_fill_status 
[1m-------------------------------- live log call ---------------------------------[0m
2026-05-17 22:50:09 [[1m[31m   ERROR[0m] Internal order execution failed for test-021: 'LiveEngine' object has no attribute '_pending_orders_lock'
[31mFAILED[0m[31m                                                                   [ 87%][0m
Spyder/SpyderT_Testing/SpyderT377_R04_PaperFillGaps.py::TestPaperFillPositionTracker::test_position_tracker_not_called_when_none 
[1m-------------------------------- live log call ---------------------------------[0m
2026-05-17 22:50:10 [[1m[31m   ERROR[0m] Internal order execution failed for test-022: 'LiveEngine' object has no attribute '_pending_orders_lock'
[31mFAILED[0m[31m                                                                   [ 91%][0m
Spyder/SpyderT_Testing/SpyderT377_R04_PaperFillGaps.py::TestPaperFillPositionTracker::test_position_tracker_not_called_for_zero_quantity 
[1m-------------------------------- live log call ---------------------------------[0m
2026-05-17 22:50:10 [[1m[31m   ERROR[0m] Internal order execution failed for test-023: 'LiveEngine' object has no attribute '_pending_orders_lock'
[31mFAILED[0m[31m                                                                   [ 95%][0m
Spyder/SpyderT_Testing/SpyderT377_R04_PaperFillGaps.py::TestPaperFillPositionTracker::test_position_tracker_not_called_for_rejected_order 
[1m-------------------------------- live log call ---------------------------------[0m
2026-05-17 22:50:10 [[1m[31m   ERROR[0m] Internal order execution failed for test-024: 'LiveEngine' object has no attribute '_pending_orders_lock'
[31mFAILED[0m[31m                                                                   [100%][0m[31m[1m
ERROR: Coverage failure: total of 18.79 is less than fail-under=60.00
[0m

=================================== FAILURES ===================================
[31m[1m_ TestPaperFillSymbolInOrderFilledEvent.test_symbol_present_in_order_filled_event _[0m

self = <Spyder.SpyderR_Runtime.SpyderR04_LiveEngine.LiveEngine object at 0x7bb70b07e7b0>
order = {'order_id': 'test-001', 'price': 1.5, 'quantity': 1, 'side': 'sell_to_open', ...}

    [0m[94mdef[39;49;00m[90m [39;49;00m[92m_execute_order_internal[39;49;00m([96mself[39;49;00m, order: [96mdict[39;49;00m[[96mstr[39;49;00m, Any]) -> [94mNone[39;49;00m:[90m[39;49;00m
    [90m    [39;49;00m[33m"""Submit an order through the broker and track the result."""[39;49;00m[90m[39;49;00m
        order_id = order.get([33m"[39;49;00m[33morder_id[39;49;00m[33m"[39;49;00m)[90m[39;49;00m
        [94mtry[39;49;00m:[90m[39;49;00m
            result = [96mself[39;49;00m._broker_submit(order)[90m[39;49;00m
            [90m# Any broker round-trip that returns without a TradierServerError[39;49;00m[90m[39;49;00m
            [90m# is a successful API contact — clear the panic counter even if[39;49;00m[90m[39;49;00m
            [90m# the order itself wasn't accepted/filled.[39;49;00m[90m[39;49;00m
            [96mself[39;49;00m.reset_api_error_count()[90m[39;49;00m
            status = (result [95mor[39;49;00m {}).get([33m"[39;49;00m[33mstatus[39;49;00m[33m"[39;49;00m, [33m"[39;49;00m[33merror[39;49;00m[33m"[39;49;00m)[90m[39;49;00m
            [94mif[39;49;00m status [95min[39;49;00m ([33m"[39;49;00m[33maccepted[39;49;00m[33m"[39;49;00m, [33m"[39;49;00m[33mfilled[39;49;00m[33m"[39;49;00m, [33m"[39;49;00m[33mpartial[39;49;00m[33m"[39;49;00m):[90m[39;49;00m
                [90m# Emit ORDER_SUBMITTED on any successful broker acknowledgement.[39;49;00m[90m[39;49;00m
                [96mself[39;49;00m._event_manager.emit([90m[39;49;00m
                    EventType.ORDER_SUBMITTED,[90m[39;49;00m
                    {[90m[39;49;00m
                        [33m"[39;49;00m[33morder_id[39;49;00m[33m"[39;49;00m: order_id,[90m[39;49;00m
                        [33m"[39;49;00m[33msymbol[39;49;00m[33m"[39;49;00m: order.get([33m"[39;49;00m[33msymbol[39;49;00m[33m"[39;49;00m),[90m[39;49;00m
                        [90m# O5 (v14): propagate correlation_id for trade-chain tracing.[39;49;00m[90m[39;49;00m
                        [33m"[39;49;00m[33mcorrelation_id[39;49;00m[33m"[39;49;00m: order.get([33m"[39;49;00m[33mcorrelation_id[39;49;00m[33m"[39;49;00m),[90m[39;49;00m
                    },[90m[39;49;00m
                    source=[33m"[39;49;00m[33mLiveEngine[39;49;00m[33m"[39;49;00m,[90m[39;49;00m
                )[90m[39;49;00m
                [94mif[39;49;00m status == [33m"[39;49;00m[33maccepted[39;49;00m[33m"[39;49;00m:[90m[39;49;00m
                    [90m# Real broker returned an order-ID — hand off to the[39;49;00m[90m[39;49;00m
                    [90m# FillReconciler for ground-truth fill detection.[39;49;00m[90m[39;49;00m
                    tradier_id = (result [95mor[39;49;00m {}).get([33m"[39;49;00m[33mtradier_order_id[39;49;00m[33m"[39;49;00m)[90m[39;49;00m
                    [94mif[39;49;00m [96mself[39;49;00m._reconciler [95mis[39;49;00m [95mnot[39;49;00m [94mNone[39;49;00m [95mand[39;49;00m tradier_id:[90m[39;49;00m
                        order_type = order.get([33m"[39;49;00m[33morder_type[39;49;00m[33m"[39;49;00m, [33m"[39;49;00m[33mmarket[39;49;00m[33m"[39;49;00m).lower()[90m[39;49;00m
                        [96mself[39;49;00m._reconciler.track([90m[39;49;00m
                            [96mstr[39;49;00m(order_id), tradier_id, order_type[90m[39;49;00m
                        )[90m[39;49;00m
                    [94melse[39;49;00m:[90m[39;49;00m
                        [90m# No reconciler (paper/test env): treat acceptance as fill.[39;49;00m[90m[39;49;00m
                        [96mself[39;49;00m.metrics.successful_executions += [94m1[39;49;00m[90m[39;49;00m
                        [96mself[39;49;00m.daily_trades += [94m1[39;49;00m[90m[39;49;00m
                        [94mif[39;49;00m [96mself[39;49;00m.current_session:[90m[39;49;00m
                            [96mself[39;49;00m.current_session.trades_executed += [94m1[39;49;00m[90m[39;49;00m
                        _paper_symbol = [96mstr[39;49;00m(order.get([33m"[39;49;00m[33msymbol[39;49;00m[33m"[39;49;00m) [95mor[39;49;00m [33m"[39;49;00m[33m"[39;49;00m)[90m[39;49;00m
                        _paper_side = [96mstr[39;49;00m(order.get([33m"[39;49;00m[33mside[39;49;00m[33m"[39;49;00m) [95mor[39;49;00m [33m"[39;49;00m[33mbuy[39;49;00m[33m"[39;49;00m).lower()[90m[39;49;00m
                        _paper_qty = [96mint[39;49;00m(order.get([33m"[39;49;00m[33mquantity[39;49;00m[33m"[39;49;00m) [95mor[39;49;00m [94m0[39;49;00m)[90m[39;49;00m
                        _paper_price = [96mfloat[39;49;00m([90m[39;49;00m
                            (result [95mor[39;49;00m {}).get([33m"[39;49;00m[33mfill_price[39;49;00m[33m"[39;49;00m)[90m[39;49;00m
                            [95mor[39;49;00m (result [95mor[39;49;00m {}).get([33m"[39;49;00m[33mprice[39;49;00m[33m"[39;49;00m)[90m[39;49;00m
                            [95mor[39;49;00m order.get([33m"[39;49;00m[33mprice[39;49;00m[33m"[39;49;00m)[90m[39;49;00m
                            [95mor[39;49;00m [94m0.0[39;49;00m[90m[39;49;00m
                        )[90m[39;49;00m
                        [90m# Fix B1: include symbol so D31 _on_terminal_order_event can[39;49;00m[90m[39;49;00m
                        [90m# clear the pending entry reservation for the underlying.[39;49;00m[90m[39;49;00m
                        [96mself[39;49;00m._event_manager.emit([90m[39;49;00m
                            EventType.ORDER_FILLED,[90m[39;49;00m
                            {[33m"[39;49;00m[33morder_id[39;49;00m[33m"[39;49;00m: order_id, [33m"[39;49;00m[33mresult[39;49;00m[33m"[39;49;00m: result, [33m"[39;49;00m[33msymbol[39;49;00m[33m"[39;49;00m: _paper_symbol},[90m[39;49;00m
                            source=[33m"[39;49;00m[33mLiveEngine[39;49;00m[33m"[39;49;00m,[90m[39;49;00m
                        )[90m[39;49;00m
                        [90m# Fix B2: persist paper fill to session DB (H05) for trade records.[39;49;00m[90m[39;49;00m
                        [94mif[39;49;00m [96mself[39;49;00m._session_db [95mis[39;49;00m [95mnot[39;49;00m [94mNone[39;49;00m [95mand[39;49;00m _paper_symbol:[90m[39;49;00m
                            [94mtry[39;49;00m:[90m[39;49;00m
                                _strike = order.get([33m"[39;49;00m[33mstrike[39;49;00m[33m"[39;49;00m)[90m[39;49;00m
                                [96mself[39;49;00m._session_db.record_trade([90m[39;49;00m
                                    symbol=_paper_symbol,[90m[39;49;00m
                                    trade_type=_paper_side.upper(),[90m[39;49;00m
                                    side=_paper_side,[90m[39;49;00m
                                    quantity=_paper_qty,[90m[39;49;00m
                                    price=_paper_price,[90m[39;49;00m
                                    commission=[94m0.0[39;49;00m,[90m[39;49;00m
                                    realized_pnl=[94m0.0[39;49;00m,[90m[39;49;00m
                                    strategy=[96mstr[39;49;00m(order.get([33m"[39;49;00m[33mstrategy_id[39;49;00m[33m"[39;49;00m) [95mor[39;49;00m order.get([33m"[39;49;00m[33mstrategy[39;49;00m[33m"[39;49;00m) [95mor[39;49;00m [33m"[39;49;00m[33m"[39;49;00m),[90m[39;49;00m
                                    order_id=[96mstr[39;49;00m(order_id) [94mif[39;49;00m order_id [94melse[39;49;00m [94mNone[39;49;00m,[90m[39;49;00m
                                    expiration=[96mstr[39;49;00m(order.get([33m"[39;49;00m[33mexpiration[39;49;00m[33m"[39;49;00m) [95mor[39;49;00m [33m"[39;49;00m[33m"[39;49;00m) [95mor[39;49;00m [94mNone[39;49;00m,[90m[39;49;00m
                                    strike=[96mfloat[39;49;00m(_strike) [94mif[39;49;00m _strike [95mnot[39;49;00m [95min[39;49;00m ([94mNone[39;49;00m, [33m"[39;49;00m[33m"[39;49;00m) [94melse[39;49;00m [94mNone[39;49;00m,[90m[39;49;00m
                                    option_type=[96mstr[39;49;00m(order.get([33m"[39;49;00m[33moption_type[39;49;00m[33m"[39;49;00m) [95mor[39;49;00m [33m"[39;49;00m[33m"[39;49;00m) [95mor[39;49;00m [94mNone[39;49;00m,[90m[39;49;00m
                                    notes=[33m"[39;49;00m[33mpaper fill via LiveEngine[39;49;00m[33m"[39;49;00m,[90m[39;49;00m
                                )[90m[39;49;00m
                            [94mexcept[39;49;00m [96mException[39;49;00m [94mas[39;49;00m _db_err:[90m[39;49;00m
                                [96mself[39;49;00m.logger.warning([33m"[39;49;00m[33mPaper fill DB record failed: [39;49;00m[33m%s[39;49;00m[33m"[39;49;00m, _db_err)[90m[39;49;00m
                        [90m# Fix B3: forward paper fill to PositionTracker so active_positions[39;49;00m[90m[39;49;00m
                        [90m# stays consistent and POSITION_UPDATED events are emitted.[39;49;00m[90m[39;49;00m
                        [94mif[39;49;00m [96mself[39;49;00m._position_tracker [95mis[39;49;00m [95mnot[39;49;00m [94mNone[39;49;00m [95mand[39;49;00m _paper_symbol [95mand[39;49;00m _paper_qty:[90m[39;49;00m
                            [94mtry[39;49;00m:[90m[39;49;00m
                                [96mself[39;49;00m._position_tracker.record_fill({[90m[39;49;00m
                                    [33m"[39;49;00m[33msymbol[39;49;00m[33m"[39;49;00m: _paper_symbol,[90m[39;49;00m
                                    [33m"[39;49;00m[33mside[39;49;00m[33m"[39;49;00m: _paper_side,[90m[39;49;00m
                                    [33m"[39;49;00m[33mquantity[39;49;00m[33m"[39;49;00m: _paper_qty,[90m[39;49;00m
                                    [33m"[39;49;00m[33mfill_price[39;49;00m[33m"[39;49;00m: _paper_price,[90m[39;49;00m
                                    [33m"[39;49;00m[33morder_id[39;49;00m[33m"[39;49;00m: [96mstr[39;49;00m(order_id) [94mif[39;49;00m order_id [94melse[39;49;00m [33m"[39;49;00m[33m"[39;49;00m,[90m[39;49;00m
                                })[90m[39;49;00m
                            [94mexcept[39;49;00m [96mException[39;49;00m [94mas[39;49;00m _pt_err:[90m[39;49;00m
                                [96mself[39;49;00m.logger.warning([33m"[39;49;00m[33mPaper fill position tracker record failed: [39;49;00m[33m%s[39;49;00m[33m"[39;49;00m, _pt_err)[90m[39;49;00m
                [94melif[39;49;00m status == [33m"[39;49;00m[33mfilled[39;49;00m[33m"[39;49;00m:[90m[39;49;00m
                    [90m# Direct fill: mock / paper engine without reconciler.[39;49;00m[90m[39;49;00m
                    [96mself[39;49;00m.metrics.successful_executions += [94m1[39;49;00m[90m[39;49;00m
                    [96mself[39;49;00m.daily_trades += [94m1[39;49;00m[90m[39;49;00m
                    [94mif[39;49;00m [96mself[39;49;00m.current_session:[90m[39;49;00m
                        [96mself[39;49;00m.current_session.trades_executed += [94m1[39;49;00m[90m[39;49;00m
                    _paper_symbol = [96mstr[39;49;00m(order.get([33m"[39;49;00m[33msymbol[39;49;00m[33m"[39;49;00m) [95mor[39;49;00m [33m"[39;49;00m[33m"[39;49;00m)[90m[39;49;00m
                    _paper_side = [96mstr[39;49;00m(order.get([33m"[39;49;00m[33mside[39;49;00m[33m"[39;49;00m) [95mor[39;49;00m [33m"[39;49;00m[33mbuy[39;49;00m[33m"[39;49;00m).lower()[90m[39;49;00m
                    _paper_qty = [96mint[39;49;00m(order.get([33m"[39;49;00m[33mquantity[39;49;00m[33m"[39;49;00m) [95mor[39;49;00m [94m0[39;49;00m)[90m[39;49;00m
                    _paper_price = [96mfloat[39;49;00m([90m[39;49;00m
                        (result [95mor[39;49;00m {}).get([33m"[39;49;00m[33mfill_price[39;49;00m[33m"[39;49;00m)[90m[39;49;00m
                        [95mor[39;49;00m (result [95mor[39;49;00m {}).get([33m"[39;49;00m[33mprice[39;49;00m[33m"[39;49;00m)[90m[39;49;00m
                        [95mor[39;49;00m order.get([33m"[39;49;00m[33mprice[39;49;00m[33m"[39;49;00m)[90m[39;49;00m
                        [95mor[39;49;00m [94m0.0[39;49;00m[90m[39;49;00m
                    )[90m[39;49;00m
                    [90m# Fix B1: include symbol for pending-reservation clearing.[39;49;00m[90m[39;49;00m
                    [96mself[39;49;00m._event_manager.emit([90m[39;49;00m
                        EventType.ORDER_FILLED,[90m[39;49;00m
                        {[33m"[39;49;00m[33morder_id[39;49;00m[33m"[39;49;00m: order_id, [33m"[39;49;00m[33mresult[39;49;00m[33m"[39;49;00m: result, [33m"[39;49;00m[33msymbol[39;49;00m[33m"[39;49;00m: _paper_symbol},[90m[39;49;00m
                        source=[33m"[39;49;00m[33mLiveEngine[39;49;00m[33m"[39;49;00m,[90m[39;49;00m
                    )[90m[39;49;00m
                    [90m# Fix B2: persist to session DB.[39;49;00m[90m[39;49;00m
                    [94mif[39;49;00m [96mself[39;49;00m._session_db [95mis[39;49;00m [95mnot[39;49;00m [94mNone[39;49;00m [95mand[39;49;00m _paper_symbol:[90m[39;49;00m
                        [94mtry[39;49;00m:[90m[39;49;00m
                            _strike = order.get([33m"[39;49;00m[33mstrike[39;49;00m[33m"[39;49;00m)[90m[39;49;00m
                            [96mself[39;49;00m._session_db.record_trade([90m[39;49;00m
                                symbol=_paper_symbol,[90m[39;49;00m
                                trade_type=_paper_side.upper(),[90m[39;49;00m
                                side=_paper_side,[90m[39;49;00m
                                quantity=_paper_qty,[90m[39;49;00m
                                price=_paper_price,[90m[39;49;00m
                                commission=[94m0.0[39;49;00m,[90m[39;49;00m
                                realized_pnl=[94m0.0[39;49;00m,[90m[39;49;00m
                                strategy=[96mstr[39;49;00m(order.get([33m"[39;49;00m[33mstrategy_id[39;49;00m[33m"[39;49;00m) [95mor[39;49;00m order.get([33m"[39;49;00m[33mstrategy[39;49;00m[33m"[39;49;00m) [95mor[39;49;00m [33m"[39;49;00m[33m"[39;49;00m),[90m[39;49;00m
                                order_id=[96mstr[39;49;00m(order_id) [94mif[39;49;00m order_id [94melse[39;49;00m [94mNone[39;49;00m,[90m[39;49;00m
                                expiration=[96mstr[39;49;00m(order.get([33m"[39;49;00m[33mexpiration[39;49;00m[33m"[39;49;00m) [95mor[39;49;00m [33m"[39;49;00m[33m"[39;49;00m) [95mor[39;49;00m [94mNone[39;49;00m,[90m[39;49;00m
                                strike=[96mfloat[39;49;00m(_strike) [94mif[39;49;00m _strike [95mnot[39;49;00m [95min[39;49;00m ([94mNone[39;49;00m, [33m"[39;49;00m[33m"[39;49;00m) [94melse[39;49;00m [94mNone[39;49;00m,[90m[39;49;00m
                                option_type=[96mstr[39;49;00m(order.get([33m"[39;49;00m[33moption_type[39;49;00m[33m"[39;49;00m) [95mor[39;49;00m [33m"[39;49;00m[33m"[39;49;00m) [95mor[39;49;00m [94mNone[39;49;00m,[90m[39;49;00m
                                notes=[33m"[39;49;00m[33mpaper fill via LiveEngine[39;49;00m[33m"[39;49;00m,[90m[39;49;00m
                            )[90m[39;49;00m
                        [94mexcept[39;49;00m [96mException[39;49;00m [94mas[39;49;00m _db_err:[90m[39;49;00m
                            [96mself[39;49;00m.logger.warning([33m"[39;49;00m[33mPaper fill DB record failed: [39;49;00m[33m%s[39;49;00m[33m"[39;49;00m, _db_err)[90m[39;49;00m
                    [90m# Fix B3: forward to PositionTracker.[39;49;00m[90m[39;49;00m
                    [94mif[39;49;00m [96mself[39;49;00m._position_tracker [95mis[39;49;00m [95mnot[39;49;00m [94mNone[39;49;00m [95mand[39;49;00m _paper_symbol [95mand[39;49;00m _paper_qty:[90m[39;49;00m
                        [94mtry[39;49;00m:[90m[39;49;00m
                            [96mself[39;49;00m._position_tracker.record_fill({[90m[39;49;00m
                                [33m"[39;49;00m[33msymbol[39;49;00m[33m"[39;49;00m: _paper_symbol,[90m[39;49;00m
                                [33m"[39;49;00m[33mside[39;49;00m[33m"[39;49;00m: _paper_side,[90m[39;49;00m
                                [33m"[39;49;00m[33mquantity[39;49;00m[33m"[39;49;00m: _paper_qty,[90m[39;49;00m
                                [33m"[39;49;00m[33mfill_price[39;49;00m[33m"[39;49;00m: _paper_price,[90m[39;49;00m
                                [33m"[39;49;00m[33morder_id[39;49;00m[33m"[39;49;00m: [96mstr[39;49;00m(order_id) [94mif[39;49;00m order_id [94melse[39;49;00m [33m"[39;49;00m[33m"[39;49;00m,[90m[39;49;00m
                            })[90m[39;49;00m
                        [94mexcept[39;49;00m [96mException[39;49;00m [94mas[39;49;00m _pt_err:[90m[39;49;00m
                            [96mself[39;49;00m.logger.warning([33m"[39;49;00m[33mPaper fill position tracker record failed: [39;49;00m[33m%s[39;49;00m[33m"[39;49;00m, _pt_err)[90m[39;49;00m
                [94melse[39;49;00m:  [90m# "partial"[39;49;00m[90m[39;49;00m
                    [96mself[39;49;00m.metrics.successful_executions += [94m1[39;49;00m[90m[39;49;00m
                    [96mself[39;49;00m._event_manager.emit([90m[39;49;00m
                        EventType.ORDER_PARTIALLY_FILLED,[90m[39;49;00m
                        {[33m"[39;49;00m[33morder_id[39;49;00m[33m"[39;49;00m: order_id, [33m"[39;49;00m[33mresult[39;49;00m[33m"[39;49;00m: result},[90m[39;49;00m
                        source=[33m"[39;49;00m[33mLiveEngine[39;49;00m[33m"[39;49;00m,[90m[39;49;00m
                    )[90m[39;49;00m
            [94melse[39;49;00m:[90m[39;49;00m
                [96mself[39;49;00m.metrics.failed_executions += [94m1[39;49;00m[90m[39;49;00m
                [96mself[39;49;00m._event_manager.emit([90m[39;49;00m
                    EventType.ORDER_REJECTED,[90m[39;49;00m
                    {[33m"[39;49;00m[33morder_id[39;49;00m[33m"[39;49;00m: order_id, [33m"[39;49;00m[33mresult[39;49;00m[33m"[39;49;00m: result},[90m[39;49;00m
                    source=[33m"[39;49;00m[33mLiveEngine[39;49;00m[33m"[39;49;00m,[90m[39;49;00m
                )[90m[39;49;00m
>           [96mself[39;49;00m._resolve_order_future(order_id, order, result)[90m[39;49;00m

[1m[31mSpyder/SpyderR_Runtime/SpyderR04_LiveEngine.py[0m:2722: 
_ _ _ _ _ _ _ _ _ _ _ _ _ _ _ _ _ _ _ _ _ _ _ _ _ _ _ _ _ _ _ _ _ _ _ _ _ _ _ _ 

self = <Spyder.SpyderR_Runtime.SpyderR04_LiveEngine.LiveEngine object at 0x7bb70b07e7b0>
order_id = 'test-001'
order = {'order_id': 'test-001', 'price': 1.5, 'quantity': 1, 'side': 'sell_to_open', ...}
result = {'status': 'accepted', 'tradier_order_id': 'PAPER-000001'}

    [0m[94mdef[39;49;00m[90m [39;49;00m[92m_resolve_order_future[39;49;00m([96mself[39;49;00m, order_id: [96mstr[39;49;00m, order: [96mdict[39;49;00m[[96mstr[39;49;00m, Any], result: [96mdict[39;49;00m[[96mstr[39;49;00m, Any]) -> [94mNone[39;49;00m:  [90m# noqa: E501[39;49;00m[90m[39;49;00m
    [90m    [39;49;00m[33m"""Store result in pending_orders and signal the associated Future.[39;49;00m
    [33m[39;49;00m
    [33m    A2 (v14): take ``_pending_orders_lock`` for the read+write, then release[39;49;00m
    [33m    before calling ``fut.set_result`` (which invokes user callbacks).[39;49;00m
    [33m    A11 (v14): ``fut.set_result`` guarded by ``not fut.done()`` so repeated[39;49;00m
    [33m    resolutions (paper broker double-fill, reconciler re-emit) are idempotent.[39;49;00m
    [33m    """[39;49;00m[90m[39;49;00m
>       [94mwith[39;49;00m [96mself[39;49;00m._pending_orders_lock:[90m[39;49;00m
             ^^^^^^^^^^^^^^^^^^^^^^^^^[90m[39;49;00m
[1m[31mE       AttributeError: 'LiveEngine' object has no attribute '_pending_orders_lock'[0m

[1m[31mSpyder/SpyderR_Runtime/SpyderR04_LiveEngine.py[0m:2874: AttributeError

[33mDuring handling of the above exception, another exception occurred:[0m

self = <Spyder.Spyder.SpyderT_Testing.SpyderT377_R04_PaperFillGaps.TestPaperFillSymbolInOrderFilledEvent object at 0x7bb7187bdbd0>

    [0m[94mdef[39;49;00m[90m [39;49;00m[92mtest_symbol_present_in_order_filled_event[39;49;00m([96mself[39;49;00m):[90m[39;49;00m
        engine = _make_engine()[90m[39;49;00m
        order = {[90m[39;49;00m
            [33m"[39;49;00m[33morder_id[39;49;00m[33m"[39;49;00m: [33m"[39;49;00m[33mtest-001[39;49;00m[33m"[39;49;00m,[90m[39;49;00m
            [33m"[39;49;00m[33msymbol[39;49;00m[33m"[39;49;00m: [33m"[39;49;00m[33mSPY231215C00500000[39;49;00m[33m"[39;49;00m,[90m[39;49;00m
            [33m"[39;49;00m[33mside[39;49;00m[33m"[39;49;00m: [33m"[39;49;00m[33msell_to_open[39;49;00m[33m"[39;49;00m,[90m[39;49;00m
            [33m"[39;49;00m[33mquantity[39;49;00m[33m"[39;49;00m: [94m1[39;49;00m,[90m[39;49;00m
            [33m"[39;49;00m[33mprice[39;49;00m[33m"[39;49;00m: [94m1.50[39;49;00m,[90m[39;49;00m
        }[90m[39;49;00m
>       engine._execute_order_internal(order)[90m[39;49;00m

[1m[31mSpyder/SpyderT_Testing/SpyderT377_R04_PaperFillGaps.py[0m:68: 
_ _ _ _ _ _ _ _ _ _ _ _ _ _ _ _ _ _ _ _ _ _ _ _ _ _ _ _ _ _ _ _ _ _ _ _ _ _ _ _ 
[1m[31mSpyder/SpyderR_Runtime/SpyderR04_LiveEngine.py[0m:2739: in _execute_order_internal
    [0m[96mself[39;49;00m._resolve_order_future(order_id, order, result)[90m[39;49;00m
_ _ _ _ _ _ _ _ _ _ _ _ _ _ _ _ _ _ _ _ _ _ _ _ _ _ _ _ _ _ _ _ _ _ _ _ _ _ _ _ 

self = <Spyder.SpyderR_Runtime.SpyderR04_LiveEngine.LiveEngine object at 0x7bb70b07e7b0>
order_id = 'test-001'
order = {'order_id': 'test-001', 'price': 1.5, 'quantity': 1, 'side': 'sell_to_open', ...}
result = {'reason': "'LiveEngine' object has no attribute '_pending_orders_lock'", 'status': 'error'}

    [0m[94mdef[39;49;00m[90m [39;49;00m[92m_resolve_order_future[39;49;00m([96mself[39;49;00m, order_id: [96mstr[39;49;00m, order: [96mdict[39;49;00m[[96mstr[39;49;00m, Any], result: [96mdict[39;49;00m[[96mstr[39;49;00m, Any]) -> [94mNone[39;49;00m:  [90m# noqa: E501[39;49;00m[90m[39;49;00m
    [90m    [39;49;00m[33m"""Store result in pending_orders and signal the associated Future.[39;49;00m
    [33m[39;49;00m
    [33m    A2 (v14): take ``_pending_orders_lock`` for the read+write, then release[39;49;00m
    [33m    before calling ``fut.set_result`` (which invokes user callbacks).[39;49;00m
    [33m    A11 (v14): ``fut.set_result`` guarded by ``not fut.done()`` so repeated[39;49;00m
    [33m    resolutions (paper broker double-fill, reconciler re-emit) are idempotent.[39;49;00m
    [33m    """[39;49;00m[90m[39;49;00m
>       [94mwith[39;49;00m [96mself[39;49;00m._pending_orders_lock:[90m[39;49;00m
             ^^^^^^^^^^^^^^^^^^^^^^^^^[90m[39;49;00m
[1m[31mE       AttributeError: 'LiveEngine' object has no attribute '_pending_orders_lock'[0m

[1m[31mSpyder/SpyderR_Runtime/SpyderR04_LiveEngine.py[0m:2874: AttributeError
----------------------------- Captured stdout call -----------------------------
2026-05-17 22:50:07,944 - test_r04_paper - ERROR - Internal order execution failed for test-001: 'LiveEngine' object has no attribute '_pending_orders_lock'
----------------------------- Captured stderr call -----------------------------
ERROR:test_r04_paper:Internal order execution failed for test-001: 'LiveEngine' object has no attribute '_pending_orders_lock'
------------------------------ Captured log call -------------------------------
[1m[31mERROR   [0m test_r04_paper:SpyderR04_LiveEngine.py:2736 Internal order execution failed for test-001: 'LiveEngine' object has no attribute '_pending_orders_lock'
[31m[1m__ TestPaperFillSymbolInOrderFilledEvent.test_empty_symbol_still_emits_event ___[0m

self = <Spyder.SpyderR_Runtime.SpyderR04_LiveEngine.LiveEngine object at 0x7bb7187bf9d0>
order = {'order_id': 'test-002', 'quantity': 1, 'side': 'sell'}

    [0m[94mdef[39;49;00m[90m [39;49;00m[92m_execute_order_internal[39;49;00m([96mself[39;49;00m, order: [96mdict[39;49;00m[[96mstr[39;49;00m, Any]) -> [94mNone[39;49;00m:[90m[39;49;00m
    [90m    [39;49;00m[33m"""Submit an order through the broker and track the result."""[39;49;00m[90m[39;49;00m
        order_id = order.get([33m"[39;49;00m[33morder_id[39;49;00m[33m"[39;49;00m)[90m[39;49;00m
        [94mtry[39;49;00m:[90m[39;49;00m
            result = [96mself[39;49;00m._broker_submit(order)[90m[39;49;00m
            [90m# Any broker round-trip that returns without a TradierServerError[39;49;00m[90m[39;49;00m
            [90m# is a successful API contact — clear the panic counter even if[39;49;00m[90m[39;49;00m
            [90m# the order itself wasn't accepted/filled.[39;49;00m[90m[39;49;00m
            [96mself[39;49;00m.reset_api_error_count()[90m[39;49;00m
            status = (result [95mor[39;49;00m {}).get([33m"[39;49;00m[33mstatus[39;49;00m[33m"[39;49;00m, [33m"[39;49;00m[33merror[39;49;00m[33m"[39;49;00m)[90m[39;49;00m
            [94mif[39;49;00m status [95min[39;49;00m ([33m"[39;49;00m[33maccepted[39;49;00m[33m"[39;49;00m, [33m"[39;49;00m[33mfilled[39;49;00m[33m"[39;49;00m, [33m"[39;49;00m[33mpartial[39;49;00m[33m"[39;49;00m):[90m[39;49;00m
                [90m# Emit ORDER_SUBMITTED on any successful broker acknowledgement.[39;49;00m[90m[39;49;00m
                [96mself[39;49;00m._event_manager.emit([90m[39;49;00m
                    EventType.ORDER_SUBMITTED,[90m[39;49;00m
                    {[90m[39;49;00m
                        [33m"[39;49;00m[33morder_id[39;49;00m[33m"[39;49;00m: order_id,[90m[39;49;00m
                        [33m"[39;49;00m[33msymbol[39;49;00m[33m"[39;49;00m: order.get([33m"[39;49;00m[33msymbol[39;49;00m[33m"[39;49;00m),[90m[39;49;00m
                        [90m# O5 (v14): propagate correlation_id for trade-chain tracing.[39;49;00m[90m[39;49;00m
                        [33m"[39;49;00m[33mcorrelation_id[39;49;00m[33m"[39;49;00m: order.get([33m"[39;49;00m[33mcorrelation_id[39;49;00m[33m"[39;49;00m),[90m[39;49;00m
                    },[90m[39;49;00m
                    source=[33m"[39;49;00m[33mLiveEngine[39;49;00m[33m"[39;49;00m,[90m[39;49;00m
                )[90m[39;49;00m
                [94mif[39;49;00m status == [33m"[39;49;00m[33maccepted[39;49;00m[33m"[39;49;00m:[90m[39;49;00m
                    [90m# Real broker returned an order-ID — hand off to the[39;49;00m[90m[39;49;00m
                    [90m# FillReconciler for ground-truth fill detection.[39;49;00m[90m[39;49;00m
                    tradier_id = (result [95mor[39;49;00m {}).get([33m"[39;49;00m[33mtradier_order_id[39;49;00m[33m"[39;49;00m)[90m[39;49;00m
                    [94mif[39;49;00m [96mself[39;49;00m._reconciler [95mis[39;49;00m [95mnot[39;49;00m [94mNone[39;49;00m [95mand[39;49;00m tradier_id:[90m[39;49;00m
                        order_type = order.get([33m"[39;49;00m[33morder_type[39;49;00m[33m"[39;49;00m, [33m"[39;49;00m[33mmarket[39;49;00m[33m"[39;49;00m).lower()[90m[39;49;00m
                        [96mself[39;49;00m._reconciler.track([90m[39;49;00m
                            [96mstr[39;49;00m(order_id), tradier_id, order_type[90m[39;49;00m
                        )[90m[39;49;00m
                    [94melse[39;49;00m:[90m[39;49;00m
                        [90m# No reconciler (paper/test env): treat acceptance as fill.[39;49;00m[90m[39;49;00m
                        [96mself[39;49;00m.metrics.successful_executions += [94m1[39;49;00m[90m[39;49;00m
                        [96mself[39;49;00m.daily_trades += [94m1[39;49;00m[90m[39;49;00m
                        [94mif[39;49;00m [96mself[39;49;00m.current_session:[90m[39;49;00m
                            [96mself[39;49;00m.current_session.trades_executed += [94m1[39;49;00m[90m[39;49;00m
                        _paper_symbol = [96mstr[39;49;00m(order.get([33m"[39;49;00m[33msymbol[39;49;00m[33m"[39;49;00m) [95mor[39;49;00m [33m"[39;49;00m[33m"[39;49;00m)[90m[39;49;00m
                        _paper_side = [96mstr[39;49;00m(order.get([33m"[39;49;00m[33mside[39;49;00m[33m"[39;49;00m) [95mor[39;49;00m [33m"[39;49;00m[33mbuy[39;49;00m[33m"[39;49;00m).lower()[90m[39;49;00m
                        _paper_qty = [96mint[39;49;00m(order.get([33m"[39;49;00m[33mquantity[39;49;00m[33m"[39;49;00m) [95mor[39;49;00m [94m0[39;49;00m)[90m[39;49;00m
                        _paper_price = [96mfloat[39;49;00m([90m[39;49;00m
                            (result [95mor[39;49;00m {}).get([33m"[39;49;00m[33mfill_price[39;49;00m[33m"[39;49;00m)[90m[39;49;00m
                            [95mor[39;49;00m (result [95mor[39;49;00m {}).get([33m"[39;49;00m[33mprice[39;49;00m[33m"[39;49;00m)[90m[39;49;00m
                            [95mor[39;49;00m order.get([33m"[39;49;00m[33mprice[39;49;00m[33m"[39;49;00m)[90m[39;49;00m
                            [95mor[39;49;00m [94m0.0[39;49;00m[90m[39;49;00m
                        )[90m[39;49;00m
                        [90m# Fix B1: include symbol so D31 _on_terminal_order_event can[39;49;00m[90m[39;49;00m
                        [90m# clear the pending entry reservation for the underlying.[39;49;00m[90m[39;49;00m
                        [96mself[39;49;00m._event_manager.emit([90m[39;49;00m
                            EventType.ORDER_FILLED,[90m[39;49;00m
                            {[33m"[39;49;00m[33morder_id[39;49;00m[33m"[39;49;00m: order_id, [33m"[39;49;00m[33mresult[39;49;00m[33m"[39;49;00m: result, [33m"[39;49;00m[33msymbol[39;49;00m[33m"[39;49;00m: _paper_symbol},[90m[39;49;00m
                            source=[33m"[39;49;00m[33mLiveEngine[39;49;00m[33m"[39;49;00m,[90m[39;49;00m
                        )[90m[39;49;00m
                        [90m# Fix B2: persist paper fill to session DB (H05) for trade records.[39;49;00m[90m[39;49;00m
                        [94mif[39;49;00m [96mself[39;49;00m._session_db [95mis[39;49;00m [95mnot[39;49;00m [94mNone[39;49;00m [95mand[39;49;00m _paper_symbol:[90m[39;49;00m
                            [94mtry[39;49;00m:[90m[39;49;00m
                                _strike = order.get([33m"[39;49;00m[33mstrike[39;49;00m[33m"[39;49;00m)[90m[39;49;00m
                                [96mself[39;49;00m._session_db.record_trade([90m[39;49;00m
                                    symbol=_paper_symbol,[90m[39;49;00m
                                    trade_type=_paper_side.upper(),[90m[39;49;00m
                                    side=_paper_side,[90m[39;49;00m
                                    quantity=_paper_qty,[90m[39;49;00m
                                    price=_paper_price,[90m[39;49;00m
                                    commission=[94m0.0[39;49;00m,[90m[39;49;00m
                                    realized_pnl=[94m0.0[39;49;00m,[90m[39;49;00m
                                    strategy=[96mstr[39;49;00m(order.get([33m"[39;49;00m[33mstrategy_id[39;49;00m[33m"[39;49;00m) [95mor[39;49;00m order.get([33m"[39;49;00m[33mstrategy[39;49;00m[33m"[39;49;00m) [95mor[39;49;00m [33m"[39;49;00m[33m"[39;49;00m),[90m[39;49;00m
                                    order_id=[96mstr[39;49;00m(order_id) [94mif[39;49;00m order_id [94melse[39;49;00m [94mNone[39;49;00m,[90m[39;49;00m
                                    expiration=[96mstr[39;49;00m(order.get([33m"[39;49;00m[33mexpiration[39;49;00m[33m"[39;49;00m) [95mor[39;49;00m [33m"[39;49;00m[33m"[39;49;00m) [95mor[39;49;00m [94mNone[39;49;00m,[90m[39;49;00m
                                    strike=[96mfloat[39;49;00m(_strike) [94mif[39;49;00m _strike [95mnot[39;49;00m [95min[39;49;00m ([94mNone[39;49;00m, [33m"[39;49;00m[33m"[39;49;00m) [94melse[39;49;00m [94mNone[39;49;00m,[90m[39;49;00m
                                    option_type=[96mstr[39;49;00m(order.get([33m"[39;49;00m[33moption_type[39;49;00m[33m"[39;49;00m) [95mor[39;49;00m [33m"[39;49;00m[33m"[39;49;00m) [95mor[39;49;00m [94mNone[39;49;00m,[90m[39;49;00m
                                    notes=[33m"[39;49;00m[33mpaper fill via LiveEngine[39;49;00m[33m"[39;49;00m,[90m[39;49;00m
                                )[90m[39;49;00m
                            [94mexcept[39;49;00m [96mException[39;49;00m [94mas[39;49;00m _db_err:[90m[39;49;00m
                                [96mself[39;49;00m.logger.warning([33m"[39;49;00m[33mPaper fill DB record failed: [39;49;00m[33m%s[39;49;00m[33m"[39;49;00m, _db_err)[90m[39;49;00m
                        [90m# Fix B3: forward paper fill to PositionTracker so active_positions[39;49;00m[90m[39;49;00m
                        [90m# stays consistent and POSITION_UPDATED events are emitted.[39;49;00m[90m[39;49;00m
                        [94mif[39;49;00m [96mself[39;49;00m._position_tracker [95mis[39;49;00m [95mnot[39;49;00m [94mNone[39;49;00m [95mand[39;49;00m _paper_symbol [95mand[39;49;00m _paper_qty:[90m[39;49;00m
                            [94mtry[39;49;00m:[90m[39;49;00m
                                [96mself[39;49;00m._position_tracker.record_fill({[90m[39;49;00m
                                    [33m"[39;49;00m[33msymbol[39;49;00m[33m"[39;49;00m: _paper_symbol,[90m[39;49;00m
                                    [33m"[39;49;00m[33mside[39;49;00m[33m"[39;49;00m: _paper_side,[90m[39;49;00m
                                    [33m"[39;49;00m[33mquantity[39;49;00m[33m"[39;49;00m: _paper_qty,[90m[39;49;00m
                                    [33m"[39;49;00m[33mfill_price[39;49;00m[33m"[39;49;00m: _paper_price,[90m[39;49;00m
                                    [33m"[39;49;00m[33morder_id[39;49;00m[33m"[39;49;00m: [96mstr[39;49;00m(order_id) [94mif[39;49;00m order_id [94melse[39;49;00m [33m"[39;49;00m[33m"[39;49;00m,[90m[39;49;00m
                                })[90m[39;49;00m
                            [94mexcept[39;49;00m [96mException[39;49;00m [94mas[39;49;00m _pt_err:[90m[39;49;00m
                                [96mself[39;49;00m.logger.warning([33m"[39;49;00m[33mPaper fill position tracker record failed: [39;49;00m[33m%s[39;49;00m[33m"[39;49;00m, _pt_err)[90m[39;49;00m
                [94melif[39;49;00m status == [33m"[39;49;00m[33mfilled[39;49;00m[33m"[39;49;00m:[90m[39;49;00m
                    [90m# Direct fill: mock / paper engine without reconciler.[39;49;00m[90m[39;49;00m
                    [96mself[39;49;00m.metrics.successful_executions += [94m1[39;49;00m[90m[39;49;00m
                    [96mself[39;49;00m.daily_trades += [94m1[39;49;00m[90m[39;49;00m
                    [94mif[39;49;00m [96mself[39;49;00m.current_session:[90m[39;49;00m
                        [96mself[39;49;00m.current_session.trades_executed += [94m1[39;49;00m[90m[39;49;00m
                    _paper_symbol = [96mstr[39;49;00m(order.get([33m"[39;49;00m[33msymbol[39;49;00m[33m"[39;49;00m) [95mor[39;49;00m [33m"[39;49;00m[33m"[39;49;00m)[90m[39;49;00m
                    _paper_side = [96mstr[39;49;00m(order.get([33m"[39;49;00m[33mside[39;49;00m[33m"[39;49;00m) [95mor[39;49;00m [33m"[39;49;00m[33mbuy[39;49;00m[33m"[39;49;00m).lower()[90m[39;49;00m
                    _paper_qty = [96mint[39;49;00m(order.get([33m"[39;49;00m[33mquantity[39;49;00m[33m"[39;49;00m) [95mor[39;49;00m [94m0[39;49;00m)[90m[39;49;00m
                    _paper_price = [96mfloat[39;49;00m([90m[39;49;00m
                        (result [95mor[39;49;00m {}).get([33m"[39;49;00m[33mfill_price[39;49;00m[33m"[39;49;00m)[90m[39;49;00m
                        [95mor[39;49;00m (result [95mor[39;49;00m {}).get([33m"[39;49;00m[33mprice[39;49;00m[33m"[39;49;00m)[90m[39;49;00m
                        [95mor[39;49;00m order.get([33m"[39;49;00m[33mprice[39;49;00m[33m"[39;49;00m)[90m[39;49;00m
                        [95mor[39;49;00m [94m0.0[39;49;00m[90m[39;49;00m
                    )[90m[39;49;00m
                    [90m# Fix B1: include symbol for pending-reservation clearing.[39;49;00m[90m[39;49;00m
                    [96mself[39;49;00m._event_manager.emit([90m[39;49;00m
                        EventType.ORDER_FILLED,[90m[39;49;00m
                        {[33m"[39;49;00m[33morder_id[39;49;00m[33m"[39;49;00m: order_id, [33m"[39;49;00m[33mresult[39;49;00m[33m"[39;49;00m: result, [33m"[39;49;00m[33msymbol[39;49;00m[33m"[39;49;00m: _paper_symbol},[90m[39;49;00m
                        source=[33m"[39;49;00m[33mLiveEngine[39;49;00m[33m"[39;49;00m,[90m[39;49;00m
                    )[90m[39;49;00m
                    [90m# Fix B2: persist to session DB.[39;49;00m[90m[39;49;00m
                    [94mif[39;49;00m [96mself[39;49;00m._session_db [95mis[39;49;00m [95mnot[39;49;00m [94mNone[39;49;00m [95mand[39;49;00m _paper_symbol:[90m[39;49;00m
                        [94mtry[39;49;00m:[90m[39;49;00m
                            _strike = order.get([33m"[39;49;00m[33mstrike[39;49;00m[33m"[39;49;00m)[90m[39;49;00m
                            [96mself[39;49;00m._session_db.record_trade([90m[39;49;00m
                                symbol=_paper_symbol,[90m[39;49;00m
                                trade_type=_paper_side.upper(),[90m[39;49;00m
                                side=_paper_side,[90m[39;49;00m
                                quantity=_paper_qty,[90m[39;49;00m
                                price=_paper_price,[90m[39;49;00m
                                commission=[94m0.0[39;49;00m,[90m[39;49;00m
                                realized_pnl=[94m0.0[39;49;00m,[90m[39;49;00m
                                strategy=[96mstr[39;49;00m(order.get([33m"[39;49;00m[33mstrategy_id[39;49;00m[33m"[39;49;00m) [95mor[39;49;00m order.get([33m"[39;49;00m[33mstrategy[39;49;00m[33m"[39;49;00m) [95mor[39;49;00m [33m"[39;49;00m[33m"[39;49;00m),[90m[39;49;00m
                                order_id=[96mstr[39;49;00m(order_id) [94mif[39;49;00m order_id [94melse[39;49;00m [94mNone[39;49;00m,[90m[39;49;00m
                                expiration=[96mstr[39;49;00m(order.get([33m"[39;49;00m[33mexpiration[39;49;00m[33m"[39;49;00m) [95mor[39;49;00m [33m"[39;49;00m[33m"[39;49;00m) [95mor[39;49;00m [94mNone[39;49;00m,[90m[39;49;00m
                                strike=[96mfloat[39;49;00m(_strike) [94mif[39;49;00m _strike [95mnot[39;49;00m [95min[39;49;00m ([94mNone[39;49;00m, [33m"[39;49;00m[33m"[39;49;00m) [94melse[39;49;00m [94mNone[39;49;00m,[90m[39;49;00m
                                option_type=[96mstr[39;49;00m(order.get([33m"[39;49;00m[33moption_type[39;49;00m[33m"[39;49;00m) [95mor[39;49;00m [33m"[39;49;00m[33m"[39;49;00m) [95mor[39;49;00m [94mNone[39;49;00m,[90m[39;49;00m
                                notes=[33m"[39;49;00m[33mpaper fill via LiveEngine[39;49;00m[33m"[39;49;00m,[90m[39;49;00m
                            )[90m[39;49;00m
                        [94mexcept[39;49;00m [96mException[39;49;00m [94mas[39;49;00m _db_err:[90m[39;49;00m
                            [96mself[39;49;00m.logger.warning([33m"[39;49;00m[33mPaper fill DB record failed: [39;49;00m[33m%s[39;49;00m[33m"[39;49;00m, _db_err)[90m[39;49;00m
                    [90m# Fix B3: forward to PositionTracker.[39;49;00m[90m[39;49;00m
                    [94mif[39;49;00m [96mself[39;49;00m._position_tracker [95mis[39;49;00m [95mnot[39;49;00m [94mNone[39;49;00m [95mand[39;49;00m _paper_symbol [95mand[39;49;00m _paper_qty:[90m[39;49;00m
                        [94mtry[39;49;00m:[90m[39;49;00m
                            [96mself[39;49;00m._position_tracker.record_fill({[90m[39;49;00m
                                [33m"[39;49;00m[33msymbol[39;49;00m[33m"[39;49;00m: _paper_symbol,[90m[39;49;00m
                                [33m"[39;49;00m[33mside[39;49;00m[33m"[39;49;00m: _paper_side,[90m[39;49;00m
                                [33m"[39;49;00m[33mquantity[39;49;00m[33m"[39;49;00m: _paper_qty,[90m[39;49;00m
                                [33m"[39;49;00m[33mfill_price[39;49;00m[33m"[39;49;00m: _paper_price,[90m[39;49;00m
                                [33m"[39;49;00m[33morder_id[39;49;00m[33m"[39;49;00m: [96mstr[39;49;00m(order_id) [94mif[39;49;00m order_id [94melse[39;49;00m [33m"[39;49;00m[33m"[39;49;00m,[90m[39;49;00m
                            })[90m[39;49;00m
                        [94mexcept[39;49;00m [96mException[39;49;00m [94mas[39;49;00m _pt_err:[90m[39;49;00m
                            [96mself[39;49;00m.logger.warning([33m"[39;49;00m[33mPaper fill position tracker record failed: [39;49;00m[33m%s[39;49;00m[33m"[39;49;00m, _pt_err)[90m[39;49;00m
                [94melse[39;49;00m:  [90m# "partial"[39;49;00m[90m[39;49;00m
                    [96mself[39;49;00m.metrics.successful_executions += [94m1[39;49;00m[90m[39;49;00m
                    [96mself[39;49;00m._event_manager.emit([90m[39;49;00m
                        EventType.ORDER_PARTIALLY_FILLED,[90m[39;49;00m
                        {[33m"[39;49;00m[33morder_id[39;49;00m[33m"[39;49;00m: order_id, [33m"[39;49;00m[33mresult[39;49;00m[33m"[39;49;00m: result},[90m[39;49;00m
                        source=[33m"[39;49;00m[33mLiveEngine[39;49;00m[33m"[39;49;00m,[90m[39;49;00m
                    )[90m[39;49;00m
            [94melse[39;49;00m:[90m[39;49;00m
                [96mself[39;49;00m.metrics.failed_executions += [94m1[39;49;00m[90m[39;49;00m
                [96mself[39;49;00m._event_manager.emit([90m[39;49;00m
                    EventType.ORDER_REJECTED,[90m[39;49;00m
                    {[33m"[39;49;00m[33morder_id[39;49;00m[33m"[39;49;00m: order_id, [33m"[39;49;00m[33mresult[39;49;00m[33m"[39;49;00m: result},[90m[39;49;00m
                    source=[33m"[39;49;00m[33mLiveEngine[39;49;00m[33m"[39;49;00m,[90m[39;49;00m
                )[90m[39;49;00m
>           [96mself[39;49;00m._resolve_order_future(order_id, order, result)[90m[39;49;00m

[1m[31mSpyder/SpyderR_Runtime/SpyderR04_LiveEngine.py[0m:2722: 
_ _ _ _ _ _ _ _ _ _ _ _ _ _ _ _ _ _ _ _ _ _ _ _ _ _ _ _ _ _ _ _ _ _ _ _ _ _ _ _ 

self = <Spyder.SpyderR_Runtime.SpyderR04_LiveEngine.LiveEngine object at 0x7bb7187bf9d0>
order_id = 'test-002'
order = {'order_id': 'test-002', 'quantity': 1, 'side': 'sell'}
result = {'status': 'accepted', 'tradier_order_id': 'PAPER-000001'}

    [0m[94mdef[39;49;00m[90m [39;49;00m[92m_resolve_order_future[39;49;00m([96mself[39;49;00m, order_id: [96mstr[39;49;00m, order: [96mdict[39;49;00m[[96mstr[39;49;00m, Any], result: [96mdict[39;49;00m[[96mstr[39;49;00m, Any]) -> [94mNone[39;49;00m:  [90m# noqa: E501[39;49;00m[90m[39;49;00m
    [90m    [39;49;00m[33m"""Store result in pending_orders and signal the associated Future.[39;49;00m
    [33m[39;49;00m
    [33m    A2 (v14): take ``_pending_orders_lock`` for the read+write, then release[39;49;00m
    [33m    before calling ``fut.set_result`` (which invokes user callbacks).[39;49;00m
    [33m    A11 (v14): ``fut.set_result`` guarded by ``not fut.done()`` so repeated[39;49;00m
    [33m    resolutions (paper broker double-fill, reconciler re-emit) are idempotent.[39;49;00m
    [33m    """[39;49;00m[90m[39;49;00m
>       [94mwith[39;49;00m [96mself[39;49;00m._pending_orders_lock:[90m[39;49;00m
             ^^^^^^^^^^^^^^^^^^^^^^^^^[90m[39;49;00m
[1m[31mE       AttributeError: 'LiveEngine' object has no attribute '_pending_orders_lock'[0m

[1m[31mSpyder/SpyderR_Runtime/SpyderR04_LiveEngine.py[0m:2874: AttributeError

[33mDuring handling of the above exception, another exception occurred:[0m

self = <Spyder.Spyder.SpyderT_Testing.SpyderT377_R04_PaperFillGaps.TestPaperFillSymbolInOrderFilledEvent object at 0x7bb7187be0d0>

    [0m[94mdef[39;49;00m[90m [39;49;00m[92mtest_empty_symbol_still_emits_event[39;49;00m([96mself[39;49;00m):[90m[39;49;00m
    [90m    [39;49;00m[33m"""Even with no symbol, the event must still fire (backward compat)."""[39;49;00m[90m[39;49;00m
        engine = _make_engine()[90m[39;49;00m
        order = {[33m"[39;49;00m[33morder_id[39;49;00m[33m"[39;49;00m: [33m"[39;49;00m[33mtest-002[39;49;00m[33m"[39;49;00m, [33m"[39;49;00m[33mside[39;49;00m[33m"[39;49;00m: [33m"[39;49;00m[33msell[39;49;00m[33m"[39;49;00m, [33m"[39;49;00m[33mquantity[39;49;00m[33m"[39;49;00m: [94m1[39;49;00m}[90m[39;49;00m
>       engine._execute_order_internal(order)[90m[39;49;00m

[1m[31mSpyder/SpyderT_Testing/SpyderT377_R04_PaperFillGaps.py[0m:87: 
_ _ _ _ _ _ _ _ _ _ _ _ _ _ _ _ _ _ _ _ _ _ _ _ _ _ _ _ _ _ _ _ _ _ _ _ _ _ _ _ 
[1m[31mSpyder/SpyderR_Runtime/SpyderR04_LiveEngine.py[0m:2739: in _execute_order_internal
    [0m[96mself[39;49;00m._resolve_order_future(order_id, order, result)[90m[39;49;00m
_ _ _ _ _ _ _ _ _ _ _ _ _ _ _ _ _ _ _ _ _ _ _ _ _ _ _ _ _ _ _ _ _ _ _ _ _ _ _ _ 

self = <Spyder.SpyderR_Runtime.SpyderR04_LiveEngine.LiveEngine object at 0x7bb7187bf9d0>
order_id = 'test-002'
order = {'order_id': 'test-002', 'quantity': 1, 'side': 'sell'}
result = {'reason': "'LiveEngine' object has no attribute '_pending_orders_lock'", 'status': 'error'}

    [0m[94mdef[39;49;00m[90m [39;49;00m[92m_resolve_order_future[39;49;00m([96mself[39;49;00m, order_id: [96mstr[39;49;00m, order: [96mdict[39;49;00m[[96mstr[39;49;00m, Any], result: [96mdict[39;49;00m[[96mstr[39;49;00m, Any]) -> [94mNone[39;49;00m:  [90m# noqa: E501[39;49;00m[90m[39;49;00m
    [90m    [39;49;00m[33m"""Store result in pending_orders and signal the associated Future.[39;49;00m
    [33m[39;49;00m
    [33m    A2 (v14): take ``_pending_orders_lock`` for the read+write, then release[39;49;00m
    [33m    before calling ``fut.set_result`` (which invokes user callbacks).[39;49;00m
    [33m    A11 (v14): ``fut.set_result`` guarded by ``not fut.done()`` so repeated[39;49;00m
    [33m    resolutions (paper broker double-fill, reconciler re-emit) are idempotent.[39;49;00m
    [33m    """[39;49;00m[90m[39;49;00m
>       [94mwith[39;49;00m [96mself[39;49;00m._pending_orders_lock:[90m[39;49;00m
             ^^^^^^^^^^^^^^^^^^^^^^^^^[90m[39;49;00m
[1m[31mE       AttributeError: 'LiveEngine' object has no attribute '_pending_orders_lock'[0m

[1m[31mSpyder/SpyderR_Runtime/SpyderR04_LiveEngine.py[0m:2874: AttributeError
----------------------------- Captured stdout call -----------------------------
2026-05-17 22:50:08,168 - test_r04_paper - ERROR - Internal order execution failed for test-002: 'LiveEngine' object has no attribute '_pending_orders_lock'
----------------------------- Captured stderr call -----------------------------
ERROR:test_r04_paper:Internal order execution failed for test-002: 'LiveEngine' object has no attribute '_pending_orders_lock'
------------------------------ Captured log call -------------------------------
[1m[31mERROR   [0m test_r04_paper:SpyderR04_LiveEngine.py:2736 Internal order execution failed for test-002: 'LiveEngine' object has no attribute '_pending_orders_lock'
[31m[1m_ TestPaperFillSymbolInOrderFilledEvent.test_symbol_present_in_direct_fill_status _[0m

self = <Spyder.SpyderR_Runtime.SpyderR04_LiveEngine.LiveEngine object at 0x7bb7187befd0>
order = {'order_id': 'test-003', 'price': 1.2, 'quantity': 1, 'side': 'sell_to_open', ...}

    [0m[94mdef[39;49;00m[90m [39;49;00m[92m_execute_order_internal[39;49;00m([96mself[39;49;00m, order: [96mdict[39;49;00m[[96mstr[39;49;00m, Any]) -> [94mNone[39;49;00m:[90m[39;49;00m
    [90m    [39;49;00m[33m"""Submit an order through the broker and track the result."""[39;49;00m[90m[39;49;00m
        order_id = order.get([33m"[39;49;00m[33morder_id[39;49;00m[33m"[39;49;00m)[90m[39;49;00m
        [94mtry[39;49;00m:[90m[39;49;00m
            result = [96mself[39;49;00m._broker_submit(order)[90m[39;49;00m
            [90m# Any broker round-trip that returns without a TradierServerError[39;49;00m[90m[39;49;00m
            [90m# is a successful API contact — clear the panic counter even if[39;49;00m[90m[39;49;00m
            [90m# the order itself wasn't accepted/filled.[39;49;00m[90m[39;49;00m
            [96mself[39;49;00m.reset_api_error_count()[90m[39;49;00m
            status = (result [95mor[39;49;00m {}).get([33m"[39;49;00m[33mstatus[39;49;00m[33m"[39;49;00m, [33m"[39;49;00m[33merror[39;49;00m[33m"[39;49;00m)[90m[39;49;00m
            [94mif[39;49;00m status [95min[39;49;00m ([33m"[39;49;00m[33maccepted[39;49;00m[33m"[39;49;00m, [33m"[39;49;00m[33mfilled[39;49;00m[33m"[39;49;00m, [33m"[39;49;00m[33mpartial[39;49;00m[33m"[39;49;00m):[90m[39;49;00m
                [90m# Emit ORDER_SUBMITTED on any successful broker acknowledgement.[39;49;00m[90m[39;49;00m
                [96mself[39;49;00m._event_manager.emit([90m[39;49;00m
                    EventType.ORDER_SUBMITTED,[90m[39;49;00m
                    {[90m[39;49;00m
                        [33m"[39;49;00m[33morder_id[39;49;00m[33m"[39;49;00m: order_id,[90m[39;49;00m
                        [33m"[39;49;00m[33msymbol[39;49;00m[33m"[39;49;00m: order.get([33m"[39;49;00m[33msymbol[39;49;00m[33m"[39;49;00m),[90m[39;49;00m
                        [90m# O5 (v14): propagate correlation_id for trade-chain tracing.[39;49;00m[90m[39;49;00m
                        [33m"[39;49;00m[33mcorrelation_id[39;49;00m[33m"[39;49;00m: order.get([33m"[39;49;00m[33mcorrelation_id[39;49;00m[33m"[39;49;00m),[90m[39;49;00m
                    },[90m[39;49;00m
                    source=[33m"[39;49;00m[33mLiveEngine[39;49;00m[33m"[39;49;00m,[90m[39;49;00m
                )[90m[39;49;00m
                [94mif[39;49;00m status == [33m"[39;49;00m[33maccepted[39;49;00m[33m"[39;49;00m:[90m[39;49;00m
                    [90m# Real broker returned an order-ID — hand off to the[39;49;00m[90m[39;49;00m
                    [90m# FillReconciler for ground-truth fill detection.[39;49;00m[90m[39;49;00m
                    tradier_id = (result [95mor[39;49;00m {}).get([33m"[39;49;00m[33mtradier_order_id[39;49;00m[33m"[39;49;00m)[90m[39;49;00m
                    [94mif[39;49;00m [96mself[39;49;00m._reconciler [95mis[39;49;00m [95mnot[39;49;00m [94mNone[39;49;00m [95mand[39;49;00m tradier_id:[90m[39;49;00m
                        order_type = order.get([33m"[39;49;00m[33morder_type[39;49;00m[33m"[39;49;00m, [33m"[39;49;00m[33mmarket[39;49;00m[33m"[39;49;00m).lower()[90m[39;49;00m
                        [96mself[39;49;00m._reconciler.track([90m[39;49;00m
                            [96mstr[39;49;00m(order_id), tradier_id, order_type[90m[39;49;00m
                        )[90m[39;49;00m
                    [94melse[39;49;00m:[90m[39;49;00m
                        [90m# No reconciler (paper/test env): treat acceptance as fill.[39;49;00m[90m[39;49;00m
                        [96mself[39;49;00m.metrics.successful_executions += [94m1[39;49;00m[90m[39;49;00m
                        [96mself[39;49;00m.daily_trades += [94m1[39;49;00m[90m[39;49;00m
                        [94mif[39;49;00m [96mself[39;49;00m.current_session:[90m[39;49;00m
                            [96mself[39;49;00m.current_session.trades_executed += [94m1[39;49;00m[90m[39;49;00m
                        _paper_symbol = [96mstr[39;49;00m(order.get([33m"[39;49;00m[33msymbol[39;49;00m[33m"[39;49;00m) [95mor[39;49;00m [33m"[39;49;00m[33m"[39;49;00m)[90m[39;49;00m
                        _paper_side = [96mstr[39;49;00m(order.get([33m"[39;49;00m[33mside[39;49;00m[33m"[39;49;00m) [95mor[39;49;00m [33m"[39;49;00m[33mbuy[39;49;00m[33m"[39;49;00m).lower()[90m[39;49;00m
                        _paper_qty = [96mint[39;49;00m(order.get([33m"[39;49;00m[33mquantity[39;49;00m[33m"[39;49;00m) [95mor[39;49;00m [94m0[39;49;00m)[90m[39;49;00m
                        _paper_price = [96mfloat[39;49;00m([90m[39;49;00m
                            (result [95mor[39;49;00m {}).get([33m"[39;49;00m[33mfill_price[39;49;00m[33m"[39;49;00m)[90m[39;49;00m
                            [95mor[39;49;00m (result [95mor[39;49;00m {}).get([33m"[39;49;00m[33mprice[39;49;00m[33m"[39;49;00m)[90m[39;49;00m
                            [95mor[39;49;00m order.get([33m"[39;49;00m[33mprice[39;49;00m[33m"[39;49;00m)[90m[39;49;00m
                            [95mor[39;49;00m [94m0.0[39;49;00m[90m[39;49;00m
                        )[90m[39;49;00m
                        [90m# Fix B1: include symbol so D31 _on_terminal_order_event can[39;49;00m[90m[39;49;00m
                        [90m# clear the pending entry reservation for the underlying.[39;49;00m[90m[39;49;00m
                        [96mself[39;49;00m._event_manager.emit([90m[39;49;00m
                            EventType.ORDER_FILLED,[90m[39;49;00m
                            {[33m"[39;49;00m[33morder_id[39;49;00m[33m"[39;49;00m: order_id, [33m"[39;49;00m[33mresult[39;49;00m[33m"[39;49;00m: result, [33m"[39;49;00m[33msymbol[39;49;00m[33m"[39;49;00m: _paper_symbol},[90m[39;49;00m
                            source=[33m"[39;49;00m[33mLiveEngine[39;49;00m[33m"[39;49;00m,[90m[39;49;00m
                        )[90m[39;49;00m
                        [90m# Fix B2: persist paper fill to session DB (H05) for trade records.[39;49;00m[90m[39;49;00m
                        [94mif[39;49;00m [96mself[39;49;00m._session_db [95mis[39;49;00m [95mnot[39;49;00m [94mNone[39;49;00m [95mand[39;49;00m _paper_symbol:[90m[39;49;00m
                            [94mtry[39;49;00m:[90m[39;49;00m
                                _strike = order.get([33m"[39;49;00m[33mstrike[39;49;00m[33m"[39;49;00m)[90m[39;49;00m
                                [96mself[39;49;00m._session_db.record_trade([90m[39;49;00m
                                    symbol=_paper_symbol,[90m[39;49;00m
                                    trade_type=_paper_side.upper(),[90m[39;49;00m
                                    side=_paper_side,[90m[39;49;00m
                                    quantity=_paper_qty,[90m[39;49;00m
                                    price=_paper_price,[90m[39;49;00m
                                    commission=[94m0.0[39;49;00m,[90m[39;49;00m
                                    realized_pnl=[94m0.0[39;49;00m,[90m[39;49;00m
                                    strategy=[96mstr[39;49;00m(order.get([33m"[39;49;00m[33mstrategy_id[39;49;00m[33m"[39;49;00m) [95mor[39;49;00m order.get([33m"[39;49;00m[33mstrategy[39;49;00m[33m"[39;49;00m) [95mor[39;49;00m [33m"[39;49;00m[33m"[39;49;00m),[90m[39;49;00m
                                    order_id=[96mstr[39;49;00m(order_id) [94mif[39;49;00m order_id [94melse[39;49;00m [94mNone[39;49;00m,[90m[39;49;00m
                                    expiration=[96mstr[39;49;00m(order.get([33m"[39;49;00m[33mexpiration[39;49;00m[33m"[39;49;00m) [95mor[39;49;00m [33m"[39;49;00m[33m"[39;49;00m) [95mor[39;49;00m [94mNone[39;49;00m,[90m[39;49;00m
                                    strike=[96mfloat[39;49;00m(_strike) [94mif[39;49;00m _strike [95mnot[39;49;00m [95min[39;49;00m ([94mNone[39;49;00m, [33m"[39;49;00m[33m"[39;49;00m) [94melse[39;49;00m [94mNone[39;49;00m,[90m[39;49;00m
                                    option_type=[96mstr[39;49;00m(order.get([33m"[39;49;00m[33moption_type[39;49;00m[33m"[39;49;00m) [95mor[39;49;00m [33m"[39;49;00m[33m"[39;49;00m) [95mor[39;49;00m [94mNone[39;49;00m,[90m[39;49;00m
                                    notes=[33m"[39;49;00m[33mpaper fill via LiveEngine[39;49;00m[33m"[39;49;00m,[90m[39;49;00m
                                )[90m[39;49;00m
                            [94mexcept[39;49;00m [96mException[39;49;00m [94mas[39;49;00m _db_err:[90m[39;49;00m
                                [96mself[39;49;00m.logger.warning([33m"[39;49;00m[33mPaper fill DB record failed: [39;49;00m[33m%s[39;49;00m[33m"[39;49;00m, _db_err)[90m[39;49;00m
                        [90m# Fix B3: forward paper fill to PositionTracker so active_positions[39;49;00m[90m[39;49;00m
                        [90m# stays consistent and POSITION_UPDATED events are emitted.[39;49;00m[90m[39;49;00m
                        [94mif[39;49;00m [96mself[39;49;00m._position_tracker [95mis[39;49;00m [95mnot[39;49;00m [94mNone[39;49;00m [95mand[39;49;00m _paper_symbol [95mand[39;49;00m _paper_qty:[90m[39;49;00m
                            [94mtry[39;49;00m:[90m[39;49;00m
                                [96mself[39;49;00m._position_tracker.record_fill({[90m[39;49;00m
                                    [33m"[39;49;00m[33msymbol[39;49;00m[33m"[39;49;00m: _paper_symbol,[90m[39;49;00m
                                    [33m"[39;49;00m[33mside[39;49;00m[33m"[39;49;00m: _paper_side,[90m[39;49;00m
                                    [33m"[39;49;00m[33mquantity[39;49;00m[33m"[39;49;00m: _paper_qty,[90m[39;49;00m
                                    [33m"[39;49;00m[33mfill_price[39;49;00m[33m"[39;49;00m: _paper_price,[90m[39;49;00m
                                    [33m"[39;49;00m[33morder_id[39;49;00m[33m"[39;49;00m: [96mstr[39;49;00m(order_id) [94mif[39;49;00m order_id [94melse[39;49;00m [33m"[39;49;00m[33m"[39;49;00m,[90m[39;49;00m
                                })[90m[39;49;00m
                            [94mexcept[39;49;00m [96mException[39;49;00m [94mas[39;49;00m _pt_err:[90m[39;49;00m
                                [96mself[39;49;00m.logger.warning([33m"[39;49;00m[33mPaper fill position tracker record failed: [39;49;00m[33m%s[39;49;00m[33m"[39;49;00m, _pt_err)[90m[39;49;00m
                [94melif[39;49;00m status == [33m"[39;49;00m[33mfilled[39;49;00m[33m"[39;49;00m:[90m[39;49;00m
                    [90m# Direct fill: mock / paper engine without reconciler.[39;49;00m[90m[39;49;00m
                    [96mself[39;49;00m.metrics.successful_executions += [94m1[39;49;00m[90m[39;49;00m
                    [96mself[39;49;00m.daily_trades += [94m1[39;49;00m[90m[39;49;00m
                    [94mif[39;49;00m [96mself[39;49;00m.current_session:[90m[39;49;00m
                        [96mself[39;49;00m.current_session.trades_executed += [94m1[39;49;00m[90m[39;49;00m
                    _paper_symbol = [96mstr[39;49;00m(order.get([33m"[39;49;00m[33msymbol[39;49;00m[33m"[39;49;00m) [95mor[39;49;00m [33m"[39;49;00m[33m"[39;49;00m)[90m[39;49;00m
                    _paper_side = [96mstr[39;49;00m(order.get([33m"[39;49;00m[33mside[39;49;00m[33m"[39;49;00m) [95mor[39;49;00m [33m"[39;49;00m[33mbuy[39;49;00m[33m"[39;49;00m).lower()[90m[39;49;00m
                    _paper_qty = [96mint[39;49;00m(order.get([33m"[39;49;00m[33mquantity[39;49;00m[33m"[39;49;00m) [95mor[39;49;00m [94m0[39;49;00m)[90m[39;49;00m
                    _paper_price = [96mfloat[39;49;00m([90m[39;49;00m
                        (result [95mor[39;49;00m {}).get([33m"[39;49;00m[33mfill_price[39;49;00m[33m"[39;49;00m)[90m[39;49;00m
                        [95mor[39;49;00m (result [95mor[39;49;00m {}).get([33m"[39;49;00m[33mprice[39;49;00m[33m"[39;49;00m)[90m[39;49;00m
                        [95mor[39;49;00m order.get([33m"[39;49;00m[33mprice[39;49;00m[33m"[39;49;00m)[90m[39;49;00m
                        [95mor[39;49;00m [94m0.0[39;49;00m[90m[39;49;00m
                    )[90m[39;49;00m
                    [90m# Fix B1: include symbol for pending-reservation clearing.[39;49;00m[90m[39;49;00m
                    [96mself[39;49;00m._event_manager.emit([90m[39;49;00m
                        EventType.ORDER_FILLED,[90m[39;49;00m
                        {[33m"[39;49;00m[33morder_id[39;49;00m[33m"[39;49;00m: order_id, [33m"[39;49;00m[33mresult[39;49;00m[33m"[39;49;00m: result, [33m"[39;49;00m[33msymbol[39;49;00m[33m"[39;49;00m: _paper_symbol},[90m[39;49;00m
                        source=[33m"[39;49;00m[33mLiveEngine[39;49;00m[33m"[39;49;00m,[90m[39;49;00m
                    )[90m[39;49;00m
                    [90m# Fix B2: persist to session DB.[39;49;00m[90m[39;49;00m
                    [94mif[39;49;00m [96mself[39;49;00m._session_db [95mis[39;49;00m [95mnot[39;49;00m [94mNone[39;49;00m [95mand[39;49;00m _paper_symbol:[90m[39;49;00m
                        [94mtry[39;49;00m:[90m[39;49;00m
                            _strike = order.get([33m"[39;49;00m[33mstrike[39;49;00m[33m"[39;49;00m)[90m[39;49;00m
                            [96mself[39;49;00m._session_db.record_trade([90m[39;49;00m
                                symbol=_paper_symbol,[90m[39;49;00m
                                trade_type=_paper_side.upper(),[90m[39;49;00m
                                side=_paper_side,[90m[39;49;00m
                                quantity=_paper_qty,[90m[39;49;00m
                                price=_paper_price,[90m[39;49;00m
                                commission=[94m0.0[39;49;00m,[90m[39;49;00m
                                realized_pnl=[94m0.0[39;49;00m,[90m[39;49;00m
                                strategy=[96mstr[39;49;00m(order.get([33m"[39;49;00m[33mstrategy_id[39;49;00m[33m"[39;49;00m) [95mor[39;49;00m order.get([33m"[39;49;00m[33mstrategy[39;49;00m[33m"[39;49;00m) [95mor[39;49;00m [33m"[39;49;00m[33m"[39;49;00m),[90m[39;49;00m
                                order_id=[96mstr[39;49;00m(order_id) [94mif[39;49;00m order_id [94melse[39;49;00m [94mNone[39;49;00m,[90m[39;49;00m
                                expiration=[96mstr[39;49;00m(order.get([33m"[39;49;00m[33mexpiration[39;49;00m[33m"[39;49;00m) [95mor[39;49;00m [33m"[39;49;00m[33m"[39;49;00m) [95mor[39;49;00m [94mNone[39;49;00m,[90m[39;49;00m
                                strike=[96mfloat[39;49;00m(_strike) [94mif[39;49;00m _strike [95mnot[39;49;00m [95min[39;49;00m ([94mNone[39;49;00m, [33m"[39;49;00m[33m"[39;49;00m) [94melse[39;49;00m [94mNone[39;49;00m,[90m[39;49;00m
                                option_type=[96mstr[39;49;00m(order.get([33m"[39;49;00m[33moption_type[39;49;00m[33m"[39;49;00m) [95mor[39;49;00m [33m"[39;49;00m[33m"[39;49;00m) [95mor[39;49;00m [94mNone[39;49;00m,[90m[39;49;00m
                                notes=[33m"[39;49;00m[33mpaper fill via LiveEngine[39;49;00m[33m"[39;49;00m,[90m[39;49;00m
                            )[90m[39;49;00m
                        [94mexcept[39;49;00m [96mException[39;49;00m [94mas[39;49;00m _db_err:[90m[39;49;00m
                            [96mself[39;49;00m.logger.warning([33m"[39;49;00m[33mPaper fill DB record failed: [39;49;00m[33m%s[39;49;00m[33m"[39;49;00m, _db_err)[90m[39;49;00m
                    [90m# Fix B3: forward to PositionTracker.[39;49;00m[90m[39;49;00m
                    [94mif[39;49;00m [96mself[39;49;00m._position_tracker [95mis[39;49;00m [95mnot[39;49;00m [94mNone[39;49;00m [95mand[39;49;00m _paper_symbol [95mand[39;49;00m _paper_qty:[90m[39;49;00m
                        [94mtry[39;49;00m:[90m[39;49;00m
                            [96mself[39;49;00m._position_tracker.record_fill({[90m[39;49;00m
                                [33m"[39;49;00m[33msymbol[39;49;00m[33m"[39;49;00m: _paper_symbol,[90m[39;49;00m
                                [33m"[39;49;00m[33mside[39;49;00m[33m"[39;49;00m: _paper_side,[90m[39;49;00m
                                [33m"[39;49;00m[33mquantity[39;49;00m[33m"[39;49;00m: _paper_qty,[90m[39;49;00m
                                [33m"[39;49;00m[33mfill_price[39;49;00m[33m"[39;49;00m: _paper_price,[90m[39;49;00m
                                [33m"[39;49;00m[33morder_id[39;49;00m[33m"[39;49;00m: [96mstr[39;49;00m(order_id) [94mif[39;49;00m order_id [94melse[39;49;00m [33m"[39;49;00m[33m"[39;49;00m,[90m[39;49;00m
                            })[90m[39;49;00m
                        [94mexcept[39;49;00m [96mException[39;49;00m [94mas[39;49;00m _pt_err:[90m[39;49;00m
                            [96mself[39;49;00m.logger.warning([33m"[39;49;00m[33mPaper fill position tracker record failed: [39;49;00m[33m%s[39;49;00m[33m"[39;49;00m, _pt_err)[90m[39;49;00m
                [94melse[39;49;00m:  [90m# "partial"[39;49;00m[90m[39;49;00m
                    [96mself[39;49;00m.metrics.successful_executions += [94m1[39;49;00m[90m[39;49;00m
                    [96mself[39;49;00m._event_manager.emit([90m[39;49;00m
                        EventType.ORDER_PARTIALLY_FILLED,[90m[39;49;00m
                        {[33m"[39;49;00m[33morder_id[39;49;00m[33m"[39;49;00m: order_id, [33m"[39;49;00m[33mresult[39;49;00m[33m"[39;49;00m: result},[90m[39;49;00m
                        source=[33m"[39;49;00m[33mLiveEngine[39;49;00m[33m"[39;49;00m,[90m[39;49;00m
                    )[90m[39;49;00m
            [94melse[39;49;00m:[90m[39;49;00m
                [96mself[39;49;00m.metrics.failed_executions += [94m1[39;49;00m[90m[39;49;00m
                [96mself[39;49;00m._event_manager.emit([90m[39;49;00m
                    EventType.ORDER_REJECTED,[90m[39;49;00m
                    {[33m"[39;49;00m[33morder_id[39;49;00m[33m"[39;49;00m: order_id, [33m"[39;49;00m[33mresult[39;49;00m[33m"[39;49;00m: result},[90m[39;49;00m
                    source=[33m"[39;49;00m[33mLiveEngine[39;49;00m[33m"[39;49;00m,[90m[39;49;00m
                )[90m[39;49;00m
>           [96mself[39;49;00m._resolve_order_future(order_id, order, result)[90m[39;49;00m

[1m[31mSpyder/SpyderR_Runtime/SpyderR04_LiveEngine.py[0m:2722: 
_ _ _ _ _ _ _ _ _ _ _ _ _ _ _ _ _ _ _ _ _ _ _ _ _ _ _ _ _ _ _ _ _ _ _ _ _ _ _ _ 

self = <Spyder.SpyderR_Runtime.SpyderR04_LiveEngine.LiveEngine object at 0x7bb7187befd0>
order_id = 'test-003'
order = {'order_id': 'test-003', 'price': 1.2, 'quantity': 1, 'side': 'sell_to_open', ...}
result = {'fill_price': 1.5, 'status': 'filled'}

    [0m[94mdef[39;49;00m[90m [39;49;00m[92m_resolve_order_future[39;49;00m([96mself[39;49;00m, order_id: [96mstr[39;49;00m, order: [96mdict[39;49;00m[[96mstr[39;49;00m, Any], result: [96mdict[39;49;00m[[96mstr[39;49;00m, Any]) -> [94mNone[39;49;00m:  [90m# noqa: E501[39;49;00m[90m[39;49;00m
    [90m    [39;49;00m[33m"""Store result in pending_orders and signal the associated Future.[39;49;00m
    [33m[39;49;00m
    [33m    A2 (v14): take ``_pending_orders_lock`` for the read+write, then release[39;49;00m
    [33m    before calling ``fut.set_result`` (which invokes user callbacks).[39;49;00m
    [33m    A11 (v14): ``fut.set_result`` guarded by ``not fut.done()`` so repeated[39;49;00m
    [33m    resolutions (paper broker double-fill, reconciler re-emit) are idempotent.[39;49;00m
    [33m    """[39;49;00m[90m[39;49;00m
>       [94mwith[39;49;00m [96mself[39;49;00m._pending_orders_lock:[90m[39;49;00m
             ^^^^^^^^^^^^^^^^^^^^^^^^^[90m[39;49;00m
[...]
Spyder/SpyderE_Risk/SpyderE08_PositionGroupValidator.py                     454    303    150      0  25.00%   40-42, 48-60, 222, 226-244, 247, 251-284, 288-307, 311-337, 343, 347-381, 384, 391-420, 423, 427-449, 453-456, 489-520, 527-585, 590-602, 619-694, 710-720, 734-746, 753-774, 778-797, 801-806, 810-836, 841-868, 873-894, 900-924, 928-934, 941-943, 948-950, 954-955, 959-961, 979
Spyder/SpyderU_Utilities/SpyderU44_ShutdownCoordinator.py                    58     40     14      0  25.00%   68-74, 83, 92, 110-114, 118-119, 131-159, 163, 177-181
Spyder/SpyderE_Risk/SpyderE04_DrawdownControl.py                            366    246    110      0  25.21%   40-42, 48-49, 202-246, 261-293, 302-341, 353-356, 368-387, 394, 408-411, 415-442, 446-460, 467-497, 501-520, 524-540, 548-609, 617-637, 641-666, 673-689, 710-719, 723-724, 736-738, 745-750, 765-777, 781, 785, 789-795, 802-810, 814-818, 822-830, 846
Spyder/SpyderR_Runtime/SpyderR02_PaperEngine.py                             354    247     68      0  25.36%   189-218, 231-247, 256-274, 291-323, 335-354, 366-422, 434-460, 468-506, 510, 514, 522-545, 549-566, 570-571, 579, 583, 587-602, 615-635, 643-653, 657-666, 670-680, 688-711, 715, 720, 724, 732, 745-755, 772, 776
Spyder/SpyderH_Storage/SpyderH04_TradeRepository.py                         344    228    110      0  25.55%   40-45, 49-50, 196-214, 220-260, 264-267, 279-289, 293-333, 345-349, 353-361, 365, 414-418, 429-443, 447-472, 483-531, 543-555, 567-578, 593-627, 646-651, 670-675, 687, 702-716, 728-752, 756-763
Spyder/SpyderH_Storage/SpyderH07_PerformanceAnalytics.py                    368    247    102      0  25.74%   42-47, 215-223, 229, 233, 254-287, 316-327, 335-353, 362-483, 529-537, 541-564, 574-610, 620-626, 633-683, 702-714, 718-734, 738-811, 815-842
Spyder/SpyderF_Analysis/SpyderF02_PriceAction.py                            333    222     94      0  26.00%   114, 119, 124, 129, 134-136, 141, 146, 201-219, 223-242, 261-305, 314-365, 376-413, 417-431, 451-453, 463-476, 482-507, 513-592, 598-603, 609-629, 637, 645, 653, 662, 671-679, 687-701, 705-724, 730-732, 737-739, 747-768, 772-777
Spyder/SpyderA_Core/SpyderA05_EventManager.py                               670    457    148      0  26.04%   87-91, 204-210, 231, 236-253, 257, 272, 330-334, 338, 342-343, 347, 351, 355, 359, 364-380, 425, 436-495, 499-506, 513-542, 546-552, 564-618, 633-750, 754, 761-788, 792-822, 827-882, 886-909, 918-919, 926-967, 971-995, 999-1020, 1044-1064, 1069-1087, 1101-1137, 1152-1191, 1209-1219, 1227, 1232, 1248-1257, 1262, 1266-1292, 1296-1297, 1313-1321, 1325, 1329, 1354-1364, 1376-1381, 1388-1393, 1480, 1484-1486, 1490-1495, 1501-1505, 1509
Spyder/SpyderC_MarketData/SpyderC05_VolumeProfile.py                        411    280     92      0  26.04%   113-115, 120, 135, 205-238, 250-268, 272-280, 284-286, 290-291, 306-328, 332-345, 354-377, 384-396, 403-416, 420-426, 433-455, 466-485, 489-529, 538-556, 560-602, 606-648, 655-656, 660-661, 665-672, 676-694, 698-702, 706-720, 727-728, 732-733, 737, 741, 745-746, 750-753, 757-759, 763-766, 770-783, 790-806, 824-826
Spyder/SpyderE_Risk/SpyderE09_VolatilityRiskManager.py                      449    296    134      0  26.24%   40-42, 48-49, 56-58, 239-285, 300-351, 363-391, 404-457, 465-516, 533-565, 579-632, 649-658, 662-673, 677-690, 697-702, 706-726, 730-738, 742-762, 767-777, 781-788, 795-823, 827-834, 838-880, 896-904, 908-915, 927-928, 944-952, 956-960, 964-983, 988-989, 1004
Spyder/SpyderL_ML/SpyderL19_RLTrainingPipeline.py                           264    183     48      1  26.28%   53-64, 181-205, 239-262, 293-305, 314, 328, 368-489, 519-586, 611-626, 630, 646-653, 669-681, 688, 692, 701-708, 728-732, 739-741, 745-753, 758-760, 765-773, 793-795
Spyder/SpyderU_Utilities/SpyderU27_SystemOptimizer.py                       180    126     24      0  26.47%   37-38, 112-117, 129-187, 196-239, 248-292, 301-315, 322, 326-345, 349-370, 374-391, 395-411, 426, 435-436, 452-454
Spyder/SpyderC_MarketData/SpyderC08_SPYFeed.py                              431    289    102      0  26.64%   63-65, 68-72, 76-78, 84-86, 89-93, 99-100, 246-293, 305-320, 324-334, 338-341, 350-374, 383-391, 400, 409-421, 425, 429, 436-477, 481-495, 499-504, 508-526, 533-561, 565-622, 626-673, 677-694, 698-723, 727-752, 756-770, 776-829, 836-858, 862-876
Spyder/SpyderH_Storage/SpyderH03_MarketDataCache.py                         258    174     54      0  26.92%   40-45, 111, 115-116, 133-134, 164-185, 192-199, 203-204, 208-221, 230-233, 237, 241-242, 246-272, 290-312, 329-350, 362-363, 373-374, 391-392, 408-410, 427-429, 445-447, 459-460, 474-475, 496-498, 518-520, 532-539, 551-562, 574-585, 589-593, 605-613, 622-624, 644-647, 651-663, 667-672, 676, 680
Spyder/SpyderC_MarketData/SpyderC29_DataProviderRouter.py                    62     41     14      0  27.63%   38-39, 63-73, 104-108, 117, 126-128, 136-138, 148-153, 157-208, 251-253
Spyder/SpyderU_Utilities/SpyderU02_ErrorHandler.py                          349    222    108      0  27.79%   56-58, 63, 155-158, 165, 174, 181, 188, 195, 290-291, 319-345, 358-387, 404-445, 452-467, 475-486, 490-498, 506-524, 528-535, 540-550, 555-563, 570-606, 612-641, 648-674, 683-703, 709-725, 729-746, 753-757, 761, 767, 771, 778-779, 799-804, 838-864, 878-882, 888-889
Spyder/SpyderE_Risk/SpyderE22_KernelRegression.py                           264    176     52      0  27.85%   77-81, 182, 196-199, 213-216, 230-233, 281-302, 324-396, 415-435, 449-459, 473-479, 499-515, 532-556, 576-588, 606-609, 626-661, 681-709, 728-737, 746-749, 780-796
Spyder/SpyderR_Runtime/SpyderR06_PaperTradingHarness.py                     370    247     66      0  28.21%   69-72, 165, 170, 193, 198, 240, 260-264, 268, 281-284, 296-303, 320-333, 337, 350-360, 364-367, 402-411, 425-435, 449-451, 469-527, 594-621, 637-662, 677-751, 767-772, 791-798, 810-852, 861, 874-877, 901-902, 906, 910, 926-941, 972-1012
Spyder/SpyderF_Analysis/SpyderF14_MarketMicrostructure.py                   691    467    100      0  28.32%   50-52, 180-182, 198, 218-226, 230-233, 237-252, 387-388, 422-462, 477-501, 510-527, 536-548, 565-587, 601-624, 638-654, 673-740, 777-850, 882-894, 910-966, 985-1090, 1102-1146, 1153-1161, 1165-1172, 1176-1183, 1187-1206, 1210-1218, 1222-1247, 1251-1264, 1274-1293, 1300-1340, 1355-1358, 1365-1536
Spyder/SpyderC_MarketData/SpyderC19_AfterHoursDataManager.py                314    203     72      0  28.76%   128-130, 152-155, 203-226, 238-263, 267-282, 297-313, 325-326, 338-342, 357-426, 443-457, 469-479, 491, 500-501, 510-511, 524-540, 556-559, 576-601, 608-615, 619-636, 640-645, 652-684, 688-712, 727, 736-737, 746-747, 768-773
Spyder/SpyderU_Utilities/SpyderU13_TechnicalIndicators.py                   254    174     18      0  29.41%   112, 185-216, 239-253, 273-283, 307-325, 346-373, 396-411, 432-440, 454-467, 483-487, 500-504, 517-525, 538-550, 570-580, 593-605, 620-636, 648-669, 688-689, 710-711, 728-729, 747-749
Spyder/SpyderC_MarketData/SpyderC02_HistoricalData.py                       383    250     68      0  29.49%   226, 273-311, 324-346, 350-368, 396-455, 467, 479-512, 533-579, 587-609, 613-663, 672-699, 714-715, 719-739, 743-755, 762-780, 788-790, 794-825, 829-862, 866-884, 892-894, 898-912, 926-930
Spyder/SpyderU_Utilities/SpyderU05_NetworkUtils.py                          184    121     26      0  30.00%   40, 155-166, 186-198, 214-251, 263-290, 302-323, 338-358, 365-369, 373-385, 395-399, 403-416, 431-432, 446-447, 459-460, 476-478
Spyder/SpyderD_Strategies/SpyderD28_VIXHedging.py                           385    240     94      0  30.27%   59-62, 68-70, 148, 152, 156, 160, 163, 191, 222-224, 227, 259, 262, 288, 291, 346-362, 384-434, 438-451, 460-478, 484-493, 498, 502, 542-584, 602-626, 635-647, 655-666, 676-688, 700-709, 719-736, 762-798, 830-863, 867-869, 887-913, 934-974, 984-994, 1000-1002, 1006-1017, 1025-1031
Spyder/SpyderE_Risk/SpyderE14_KellyPositionSizer.py                         202    130     32      0  30.77%   75-79, 194-211, 218-229, 251-309, 336-414, 435-503, 525-538, 550-555, 576-583, 615-634
Spyder/SpyderE_Risk/SpyderE19_UnifiedRiskCoordinator.py                     430    272     74      0  31.35%   71-76, 85-87, 92, 101-103, 200, 249, 297-300, 306-310, 315-328, 333-346, 350-358, 362-363, 367-368, 392-439, 446-478, 498-563, 568-631, 637-675, 681-740, 744-766, 770-810, 838-847, 851-906, 910, 946-951, 968-971, 988-993, 1010-1011, 1015-1017, 1057, 1067-1069
Spyder/SpyderH_Storage/SpyderH02_DatabaseManager.py                         324    207     46      0  31.62%   61-63, 185-209, 217-223, 227-401, 405-434, 438-443, 451-457, 462-466, 475-478, 482-509, 518-542, 546-574, 582-599, 603-614, 622-651, 659-695, 715-729, 737-755, 759-764, 768-772, 776-799, 808-810, 815-821, 834-836, 847-851, 859
Spyder/SpyderU_Utilities/SpyderU12_AgentIntegration.py                      207    125     52      0  31.66%   51-52, 115-119, 122, 156-163, 167, 170, 216-218, 232-247, 251-256, 264-269, 273-285, 289-300, 317-331, 339-342, 346-349, 357-358, 362-363, 367-373, 377-380, 384-397, 406-407, 410-411, 425-428
Spyder/SpyderU_Utilities/SpyderU22_ETTimeDisplay.py                          40     25      6      0  32.61%   59-71, 80, 89-92, 107-108, 112-120, 130-132
Spyder/SpyderD_Strategies/SpyderD01_BaseStrategy.py                         389    232     80      0  33.48%   159-160, 164-177, 227-231, 235-245, 262-271, 295-332, 368-405, 472-494, 498-522, 526-531, 535-540, 553-575, 589-636, 650-680, 688, 706, 710, 714-715, 729, 734-744, 748-773, 779-782, 786-796, 816, 820-823, 827-833, 838-855, 861, 869-873, 896-906, 922-924, 935-939, 944
Spyder/SpyderU_Utilities/SpyderU14_OptionStrategies.py                      237    147     28      0  33.96%   99, 104, 109, 114, 119-120, 138, 143, 148, 182-185, 213-240, 255-273, 292-327, 363-392, 419-448, 477-522, 549-580, 587-592, 596-601, 605-610, 626-668, 675-686, 690-699, 703-712, 716-723, 727, 744-746, 771-772
Spyder/SpyderE_Risk/SpyderE07_ProbabilisticSharpe.py                        180    105     34      0  35.05%   54-60, 167-170, 198-249, 277-313, 347-377, 415-460, 478-491, 495-498, 502-505, 522-544, 548, 561, 573, 585, 613-614, 630-631
Spyder/SpyderU_Utilities/SpyderU43_CorrelationLogger.py                     102     61     14      1  36.21%   59, 67-69, 102, 107, 112, 117, 122, 132, 142, 152, 194-207, 229-233, 286-289, 297-319, 356-405
Spyder/SpyderU_Utilities/SpyderU41_CircuitBreaker.py                        140     79     28      1  36.90%   134-166, 170-179, 183-195, 202-206, 210-215, 219-228, 232-235, 247-251, 256, 261, 266, 271, 275-280, 286-289, 293-294, 330-341, 361->363
Spyder/SpyderU_Utilities/SpyderU24_StyleManager.py                          186     97     38      1  40.18%   33, 43-44, 52, 160-175, 180-189, 193, 246, 519-524, 528, 532-550, 554, 558-589, 593-598, 602-607, 611-616, 623-627, 631-632, 639, 643, 647, 663-665, 669-670, 674-675, 679-680, 687-713
Spyder/SpyderB_Broker/SpyderB15_PrometheusMetrics.py                        565    307     76      2  40.56%   54-56, 61-63, 70-76, 80-84, 89-97, 403->718, 409-410, 418-705, 728-750, 754-755, 759-760, 764-770, 774-777, 781-794, 798-807, 812-838, 842, 846, 850, 854-856, 872-889, 893-909, 913-917, 921-931, 935-947, 962-983, 987-1032, 1036-1050, 1054-1078, 1082, 1086-1099, 1103-1129, 1133-1160, 1164-1181, 1186, 1190-1195, 1199, 1203-1220, 1234-1235, 1249-1250, 1263-1264, 1278-1279, 1293-1294, 1313-1318, 1322-1325, 1341, 1353, 1364, 1378, 1390, 1461-1463
Spyder/SpyderU_Utilities/SpyderU40_RateLimiter.py                            94     48     22      2  41.38%   50-51, 63-69, 81-90, 94-102, 133-137, 159, 171-174, 178-179, 238-239, 251-257, 266-274, 309, 313, 318-324, 333
Spyder/SpyderH_Storage/SpyderH08_TradeJournal.py                            142     78      8      0  42.67%   203-214, 218-271, 283-333, 360-391, 395-409, 413-428, 437-476, 480, 525-527
Spyder/SpyderC_MarketData/SpyderC00_MarketDataProtocol.py                   108     51     14      0  46.72%   39-40, 81, 86, 91-92, 220-247, 251, 260, 264, 283-317, 321-323, 327-328, 333, 362-365, 385-386, 399-403
Spyder/SpyderU_Utilities/SpyderU04_Encryption.py                             63     29      6      1  50.72%   61-66, 89, 97-100, 104, 111-112, 116, 120-121, 125-128, 132, 136-139, 149, 154-157, 162, 167
Spyder/SpyderB_Broker/SpyderB00_OrderTypes.py                               393    148     88      0  50.94%   107, 112, 124-128, 280-282, 287-289, 293-311, 327, 433, 438-459, 470-502, 507, 512, 517, 522, 527-535, 539-565, 569-584, 588, 608-612, 617-664, 677-683, 688, 693, 698, 724, 744-748, 757, 769, 782, 795, 808, 824-855, 868-887
Spyder/SpyderU_Utilities/SpyderU48_Money.py                                  52     22     10      2  51.61%   26, 28, 43, 46, 49, 52, 55, 59-61, 67-71, 74, 77, 80, 83, 86, 91, 94
Spyder/SpyderI_Integration/SpyderI12_ModuleRegistry.py                       69     30      4      0  53.42%   49-50, 73, 77-81, 358, 371-372, 380, 384, 389, 393, 397, 405, 409, 417-422, 429, 432, 445-447, 452
Spyder/SpyderU_Utilities/SpyderU09_DataTypes.py                             294     95     30      0  61.42%   150-151, 156-158, 163-165, 170-173, 177, 211-214, 219-222, 227, 231, 268-270, 275, 280, 285, 289, 324, 329-334, 339, 343-345, 349, 377, 405, 409, 445-448, 468-479, 495-511, 528-539, 554-567, 579-590, 606-607, 622-623, 639-641, 668-672
Spyder/SpyderU_Utilities/SpyderU17_LLMUtils.py                               20      6      2      0  63.64%   40, 45, 50, 80-82
Spyder/SpyderU_Utilities/SpyderU01_Logger.py                                 44     11     14      3  65.52%   43, 59-66, 76->82, 87-95
Spyder/SpyderU_Utilities/SpyderU45_RetryWithBackoff.py                       23      4      2      0  76.00%   80-83
Spyder/SpyderF_Analysis/SpyderF00_AnalysisProtocol.py                        69      8      0      0  88.41%   52-53, 124, 129, 133, 178, 183, 187
Spyder/SpyderU_Utilities/SpyderU49_SymbolCatalog.py                          74      9     26      2  89.00%   152, 167, 169->163, 188, 197, 206, 219-230
Spyder/SpyderI_Integration/SpyderI10_DiagnosticsEngine_Types.py             229     14      8      0  90.72%   379, 392-399, 412-419, 432-441
Spyder/SpyderD_Strategies/SpyderD00_StrategyConstants.py                     96      5      2      0  92.86%   272, 309-312
Spyder/SpyderE_Risk/SpyderE00_RiskProtocol.py                                46      2      0      0  95.65%   49-50
Spyder/SpyderU_Utilities/SpyderU07_Constants.py                             309     10     14      4  95.67%   581, 594, 607-608, 612, 615, 717-718, 740-756
----------------------------------------------------------------------------------------------------------------------
TOTAL                                                                     89010  67940  23570     36  18.79%
Coverage HTML written to dir htmlcov
Coverage XML written to file coverage.xml
[31m[1mFAIL Required test coverage of 60% not reached. Total coverage: 18.79%
[0m============================= slowest 10 durations =============================
0.01s setup    Spyder/SpyderT_Testing/SpyderT377_R04_PaperFillGaps.py::TestPaperFillPositionTracker::test_position_tracker_not_called_when_none
0.01s setup    Spyder/SpyderT_Testing/SpyderT376_D31_PaperFailClosedGuard.py::TestPaperFailClosedSelectorReason::test_non_iron_condor_always_passes
0.01s setup    Spyder/SpyderT_Testing/SpyderT377_R04_PaperFillGaps.py::TestPaperFillH05Persistence::test_record_trade_called_on_paper_accepted
0.00s setup    Spyder/SpyderT_Testing/SpyderT377_R04_PaperFillGaps.py::TestPaperFillPositionTracker::test_position_tracker_not_called_for_rejected_order
0.00s setup    Spyder/SpyderT_Testing/SpyderT377_R04_PaperFillGaps.py::TestPaperFillPositionTracker::test_position_tracker_called_on_direct_fill_status
0.00s setup    Spyder/SpyderT_Testing/SpyderT377_R04_PaperFillGaps.py::TestPaperFillPositionTracker::test_position_tracker_called_on_paper_accepted
0.00s setup    Spyder/SpyderT_Testing/SpyderT377_R04_PaperFillGaps.py::TestPaperFillH05Persistence::test_record_trade_called_on_paper_direct_fill
0.00s setup    Spyder/SpyderT_Testing/SpyderT377_R04_PaperFillGaps.py::TestPaperFillH05Persistence::test_record_trade_strike_none_when_missing
0.00s setup    Spyder/SpyderT_Testing/SpyderT377_R04_PaperFillGaps.py::TestPaperFillSymbolInOrderFilledEvent::test_symbol_present_in_direct_fill_status
0.00s setup    Spyder/SpyderT_Testing/SpyderT377_R04_PaperFillGaps.py::TestPaperFillH05Persistence::test_record_trade_not_called_for_rejected_order
[36m[1m=========================== short test summary info ============================[0m
[31mFAILED[0m Spyder/SpyderT_Testing/SpyderT377_R04_PaperFillGaps.py::[1mTestPaperFillSymbolInOrderFilledEvent::test_symbol_present_in_order_filled_event[0m - AttributeError: 'LiveEngine' object has no attribute '_pending_orders_lock'
[31mFAILED[0m Spyder/SpyderT_Testing/SpyderT377_R04_PaperFillGaps.py::[1mTestPaperFillSymbolInOrderFilledEvent::test_empty_symbol_still_emits_event[0m - AttributeError: 'LiveEngine' object has no attribute '_pending_orders_lock'
[31mFAILED[0m Spyder/SpyderT_Testing/SpyderT377_R04_PaperFillGaps.py::[1mTestPaperFillSymbolInOrderFilledEvent::test_symbol_present_in_direct_fill_status[0m - AttributeError: 'LiveEngine' object has no attribute '_pending_orders_lock'
[31mFAILED[0m Spyder/SpyderT_Testing/SpyderT377_R04_PaperFillGaps.py::[1mTestPaperFillH05Persistence::test_record_trade_called_on_paper_accepted[0m - AttributeError: 'LiveEngine' object has no attribute '_pending_orders_lock'
[31mFAILED[0m Spyder/SpyderT_Testing/SpyderT377_R04_PaperFillGaps.py::[1mTestPaperFillH05Persistence::test_record_trade_called_on_paper_direct_fill[0m - AttributeError: 'LiveEngine' object has no attribute '_pending_orders_lock'
[31mFAILED[0m Spyder/SpyderT_Testing/SpyderT377_R04_PaperFillGaps.py::[1mTestPaperFillH05Persistence::test_record_trade_not_called_when_no_session_db[0m - AttributeError: 'LiveEngine' object has no attribute '_pending_orders_lock'
[31mFAILED[0m Spyder/SpyderT_Testing/SpyderT377_R04_PaperFillGaps.py::[1mTestPaperFillH05Persistence::test_record_trade_not_called_for_rejected_order[0m - AttributeError: 'LiveEngine' object has no attribute '_pending_orders_lock'
[31mFAILED[0m Spyder/SpyderT_Testing/SpyderT377_R04_PaperFillGaps.py::[1mTestPaperFillH05Persistence::test_record_trade_strike_none_when_missing[0m - AttributeError: 'LiveEngine' object has no attribute '_pending_orders_lock'
[31mFAILED[0m Spyder/SpyderT_Testing/SpyderT377_R04_PaperFillGaps.py::[1mTestPaperFillPositionTracker::test_position_tracker_called_on_paper_accepted[0m - AttributeError: 'LiveEngine' object has no attribute '_pending_orders_lock'
[31mFAILED[0m Spyder/SpyderT_Testing/SpyderT377_R04_PaperFillGaps.py::[1mTestPaperFillPositionTracker::test_position_tracker_called_on_direct_fill_status[0m - AttributeError: 'LiveEngine' object has no attribute '_pending_orders_lock'
[31mFAILED[0m Spyder/SpyderT_Testing/SpyderT377_R04_PaperFillGaps.py::[1mTestPaperFillPositionTracker::test_position_tracker_not_called_when_none[0m - AttributeError: 'LiveEngine' object has no attribute '_pending_orders_lock'
[31mFAILED[0m Spyder/SpyderT_Testing/SpyderT377_R04_PaperFillGaps.py::[1mTestPaperFillPositionTracker::test_position_tracker_not_called_for_zero_quantity[0m - AttributeError: 'LiveEngine' object has no attribute '_pending_orders_lock'
[31mFAILED[0m Spyder/SpyderT_Testing/SpyderT377_R04_PaperFillGaps.py::[1mTestPaperFillPositionTracker::test_position_tracker_not_called_for_rejected_order[0m - AttributeError: 'LiveEngine' object has no attribute '_pending_orders_lock'
[31m======================== [31m[1m13 failed[0m, [32m11 passed[0m[31m in 42.90s[0m[31m ========================[0m
