[1m============================= test session starts ==============================[0m
platform linux -- Python 3.13.7, pytest-9.0.3, pluggy-1.6.0
rootdir: /home/adam/Projects/Spyder
configfile: pytest.ini
plugins: langsmith-0.8.0, anyio-4.12.1, asyncio-1.3.0, cov-7.0.0, timeout-2.4.0, dash-3.2.0
asyncio: mode=Mode.AUTO, debug=False, asyncio_default_fixture_loop_scope=None, asyncio_default_test_loop_scope=function
timeout: 300.0s
timeout method: signal
timeout func_only: False

[1m----------------------------- live log collection ------------------------------[0m
2026-05-15 22:37:00 [[32m    INFO[0m] SpyderG_GUI components loaded: 0
2026-05-15 22:37:00 [[32m    INFO[0m] SpyderB_Broker package initialized (v5.0.0) - Tradier integration
2026-05-15 22:37:00 [[32m    INFO[0m] Loaded 7/7 modules
2026-05-15 22:37:01 [[32m    INFO[0m] 🔌 SpyderI_Integration v1.0.0
2026-05-15 22:37:01 [[32m    INFO[0m] ✅ 5/5 modules available
2026-05-15 22:37:01 [[32m    INFO[0m] 🚀 All integration modules loaded successfully
2026-05-15 22:37:03 [[32m    INFO[0m] 🧮 SpyderV_QuantModels v1.0.0
2026-05-15 22:37:03 [[32m    INFO[0m] ✅ 9/9 modules available
2026-05-15 22:37:03 [[32m    INFO[0m] 🚀 All quantitative model modules loaded successfully
2026-05-15 22:37:04 [[32m    INFO[0m] Using device: cpu
2026-05-15 22:37:07 [[32m    INFO[0m] ✅ Signal Info Dialog module available
2026-05-15 22:37:07 [[32m    INFO[0m] ✅ Risk Parameters Dialog module available
2026-05-15 22:37:07 [[32m    INFO[0m] ⚠️ Prometheus metrics collector not available - using simulation
2026-05-15 22:37:07 [[32m    INFO[0m] ✅ Circuit Breaker Monitor available
2026-05-15 22:37:07 [[32m    INFO[0m] ✅ Strategy Constants Module Loaded - 23 exports available
2026-05-15 22:37:07 [[32m    INFO[0m] TechnicalIndicators initialized
2026-05-15 22:37:08 [[32m    INFO[0m] Optional AI agents unavailable: 1
2026-05-15 22:37:09 [[32m    INFO[0m] SpyderX_Agents package initialized (v1.0.0)
2026-05-15 22:37:09 [[32m    INFO[0m] Available AI agents: ['greeks', 'flow', 'strategy_director', 'ml_research', 'execution', 'performance', 'alerts', 'quant_models', 'sentiment', 'system_health', 'market_analysis', 'orchestrator', 'strategy_generator', 'meta_coordinator']
2026-05-15 22:37:10 [[32m    INFO[0m] ✅ QWebEngineView available for Plotly embedding
2026-05-15 22:37:10 [[32m    INFO[0m] ✅ Plotly available for financial charting
2026-05-15 22:37:10 [[32m    INFO[0m] ✅ SpyderG_GUI package initialized (v3.0.1)
collected 63 items

Spyder/SpyderT_Testing/SpyderT116_RSeries.py::TestR04LiveTradingConfig::test_close_positions_on_emergency_can_be_set_true [32mPASSED[0m[32m [  1%][0m
Spyder/SpyderT_Testing/SpyderT116_RSeries.py::TestR04LiveTradingConfig::test_close_positions_on_emergency_field_exists [32mPASSED[0m[32m [  3%][0m
Spyder/SpyderT_Testing/SpyderT116_RSeries.py::TestR04LiveEngineInstantiation::test_config_stored_on_engine 
[1m-------------------------------- live log call ---------------------------------[0m
2026-05-15 22:37:10 [[32m    INFO[0m] Event database initialized
2026-05-15 22:37:10 [[32m    INFO[0m] EventManager initialized
2026-05-15 22:37:10 [[32m    INFO[0m] Handler _on_reconciler_fill_f792c264 subscribed to order_filled
2026-05-15 22:37:10 [[32m    INFO[0m] Handler _on_reconciler_partial_fill_b5509d81 subscribed to order_partially_filled
2026-05-15 22:37:10 [[32m    INFO[0m] Handler _on_kill_switch_5c94836e subscribed to kill_switch
2026-05-15 22:37:10 [[32m    INFO[0m] Handler _on_emergency_bridge_a8a32b60 subscribed to emergency
2026-05-15 22:37:10 [[32m    INFO[0m] Handler _on_order_terminal_event_f8df85b7 subscribed to order_cancelled
2026-05-15 22:37:10 [[32m    INFO[0m] Handler _on_order_terminal_event_62adcc3f subscribed to order_expired
2026-05-15 22:37:10 [[32m    INFO[0m] Handler _on_order_terminal_event_14843abb subscribed to order_rejected
2026-05-15 22:37:10 [[32m    INFO[0m] Handler _on_order_orphaned_f264027a subscribed to order_orphaned
2026-05-15 22:37:10 [[32m    INFO[0m] Handler _on_order_un_orphaned_1324f739 subscribed to order_un_orphaned
2026-05-15 22:37:10 [[32m    INFO[0m] Handler _on_position_updated_6d5f9908 subscribed to position_updated
2026-05-15 22:37:10 [[32m    INFO[0m] Encryption initialized
2026-05-15 22:37:10 [[32m    INFO[0m] Loaded regime policy from: /home/adam/Projects/Spyder/config/regime_policy.json
2026-05-15 22:37:10 [[32m    INFO[0m] Loaded agent handoff policy from: /home/adam/Projects/Spyder/config/agent_handoff_policy.json
2026-05-15 22:37:10 [[32m    INFO[0m] Autonomous readiness startup report | mode=live ok=True warnings=0 errors=0
2026-05-15 22:37:10 [[32m    INFO[0m] Configuration validation passed
2026-05-15 22:37:10 [[32m    INFO[0m] All configurations loaded successfully
2026-05-15 22:37:10 [[32m    INFO[0m] Configuration file monitoring started
2026-05-15 22:37:10 [[32m    INFO[0m] ConfigManager initialized for environment: production
[32mPASSED[0m[32m                                                                   [  4%][0m
Spyder/SpyderT_Testing/SpyderT116_RSeries.py::TestR04LiveEngineInstantiation::test_instantiation_sets_initial_state 
[1m-------------------------------- live log call ---------------------------------[0m
2026-05-15 22:37:10 [[32m    INFO[0m] Handler _on_reconciler_fill_352e13d2 subscribed to order_filled
2026-05-15 22:37:10 [[32m    INFO[0m] Handler _on_reconciler_partial_fill_c7f46b00 subscribed to order_partially_filled
2026-05-15 22:37:10 [[32m    INFO[0m] Handler _on_kill_switch_a3319201 subscribed to kill_switch
2026-05-15 22:37:10 [[32m    INFO[0m] Handler _on_emergency_bridge_93cc4317 subscribed to emergency
2026-05-15 22:37:10 [[32m    INFO[0m] Handler _on_order_terminal_event_21a8d10e subscribed to order_cancelled
2026-05-15 22:37:10 [[32m    INFO[0m] Handler _on_order_terminal_event_d2b76b67 subscribed to order_expired
2026-05-15 22:37:10 [[32m    INFO[0m] Handler _on_order_terminal_event_bf7e3dda subscribed to order_rejected
2026-05-15 22:37:10 [[32m    INFO[0m] Handler _on_order_orphaned_59d5ba03 subscribed to order_orphaned
2026-05-15 22:37:10 [[32m    INFO[0m] Handler _on_order_un_orphaned_05149dab subscribed to order_un_orphaned
2026-05-15 22:37:10 [[32m    INFO[0m] Handler _on_position_updated_c43fb43a subscribed to position_updated
[32mPASSED[0m[32m                                                                   [  6%][0m
Spyder/SpyderT_Testing/SpyderT116_RSeries.py::TestR04EmergencyStop::test_emergency_stop_drains_order_queue 
[1m-------------------------------- live log call ---------------------------------[0m
2026-05-15 22:37:10 [[32m    INFO[0m] Handler _on_reconciler_fill_e79f649d subscribed to order_filled
2026-05-15 22:37:10 [[32m    INFO[0m] Handler _on_reconciler_partial_fill_6bfa9f4b subscribed to order_partially_filled
2026-05-15 22:37:10 [[32m    INFO[0m] Handler _on_kill_switch_b0cc7bfb subscribed to kill_switch
2026-05-15 22:37:10 [[32m    INFO[0m] Handler _on_emergency_bridge_0e965cd0 subscribed to emergency
2026-05-15 22:37:10 [[32m    INFO[0m] Handler _on_order_terminal_event_bb019ee5 subscribed to order_cancelled
2026-05-15 22:37:10 [[32m    INFO[0m] Handler _on_order_terminal_event_f75dcd79 subscribed to order_expired
2026-05-15 22:37:10 [[32m    INFO[0m] Handler _on_order_terminal_event_2846c74f subscribed to order_rejected
2026-05-15 22:37:10 [[32m    INFO[0m] Handler _on_order_orphaned_aa8c3e27 subscribed to order_orphaned
2026-05-15 22:37:10 [[32m    INFO[0m] Handler _on_order_un_orphaned_34e8081b subscribed to order_un_orphaned
2026-05-15 22:37:10 [[32m    INFO[0m] Handler _on_position_updated_c465bf02 subscribed to position_updated
2026-05-15 22:37:10 [[31mCRITICAL[0m] EMERGENCY STOP INITIATED: drain test
2026-05-15 22:37:10 [[32m    INFO[0m] Stopping live trading: Emergency: drain test
2026-05-15 22:37:10 [[33m WARNING[0m] Not in trading state: ExecutionState.INITIALIZED
2026-05-15 22:37:10 [[31mCRITICAL[0m] EMERGENCY ALERT — trading halted: drain test
[32mPASSED[0m[32m                                                                   [  7%][0m
Spyder/SpyderT_Testing/SpyderT116_RSeries.py::TestR04EmergencyStop::test_emergency_stop_returns_true 
[1m-------------------------------- live log call ---------------------------------[0m
2026-05-15 22:37:10 [[32m    INFO[0m] Handler _on_reconciler_fill_75f9e8fa subscribed to order_filled
2026-05-15 22:37:10 [[32m    INFO[0m] Handler _on_reconciler_partial_fill_6f77ca35 subscribed to order_partially_filled
2026-05-15 22:37:10 [[32m    INFO[0m] Handler _on_kill_switch_9e61f9fa subscribed to kill_switch
2026-05-15 22:37:10 [[32m    INFO[0m] Handler _on_emergency_bridge_f258ca76 subscribed to emergency
2026-05-15 22:37:10 [[32m    INFO[0m] Handler _on_order_terminal_event_bbc614ce subscribed to order_cancelled
2026-05-15 22:37:10 [[32m    INFO[0m] Handler _on_order_terminal_event_113ae26d subscribed to order_expired
2026-05-15 22:37:10 [[32m    INFO[0m] Handler _on_order_terminal_event_d5c3dd75 subscribed to order_rejected
2026-05-15 22:37:10 [[32m    INFO[0m] Handler _on_order_orphaned_e4574609 subscribed to order_orphaned
2026-05-15 22:37:10 [[32m    INFO[0m] Handler _on_order_un_orphaned_e0d55186 subscribed to order_un_orphaned
2026-05-15 22:37:10 [[32m    INFO[0m] Handler _on_position_updated_450695cb subscribed to position_updated
2026-05-15 22:37:10 [[31mCRITICAL[0m] EMERGENCY STOP INITIATED: return test
2026-05-15 22:37:10 [[32m    INFO[0m] Stopping live trading: Emergency: return test
2026-05-15 22:37:10 [[33m WARNING[0m] Not in trading state: ExecutionState.INITIALIZED
2026-05-15 22:37:10 [[31mCRITICAL[0m] EMERGENCY ALERT — trading halted: return test
[32mPASSED[0m[32m                                                                   [  9%][0m
Spyder/SpyderT_Testing/SpyderT116_RSeries.py::TestR04EmergencyStop::test_emergency_stop_sets_emergency_flag 
[1m-------------------------------- live log call ---------------------------------[0m
2026-05-15 22:37:10 [[32m    INFO[0m] Handler _on_reconciler_fill_1dfc5f58 subscribed to order_filled
2026-05-15 22:37:10 [[32m    INFO[0m] Handler _on_reconciler_partial_fill_d626ac90 subscribed to order_partially_filled
2026-05-15 22:37:10 [[32m    INFO[0m] Handler _on_kill_switch_5a88ddf6 subscribed to kill_switch
2026-05-15 22:37:10 [[32m    INFO[0m] Handler _on_emergency_bridge_10c13652 subscribed to emergency
2026-05-15 22:37:10 [[32m    INFO[0m] Handler _on_order_terminal_event_ca80af0c subscribed to order_cancelled
2026-05-15 22:37:10 [[32m    INFO[0m] Handler _on_order_terminal_event_1143f514 subscribed to order_expired
2026-05-15 22:37:10 [[32m    INFO[0m] Handler _on_order_terminal_event_87dca50e subscribed to order_rejected
2026-05-15 22:37:10 [[32m    INFO[0m] Handler _on_order_orphaned_97ae2700 subscribed to order_orphaned
2026-05-15 22:37:10 [[32m    INFO[0m] Handler _on_order_un_orphaned_4e04a732 subscribed to order_un_orphaned
2026-05-15 22:37:10 [[32m    INFO[0m] Handler _on_position_updated_e86b660f subscribed to position_updated
2026-05-15 22:37:10 [[31mCRITICAL[0m] EMERGENCY STOP INITIATED: unit test
2026-05-15 22:37:10 [[32m    INFO[0m] Stopping live trading: Emergency: unit test
2026-05-15 22:37:10 [[33m WARNING[0m] Not in trading state: ExecutionState.INITIALIZED
2026-05-15 22:37:10 [[31mCRITICAL[0m] EMERGENCY ALERT — trading halted: unit test
[32mPASSED[0m[32m                                                                   [ 11%][0m
Spyder/SpyderT_Testing/SpyderT116_RSeries.py::TestR04EmergencyStop::test_emergency_stop_with_close_calls_close_position 
[1m-------------------------------- live log call ---------------------------------[0m
2026-05-15 22:37:10 [[32m    INFO[0m] Handler _on_reconciler_fill_1972e9df subscribed to order_filled
2026-05-15 22:37:10 [[32m    INFO[0m] Handler _on_reconciler_partial_fill_439d6ab0 subscribed to order_partially_filled
2026-05-15 22:37:10 [[32m    INFO[0m] Handler _on_kill_switch_615636f9 subscribed to kill_switch
2026-05-15 22:37:10 [[32m    INFO[0m] Handler _on_emergency_bridge_ea0cf8df subscribed to emergency
2026-05-15 22:37:10 [[32m    INFO[0m] Handler _on_order_terminal_event_a5bb23fe subscribed to order_cancelled
2026-05-15 22:37:10 [[32m    INFO[0m] Handler _on_order_terminal_event_c71b4951 subscribed to order_expired
2026-05-15 22:37:10 [[32m    INFO[0m] Handler _on_order_terminal_event_f7d96769 subscribed to order_rejected
2026-05-15 22:37:10 [[32m    INFO[0m] Handler _on_order_orphaned_1a513523 subscribed to order_orphaned
2026-05-15 22:37:10 [[32m    INFO[0m] Handler _on_order_un_orphaned_a73ba8d8 subscribed to order_un_orphaned
2026-05-15 22:37:10 [[32m    INFO[0m] Handler _on_position_updated_24f2417c subscribed to position_updated
2026-05-15 22:37:10 [[31mCRITICAL[0m] EMERGENCY STOP INITIATED: close test
2026-05-15 22:37:10 [[31mCRITICAL[0m] EMERGENCY: closing all active positions
2026-05-15 22:37:10 [[32m    INFO[0m] Emergency-closed position: SPY
2026-05-15 22:37:10 [[32m    INFO[0m] Stopping live trading: Emergency: close test
2026-05-15 22:37:10 [[33m WARNING[0m] Not in trading state: ExecutionState.INITIALIZED
2026-05-15 22:37:10 [[31mCRITICAL[0m] EMERGENCY ALERT — trading halted: close test
[32mPASSED[0m[32m                                                                   [ 12%][0m
Spyder/SpyderT_Testing/SpyderT116_RSeries.py::TestR04EmergencyStop::test_emergency_stop_without_close_does_not_call_close_position 
[1m-------------------------------- live log call ---------------------------------[0m
2026-05-15 22:37:10 [[32m    INFO[0m] Handler _on_reconciler_fill_54f58d93 subscribed to order_filled
2026-05-15 22:37:10 [[32m    INFO[0m] Handler _on_reconciler_partial_fill_b6f72802 subscribed to order_partially_filled
2026-05-15 22:37:10 [[32m    INFO[0m] Handler _on_kill_switch_37806f35 subscribed to kill_switch
2026-05-15 22:37:10 [[32m    INFO[0m] Handler _on_emergency_bridge_fa62ecac subscribed to emergency
2026-05-15 22:37:10 [[32m    INFO[0m] Handler _on_order_terminal_event_45629ca1 subscribed to order_cancelled
2026-05-15 22:37:10 [[32m    INFO[0m] Handler _on_order_terminal_event_7cc45939 subscribed to order_expired
2026-05-15 22:37:10 [[32m    INFO[0m] Handler _on_order_terminal_event_f9a8811e subscribed to order_rejected
2026-05-15 22:37:10 [[32m    INFO[0m] Handler _on_order_orphaned_82bc2a39 subscribed to order_orphaned
2026-05-15 22:37:10 [[32m    INFO[0m] Handler _on_order_un_orphaned_4601af7e subscribed to order_un_orphaned
2026-05-15 22:37:10 [[32m    INFO[0m] Handler _on_position_updated_a79ee102 subscribed to position_updated
2026-05-15 22:37:10 [[31mCRITICAL[0m] EMERGENCY STOP INITIATED: no-close test
2026-05-15 22:37:10 [[32m    INFO[0m] Stopping live trading: Emergency: no-close test
2026-05-15 22:37:10 [[33m WARNING[0m] Not in trading state: ExecutionState.INITIALIZED
2026-05-15 22:37:10 [[31mCRITICAL[0m] EMERGENCY ALERT — trading halted: no-close test
[32mPASSED[0m[32m                                                                   [ 14%][0m
Spyder/SpyderT_Testing/SpyderT116_RSeries.py::TestR04ExecuteOrderRejections::test_a02_preflight_gate_passes_with_gates_only_mode 
[1m-------------------------------- live log call ---------------------------------[0m
2026-05-15 22:37:10 [[32m    INFO[0m] Handler _on_reconciler_fill_0444a911 subscribed to order_filled
2026-05-15 22:37:10 [[32m    INFO[0m] Handler _on_reconciler_partial_fill_4b8d4f03 subscribed to order_partially_filled
2026-05-15 22:37:10 [[32m    INFO[0m] Handler _on_kill_switch_2e3c284a subscribed to kill_switch
2026-05-15 22:37:10 [[32m    INFO[0m] Handler _on_emergency_bridge_f85904be subscribed to emergency
2026-05-15 22:37:10 [[32m    INFO[0m] Handler _on_order_terminal_event_1232ecb5 subscribed to order_cancelled
2026-05-15 22:37:10 [[32m    INFO[0m] Handler _on_order_terminal_event_1410c27e subscribed to order_expired
2026-05-15 22:37:10 [[32m    INFO[0m] Handler _on_order_terminal_event_956623a8 subscribed to order_rejected
2026-05-15 22:37:10 [[32m    INFO[0m] Handler _on_order_orphaned_7109961b subscribed to order_orphaned
2026-05-15 22:37:10 [[32m    INFO[0m] Handler _on_order_un_orphaned_b552c844 subscribed to order_un_orphaned
2026-05-15 22:37:10 [[32m    INFO[0m] Handler _on_position_updated_e0dc877e subscribed to position_updated
[32mPASSED[0m[32m                                                                   [ 15%][0m
Spyder/SpyderT_Testing/SpyderT116_RSeries.py::TestR04ExecuteOrderRejections::test_rejected_when_a02_preflight_gate_blocks 
[1m-------------------------------- live log call ---------------------------------[0m
2026-05-15 22:37:10 [[32m    INFO[0m] Handler _on_reconciler_fill_9a7d87dd subscribed to order_filled
2026-05-15 22:37:10 [[32m    INFO[0m] Handler _on_reconciler_partial_fill_c8bd01eb subscribed to order_partially_filled
2026-05-15 22:37:10 [[32m    INFO[0m] Handler _on_kill_switch_2176b149 subscribed to kill_switch
2026-05-15 22:37:10 [[32m    INFO[0m] Handler _on_emergency_bridge_78652391 subscribed to emergency
2026-05-15 22:37:10 [[32m    INFO[0m] Handler _on_order_terminal_event_a89a25dc subscribed to order_cancelled
2026-05-15 22:37:10 [[32m    INFO[0m] Handler _on_order_terminal_event_6971f8bf subscribed to order_expired
2026-05-15 22:37:10 [[32m    INFO[0m] Handler _on_order_terminal_event_bd10db97 subscribed to order_rejected
2026-05-15 22:37:10 [[32m    INFO[0m] Handler _on_order_orphaned_b8e0c1e8 subscribed to order_orphaned
2026-05-15 22:37:10 [[32m    INFO[0m] Handler _on_order_un_orphaned_9b6b98c2 subscribed to order_un_orphaned
2026-05-15 22:37:10 [[32m    INFO[0m] Handler _on_position_updated_118a8697 subscribed to position_updated
2026-05-15 22:37:10 [[33m WARNING[0m] Live engine A02 gate blocked order: data_gate:stale_quote
[32mPASSED[0m[32m                                                                   [ 17%][0m
Spyder/SpyderT_Testing/SpyderT116_RSeries.py::TestR04ExecuteOrderRejections::test_rejected_when_daily_trade_limit_reached 
[1m-------------------------------- live log call ---------------------------------[0m
2026-05-15 22:37:10 [[32m    INFO[0m] Handler _on_reconciler_fill_098e7293 subscribed to order_filled
2026-05-15 22:37:10 [[32m    INFO[0m] Handler _on_reconciler_partial_fill_3747d7e9 subscribed to order_partially_filled
2026-05-15 22:37:10 [[32m    INFO[0m] Handler _on_kill_switch_81c1aa13 subscribed to kill_switch
2026-05-15 22:37:10 [[32m    INFO[0m] Handler _on_emergency_bridge_fe0e371f subscribed to emergency
2026-05-15 22:37:10 [[32m    INFO[0m] Handler _on_order_terminal_event_57339fb9 subscribed to order_cancelled
2026-05-15 22:37:10 [[32m    INFO[0m] Handler _on_order_terminal_event_2e4a55bd subscribed to order_expired
2026-05-15 22:37:10 [[32m    INFO[0m] Handler _on_order_terminal_event_89fd7604 subscribed to order_rejected
2026-05-15 22:37:10 [[32m    INFO[0m] Handler _on_order_orphaned_c9c83dab subscribed to order_orphaned
2026-05-15 22:37:10 [[32m    INFO[0m] Handler _on_order_un_orphaned_0ee5f658 subscribed to order_un_orphaned
2026-05-15 22:37:10 [[32m    INFO[0m] Handler _on_position_updated_d55f2bc7 subscribed to position_updated
[32mPASSED[0m[32m                                                                   [ 19%][0m
Spyder/SpyderT_Testing/SpyderT116_RSeries.py::TestR04ExecuteOrderRejections::test_rejected_when_not_in_trading_state 
[1m-------------------------------- live log call ---------------------------------[0m
2026-05-15 22:37:10 [[32m    INFO[0m] Handler _on_reconciler_fill_187973f0 subscribed to order_filled
2026-05-15 22:37:10 [[32m    INFO[0m] Handler _on_reconciler_partial_fill_412abc2f subscribed to order_partially_filled
2026-05-15 22:37:10 [[32m    INFO[0m] Handler _on_kill_switch_707ac958 subscribed to kill_switch
2026-05-15 22:37:10 [[32m    INFO[0m] Handler _on_emergency_bridge_b8aea8f6 subscribed to emergency
2026-05-15 22:37:10 [[32m    INFO[0m] Handler _on_order_terminal_event_c35b24c3 subscribed to order_cancelled
2026-05-15 22:37:10 [[32m    INFO[0m] Handler _on_order_terminal_event_989c16e4 subscribed to order_expired
2026-05-15 22:37:10 [[32m    INFO[0m] Handler _on_order_terminal_event_9a2de818 subscribed to order_rejected
2026-05-15 22:37:10 [[32m    INFO[0m] Handler _on_order_orphaned_251d587a subscribed to order_orphaned
2026-05-15 22:37:10 [[32m    INFO[0m] Handler _on_order_un_orphaned_e5493cb6 subscribed to order_un_orphaned
2026-05-15 22:37:10 [[32m    INFO[0m] Handler _on_position_updated_cb9ef3c7 subscribed to position_updated
[32mPASSED[0m[32m                                                                   [ 20%][0m
Spyder/SpyderT_Testing/SpyderT116_RSeries.py::TestR04ExecuteOrderRejections::test_rejected_when_position_size_too_large 
[1m-------------------------------- live log call ---------------------------------[0m
2026-05-15 22:37:10 [[32m    INFO[0m] Handler _on_reconciler_fill_5d914c0f subscribed to order_filled
2026-05-15 22:37:10 [[32m    INFO[0m] Handler _on_reconciler_partial_fill_b764cc5d subscribed to order_partially_filled
2026-05-15 22:37:10 [[32m    INFO[0m] Handler _on_kill_switch_bc746162 subscribed to kill_switch
2026-05-15 22:37:10 [[32m    INFO[0m] Handler _on_emergency_bridge_38e17fac subscribed to emergency
2026-05-15 22:37:10 [[32m    INFO[0m] Handler _on_order_terminal_event_76c559bb subscribed to order_cancelled
2026-05-15 22:37:10 [[32m    INFO[0m] Handler _on_order_terminal_event_c25187e0 subscribed to order_expired
2026-05-15 22:37:10 [[32m    INFO[0m] Handler _on_order_terminal_event_7611f6a2 subscribed to order_rejected
2026-05-15 22:37:10 [[32m    INFO[0m] Handler _on_order_orphaned_78e12452 subscribed to order_orphaned
2026-05-15 22:37:10 [[32m    INFO[0m] Handler _on_order_un_orphaned_0b337f09 subscribed to order_un_orphaned
2026-05-15 22:37:10 [[32m    INFO[0m] Handler _on_position_updated_28746554 subscribed to position_updated
[32mPASSED[0m[32m                                                                   [ 22%][0m
Spyder/SpyderT_Testing/SpyderT116_RSeries.py::TestR04VerifyConnectionExceptionHandling::test_verify_account_access_propagates_keyboard_interrupt 
[1m-------------------------------- live log call ---------------------------------[0m
2026-05-15 22:37:10 [[32m    INFO[0m] Handler _on_reconciler_fill_f3d2a9f3 subscribed to order_filled
2026-05-15 22:37:10 [[32m    INFO[0m] Handler _on_reconciler_partial_fill_f7fe28f1 subscribed to order_partially_filled
2026-05-15 22:37:10 [[32m    INFO[0m] Handler _on_kill_switch_14cfc8df subscribed to kill_switch
2026-05-15 22:37:10 [[32m    INFO[0m] Handler _on_emergency_bridge_2901e61a subscribed to emergency
2026-05-15 22:37:10 [[32m    INFO[0m] Handler _on_order_terminal_event_f96d4ac7 subscribed to order_cancelled
2026-05-15 22:37:10 [[32m    INFO[0m] Handler _on_order_terminal_event_efa52bb4 subscribed to order_expired
2026-05-15 22:37:10 [[32m    INFO[0m] Handler _on_order_terminal_event_7b3e3fd4 subscribed to order_rejected
2026-05-15 22:37:10 [[32m    INFO[0m] Handler _on_order_orphaned_cd138071 subscribed to order_orphaned
2026-05-15 22:37:10 [[32m    INFO[0m] Handler _on_order_un_orphaned_8787a317 subscribed to order_un_orphaned
2026-05-15 22:37:10 [[32m    INFO[0m] Handler _on_position_updated_980dc5a8 subscribed to position_updated
[32mPASSED[0m[32m                                                                   [ 23%][0m
Spyder/SpyderT_Testing/SpyderT116_RSeries.py::TestR04VerifyConnectionExceptionHandling::test_verify_account_access_returns_false_on_exception 
[1m-------------------------------- live log call ---------------------------------[0m
2026-05-15 22:37:10 [[32m    INFO[0m] Handler _on_reconciler_fill_9f864fef subscribed to order_filled
2026-05-15 22:37:10 [[32m    INFO[0m] Handler _on_reconciler_partial_fill_3602bdfe subscribed to order_partially_filled
2026-05-15 22:37:10 [[32m    INFO[0m] Handler _on_kill_switch_b0b89edd subscribed to kill_switch
2026-05-15 22:37:10 [[32m    INFO[0m] Handler _on_emergency_bridge_c5322d42 subscribed to emergency
2026-05-15 22:37:10 [[32m    INFO[0m] Handler _on_order_terminal_event_a05d67f8 subscribed to order_cancelled
2026-05-15 22:37:10 [[32m    INFO[0m] Handler _on_order_terminal_event_c519c12f subscribed to order_expired
2026-05-15 22:37:10 [[32m    INFO[0m] Handler _on_order_terminal_event_62eb5385 subscribed to order_rejected
2026-05-15 22:37:10 [[32m    INFO[0m] Handler _on_order_orphaned_6079906d subscribed to order_orphaned
2026-05-15 22:37:10 [[32m    INFO[0m] Handler _on_order_un_orphaned_ee699aad subscribed to order_un_orphaned
2026-05-15 22:37:10 [[32m    INFO[0m] Handler _on_position_updated_ed1920f2 subscribed to position_updated
[32mPASSED[0m[32m                                                                   [ 25%][0m
Spyder/SpyderT_Testing/SpyderT116_RSeries.py::TestR04VerifyConnectionExceptionHandling::test_verify_broker_connection_propagates_keyboard_interrupt 
[1m-------------------------------- live log call ---------------------------------[0m
2026-05-15 22:37:10 [[32m    INFO[0m] Handler _on_reconciler_fill_2cda7e47 subscribed to order_filled
2026-05-15 22:37:10 [[32m    INFO[0m] Handler _on_reconciler_partial_fill_cc66acd6 subscribed to order_partially_filled
2026-05-15 22:37:10 [[32m    INFO[0m] Handler _on_kill_switch_f7a754c6 subscribed to kill_switch
2026-05-15 22:37:10 [[32m    INFO[0m] Handler _on_emergency_bridge_b57e2403 subscribed to emergency
2026-05-15 22:37:10 [[32m    INFO[0m] Handler _on_order_terminal_event_5aa8d1b1 subscribed to order_cancelled
2026-05-15 22:37:10 [[32m    INFO[0m] Handler _on_order_terminal_event_80fb3849 subscribed to order_expired
2026-05-15 22:37:10 [[32m    INFO[0m] Handler _on_order_terminal_event_1dd7f163 subscribed to order_rejected
2026-05-15 22:37:10 [[32m    INFO[0m] Handler _on_order_orphaned_23a3b9f3 subscribed to order_orphaned
2026-05-15 22:37:10 [[32m    INFO[0m] Handler _on_order_un_orphaned_81fb00b2 subscribed to order_un_orphaned
2026-05-15 22:37:10 [[32m    INFO[0m] Handler _on_position_updated_cd69231e subscribed to position_updated
[32mPASSED[0m[32m                                                                   [ 26%][0m
Spyder/SpyderT_Testing/SpyderT116_RSeries.py::TestR04VerifyConnectionExceptionHandling::test_verify_broker_connection_returns_false_on_exception 
[1m-------------------------------- live log call ---------------------------------[0m
2026-05-15 22:37:10 [[32m    INFO[0m] Handler _on_reconciler_fill_574cae57 subscribed to order_filled
2026-05-15 22:37:10 [[32m    INFO[0m] Handler _on_reconciler_partial_fill_af77646f subscribed to order_partially_filled
2026-05-15 22:37:10 [[32m    INFO[0m] Handler _on_kill_switch_515708e2 subscribed to kill_switch
2026-05-15 22:37:10 [[32m    INFO[0m] Handler _on_emergency_bridge_2319bff0 subscribed to emergency
2026-05-15 22:37:10 [[32m    INFO[0m] Handler _on_order_terminal_event_7e0e2276 subscribed to order_cancelled
2026-05-15 22:37:10 [[32m    INFO[0m] Handler _on_order_terminal_event_f7a38c69 subscribed to order_expired
2026-05-15 22:37:10 [[32m    INFO[0m] Handler _on_order_terminal_event_c1af205d subscribed to order_rejected
2026-05-15 22:37:10 [[32m    INFO[0m] Handler _on_order_orphaned_ab32d59a subscribed to order_orphaned
2026-05-15 22:37:10 [[32m    INFO[0m] Handler _on_order_un_orphaned_149c5fbf subscribed to order_un_orphaned
2026-05-15 22:37:10 [[32m    INFO[0m] Handler _on_position_updated_f7244baa subscribed to position_updated
[32mPASSED[0m[32m                                                                   [ 28%][0m
Spyder/SpyderT_Testing/SpyderT116_RSeries.py::TestR04PauseResume::test_pause_from_non_trading_fails 
[1m-------------------------------- live log call ---------------------------------[0m
2026-05-15 22:37:10 [[32m    INFO[0m] Handler _on_reconciler_fill_4f69f884 subscribed to order_filled
2026-05-15 22:37:10 [[32m    INFO[0m] Handler _on_reconciler_partial_fill_443cd801 subscribed to order_partially_filled
2026-05-15 22:37:10 [[32m    INFO[0m] Handler _on_kill_switch_b5d8d718 subscribed to kill_switch
2026-05-15 22:37:10 [[32m    INFO[0m] Handler _on_emergency_bridge_06e35b80 subscribed to emergency
2026-05-15 22:37:10 [[32m    INFO[0m] Handler _on_order_terminal_event_bbd68f2d subscribed to order_cancelled
2026-05-15 22:37:10 [[32m    INFO[0m] Handler _on_order_terminal_event_fcd31d27 subscribed to order_expired
2026-05-15 22:37:10 [[32m    INFO[0m] Handler _on_order_terminal_event_ed2fdc43 subscribed to order_rejected
2026-05-15 22:37:10 [[32m    INFO[0m] Handler _on_order_orphaned_fa9a19d3 subscribed to order_orphaned
2026-05-15 22:37:10 [[32m    INFO[0m] Handler _on_order_un_orphaned_b318debd subscribed to order_un_orphaned
2026-05-15 22:37:10 [[32m    INFO[0m] Handler _on_position_updated_45286a20 subscribed to position_updated
[32mPASSED[0m[32m                                                                   [ 30%][0m
Spyder/SpyderT_Testing/SpyderT116_RSeries.py::TestR04PauseResume::test_pause_from_trading_succeeds 
[1m-------------------------------- live log call ---------------------------------[0m
2026-05-15 22:37:10 [[32m    INFO[0m] Handler _on_reconciler_fill_cfdaca74 subscribed to order_filled
2026-05-15 22:37:10 [[32m    INFO[0m] Handler _on_reconciler_partial_fill_138b7c36 subscribed to order_partially_filled
2026-05-15 22:37:10 [[32m    INFO[0m] Handler _on_kill_switch_e1de28e0 subscribed to kill_switch
2026-05-15 22:37:10 [[32m    INFO[0m] Handler _on_emergency_bridge_cf369c5a subscribed to emergency
2026-05-15 22:37:10 [[32m    INFO[0m] Handler _on_order_terminal_event_9d4ea9d3 subscribed to order_cancelled
2026-05-15 22:37:10 [[32m    INFO[0m] Handler _on_order_terminal_event_be7c8a45 subscribed to order_expired
2026-05-15 22:37:10 [[32m    INFO[0m] Handler _on_order_terminal_event_0ed994e3 subscribed to order_rejected
2026-05-15 22:37:10 [[32m    INFO[0m] Handler _on_order_orphaned_c90152e3 subscribed to order_orphaned
2026-05-15 22:37:10 [[32m    INFO[0m] Handler _on_order_un_orphaned_e7067a38 subscribed to order_un_orphaned
2026-05-15 22:37:10 [[32m    INFO[0m] Handler _on_position_updated_fd3d1dae subscribed to position_updated
2026-05-15 22:37:10 [[32m    INFO[0m] Trading paused
[32mPASSED[0m[32m                                                                   [ 31%][0m
Spyder/SpyderT_Testing/SpyderT116_RSeries.py::TestR04PauseResume::test_resume_from_non_paused_fails 
[1m-------------------------------- live log call ---------------------------------[0m
2026-05-15 22:37:10 [[32m    INFO[0m] Handler _on_reconciler_fill_70aca42c subscribed to order_filled
2026-05-15 22:37:10 [[32m    INFO[0m] Handler _on_reconciler_partial_fill_0dede87c subscribed to order_partially_filled
2026-05-15 22:37:10 [[32m    INFO[0m] Handler _on_kill_switch_e621968f subscribed to kill_switch
2026-05-15 22:37:10 [[32m    INFO[0m] Handler _on_emergency_bridge_0894d21c subscribed to emergency
2026-05-15 22:37:10 [[32m    INFO[0m] Handler _on_order_terminal_event_fe5f75e0 subscribed to order_cancelled
2026-05-15 22:37:10 [[32m    INFO[0m] Handler _on_order_terminal_event_be6d80a2 subscribed to order_expired
2026-05-15 22:37:10 [[32m    INFO[0m] Handler _on_order_terminal_event_bb958d7e subscribed to order_rejected
2026-05-15 22:37:10 [[32m    INFO[0m] Handler _on_order_orphaned_bfb6cd68 subscribed to order_orphaned
2026-05-15 22:37:10 [[32m    INFO[0m] Handler _on_order_un_orphaned_58e4473b subscribed to order_un_orphaned
2026-05-15 22:37:10 [[32m    INFO[0m] Handler _on_position_updated_77295d33 subscribed to position_updated
[32mPASSED[0m[32m                                                                   [ 33%][0m
Spyder/SpyderT_Testing/SpyderT116_RSeries.py::TestR04PauseResume::test_resume_from_paused_succeeds 
[1m-------------------------------- live log call ---------------------------------[0m
2026-05-15 22:37:10 [[32m    INFO[0m] Handler _on_reconciler_fill_79ad0d4d subscribed to order_filled
2026-05-15 22:37:10 [[32m    INFO[0m] Handler _on_reconciler_partial_fill_0590d81a subscribed to order_partially_filled
2026-05-15 22:37:10 [[32m    INFO[0m] Handler _on_kill_switch_aa0f77fe subscribed to kill_switch
2026-05-15 22:37:10 [[32m    INFO[0m] Handler _on_emergency_bridge_4de2c66d subscribed to emergency
2026-05-15 22:37:10 [[32m    INFO[0m] Handler _on_order_terminal_event_7c0bdfc2 subscribed to order_cancelled
2026-05-15 22:37:10 [[32m    INFO[0m] Handler _on_order_terminal_event_cfcbdef2 subscribed to order_expired
2026-05-15 22:37:10 [[32m    INFO[0m] Handler _on_order_terminal_event_09246066 subscribed to order_rejected
2026-05-15 22:37:10 [[32m    INFO[0m] Handler _on_order_orphaned_3ce3dc58 subscribed to order_orphaned
2026-05-15 22:37:10 [[32m    INFO[0m] Handler _on_order_un_orphaned_7fa92cd3 subscribed to order_un_orphaned
2026-05-15 22:37:10 [[32m    INFO[0m] Handler _on_position_updated_1af40794 subscribed to position_updated
2026-05-15 22:37:10 [[32m    INFO[0m] Trading resumed
[32mPASSED[0m[32m                                                                   [ 34%][0m
Spyder/SpyderT_Testing/SpyderT116_RSeries.py::TestR04PositionHydration::test_monitor_positions_does_not_clear_h05_hydrated_paper_positions 
[1m-------------------------------- live log call ---------------------------------[0m
2026-05-15 22:37:10 [[32m    INFO[0m] TradingSessionDB ready: /tmp/tmpxntab1yp/paper_positions.db
2026-05-15 22:37:10 [[32m    INFO[0m] Handler _on_reconciler_fill_30bb5bd3 subscribed to order_filled
2026-05-15 22:37:10 [[32m    INFO[0m] Handler _on_reconciler_partial_fill_46b1fa79 subscribed to order_partially_filled
2026-05-15 22:37:10 [[32m    INFO[0m] Handler _on_kill_switch_28f151ce subscribed to kill_switch
2026-05-15 22:37:10 [[32m    INFO[0m] Handler _on_emergency_bridge_4e32a930 subscribed to emergency
2026-05-15 22:37:10 [[32m    INFO[0m] Handler _on_order_terminal_event_cd9eabae subscribed to order_cancelled
2026-05-15 22:37:10 [[32m    INFO[0m] Handler _on_order_terminal_event_2671b405 subscribed to order_expired
2026-05-15 22:37:10 [[32m    INFO[0m] Handler _on_order_terminal_event_0f800dca subscribed to order_rejected
2026-05-15 22:37:10 [[32m    INFO[0m] Handler _on_order_orphaned_7862ec34 subscribed to order_orphaned
2026-05-15 22:37:10 [[32m    INFO[0m] Handler _on_order_un_orphaned_c0139ae1 subscribed to order_un_orphaned
2026-05-15 22:37:10 [[32m    INFO[0m] Handler _on_position_updated_986b803c subscribed to position_updated
2026-05-15 22:37:10 [[32m    INFO[0m] Hydrated 1 active positions from session DB for paper mode
[32mPASSED[0m[32m                                                                   [ 36%][0m
Spyder/SpyderT_Testing/SpyderT116_RSeries.py::TestR04PositionHydration::test_set_session_db_falls_back_to_open_rows_when_manifest_api_is_not_callable 
[1m-------------------------------- live log call ---------------------------------[0m
2026-05-15 22:37:10 [[32m    INFO[0m] Handler _on_reconciler_fill_b7988c69 subscribed to order_filled
2026-05-15 22:37:10 [[32m    INFO[0m] Handler _on_reconciler_partial_fill_d8d4b643 subscribed to order_partially_filled
2026-05-15 22:37:10 [[32m    INFO[0m] Handler _on_kill_switch_d151160e subscribed to kill_switch
2026-05-15 22:37:10 [[32m    INFO[0m] Handler _on_emergency_bridge_2d6ac0ae subscribed to emergency
2026-05-15 22:37:10 [[32m    INFO[0m] Handler _on_order_terminal_event_3f2b8f59 subscribed to order_cancelled
2026-05-15 22:37:10 [[32m    INFO[0m] Handler _on_order_terminal_event_1bf4cd47 subscribed to order_expired
2026-05-15 22:37:10 [[32m    INFO[0m] Handler _on_order_terminal_event_1bda038a subscribed to order_rejected
2026-05-15 22:37:10 [[32m    INFO[0m] Handler _on_order_orphaned_1bf353d8 subscribed to order_orphaned
2026-05-15 22:37:10 [[32m    INFO[0m] Handler _on_order_un_orphaned_23f817aa subscribed to order_un_orphaned
2026-05-15 22:37:10 [[32m    INFO[0m] Handler _on_position_updated_955c19d6 subscribed to position_updated
2026-05-15 22:37:10 [[32m    INFO[0m] Hydrated 1 active positions from session DB for paper mode
[32mPASSED[0m[32m                                                                   [ 38%][0m
Spyder/SpyderT_Testing/SpyderT116_RSeries.py::TestR04PositionHydration::test_set_session_db_hydrates_paper_active_positions_from_h05 
[1m-------------------------------- live log call ---------------------------------[0m
2026-05-15 22:37:10 [[32m    INFO[0m] TradingSessionDB ready: /tmp/tmpp4rkma_i/paper_positions.db
2026-05-15 22:37:10 [[32m    INFO[0m] Handler _on_reconciler_fill_5a178621 subscribed to order_filled
2026-05-15 22:37:10 [[32m    INFO[0m] Handler _on_reconciler_partial_fill_4db13609 subscribed to order_partially_filled
2026-05-15 22:37:10 [[32m    INFO[0m] Handler _on_kill_switch_a589082c subscribed to kill_switch
2026-05-15 22:37:10 [[32m    INFO[0m] Handler _on_emergency_bridge_4f64055a subscribed to emergency
2026-05-15 22:37:10 [[32m    INFO[0m] Handler _on_order_terminal_event_750d968a subscribed to order_cancelled
2026-05-15 22:37:10 [[32m    INFO[0m] Handler _on_order_terminal_event_1f808381 subscribed to order_expired
2026-05-15 22:37:10 [[32m    INFO[0m] Handler _on_order_terminal_event_99437201 subscribed to order_rejected
2026-05-15 22:37:10 [[32m    INFO[0m] Handler _on_order_orphaned_51cd9329 subscribed to order_orphaned
2026-05-15 22:37:10 [[32m    INFO[0m] Handler _on_order_un_orphaned_43e33301 subscribed to order_un_orphaned
2026-05-15 22:37:10 [[32m    INFO[0m] Handler _on_position_updated_7f58ba98 subscribed to position_updated
2026-05-15 22:37:10 [[32m    INFO[0m] Hydrated 1 active positions from session DB for paper mode
[32mPASSED[0m[32m                                                                   [ 39%][0m
Spyder/SpyderT_Testing/SpyderT116_RSeries.py::TestR04PositionHydration::test_set_session_db_ignores_paper_active_positions_without_carryover_manifest 
[1m-------------------------------- live log call ---------------------------------[0m
2026-05-15 22:37:10 [[32m    INFO[0m] TradingSessionDB ready: /tmp/tmpg3ctz6ua/paper_positions.db
2026-05-15 22:37:10 [[32m    INFO[0m] Handler _on_reconciler_fill_a8bc72ec subscribed to order_filled
2026-05-15 22:37:10 [[32m    INFO[0m] Handler _on_reconciler_partial_fill_4c764a9b subscribed to order_partially_filled
2026-05-15 22:37:10 [[32m    INFO[0m] Handler _on_kill_switch_e6fd471d subscribed to kill_switch
2026-05-15 22:37:10 [[32m    INFO[0m] Handler _on_emergency_bridge_b15498dd subscribed to emergency
2026-05-15 22:37:10 [[32m    INFO[0m] Handler _on_order_terminal_event_6cb4e348 subscribed to order_cancelled
2026-05-15 22:37:10 [[32m    INFO[0m] Handler _on_order_terminal_event_8e104ed9 subscribed to order_expired
2026-05-15 22:37:10 [[32m    INFO[0m] Handler _on_order_terminal_event_9828c615 subscribed to order_rejected
2026-05-15 22:37:10 [[32m    INFO[0m] Handler _on_order_orphaned_43ce22b1 subscribed to order_orphaned
2026-05-15 22:37:10 [[32m    INFO[0m] Handler _on_order_un_orphaned_85af26b5 subscribed to order_un_orphaned
2026-05-15 22:37:10 [[32m    INFO[0m] Handler _on_position_updated_d1d9192f subscribed to position_updated
[32mPASSED[0m[32m                                                                   [ 41%][0m
Spyder/SpyderT_Testing/SpyderT116_RSeries.py::TestH05PositionPersistence::test_resume_eligibility_rejects_stale_manifest_opened_at_for_reopened_position 
[1m-------------------------------- live log call ---------------------------------[0m
2026-05-15 22:37:10 [[32m    INFO[0m] TradingSessionDB ready: /tmp/tmpw2m4uw78/paper_positions.db
[32mPASSED[0m[32m                                                                   [ 42%][0m
Spyder/SpyderT_Testing/SpyderT116_RSeries.py::TestH05PositionPersistence::test_upsert_position_refreshes_opened_at_when_closed_row_reopens 
[1m-------------------------------- live log call ---------------------------------[0m
2026-05-15 22:37:10 [[32m    INFO[0m] TradingSessionDB ready: /tmp/tmpp017lc6f/positions.db
[32mPASSED[0m[32m                                                                   [ 44%][0m
Spyder/SpyderT_Testing/SpyderT116_RSeries.py::TestH05PositionPersistence::test_upsert_position_updates_quantity_and_entry_price 
[1m-------------------------------- live log call ---------------------------------[0m
2026-05-15 22:37:10 [[32m    INFO[0m] TradingSessionDB ready: /tmp/tmpk108_57l/positions.db
[32mPASSED[0m[32m                                                                   [ 46%][0m
Spyder/SpyderT_Testing/SpyderT116_RSeries.py::TestR04GetExecutionStatus::test_status_emergency_stop_is_false_initially 
[1m-------------------------------- live log call ---------------------------------[0m
2026-05-15 22:37:10 [[32m    INFO[0m] Handler _on_reconciler_fill_0ed3de10 subscribed to order_filled
2026-05-15 22:37:10 [[32m    INFO[0m] Handler _on_reconciler_partial_fill_b92d8886 subscribed to order_partially_filled
2026-05-15 22:37:10 [[32m    INFO[0m] Handler _on_kill_switch_cb82b3e5 subscribed to kill_switch
2026-05-15 22:37:10 [[32m    INFO[0m] Handler _on_emergency_bridge_63bc034e subscribed to emergency
2026-05-15 22:37:10 [[32m    INFO[0m] Handler _on_order_terminal_event_15df5029 subscribed to order_cancelled
2026-05-15 22:37:10 [[32m    INFO[0m] Handler _on_order_terminal_event_a76a85b5 subscribed to order_expired
2026-05-15 22:37:10 [[32m    INFO[0m] Handler _on_order_terminal_event_dbfc9730 subscribed to order_rejected
2026-05-15 22:37:10 [[32m    INFO[0m] Handler _on_order_orphaned_62150a81 subscribed to order_orphaned
2026-05-15 22:37:10 [[32m    INFO[0m] Handler _on_order_un_orphaned_151b42c6 subscribed to order_un_orphaned
2026-05-15 22:37:10 [[32m    INFO[0m] Handler _on_position_updated_10865d54 subscribed to position_updated
[32mPASSED[0m[32m                                                                   [ 47%][0m
Spyder/SpyderT_Testing/SpyderT116_RSeries.py::TestR04GetExecutionStatus::test_status_reflects_emergency_flag 
[1m-------------------------------- live log call ---------------------------------[0m
2026-05-15 22:37:11 [[32m    INFO[0m] Handler _on_reconciler_fill_a0db0e28 subscribed to order_filled
2026-05-15 22:37:11 [[32m    INFO[0m] Handler _on_reconciler_partial_fill_3d6ee8e7 subscribed to order_partially_filled
2026-05-15 22:37:11 [[32m    INFO[0m] Handler _on_kill_switch_2b974d5b subscribed to kill_switch
2026-05-15 22:37:11 [[32m    INFO[0m] Handler _on_emergency_bridge_1fda85d9 subscribed to emergency
2026-05-15 22:37:11 [[32m    INFO[0m] Handler _on_order_terminal_event_c9ce3b0e subscribed to order_cancelled
2026-05-15 22:37:11 [[32m    INFO[0m] Handler _on_order_terminal_event_4d5f06cd subscribed to order_expired
2026-05-15 22:37:11 [[32m    INFO[0m] Handler _on_order_terminal_event_6d76796f subscribed to order_rejected
2026-05-15 22:37:11 [[32m    INFO[0m] Handler _on_order_orphaned_9d6bde38 subscribed to order_orphaned
2026-05-15 22:37:11 [[32m    INFO[0m] Handler _on_order_un_orphaned_c6abc108 subscribed to order_un_orphaned
2026-05-15 22:37:11 [[32m    INFO[0m] Handler _on_position_updated_d13f1c97 subscribed to position_updated
2026-05-15 22:37:11 [[31mCRITICAL[0m] EMERGENCY STOP INITIATED: status test
2026-05-15 22:37:11 [[32m    INFO[0m] Stopping live trading: Emergency: status test
2026-05-15 22:37:11 [[33m WARNING[0m] Not in trading state: ExecutionState.INITIALIZED
2026-05-15 22:37:11 [[31mCRITICAL[0m] EMERGENCY ALERT — trading halted: status test
[32mPASSED[0m[32m                                                                   [ 49%][0m
Spyder/SpyderT_Testing/SpyderT116_RSeries.py::TestR04GetExecutionStatus::test_status_structure 
[1m-------------------------------- live log call ---------------------------------[0m
2026-05-15 22:37:11 [[32m    INFO[0m] Handler _on_reconciler_fill_483596da subscribed to order_filled
2026-05-15 22:37:11 [[32m    INFO[0m] Handler _on_reconciler_partial_fill_148c6381 subscribed to order_partially_filled
2026-05-15 22:37:11 [[32m    INFO[0m] Handler _on_kill_switch_b356e4f1 subscribed to kill_switch
2026-05-15 22:37:11 [[32m    INFO[0m] Handler _on_emergency_bridge_1561942a subscribed to emergency
2026-05-15 22:37:11 [[32m    INFO[0m] Handler _on_order_terminal_event_4b2e815f subscribed to order_cancelled
2026-05-15 22:37:11 [[32m    INFO[0m] Handler _on_order_terminal_event_012a9c07 subscribed to order_expired
2026-05-15 22:37:11 [[32m    INFO[0m] Handler _on_order_terminal_event_177938df subscribed to order_rejected
2026-05-15 22:37:11 [[32m    INFO[0m] Handler _on_order_orphaned_f43bacb5 subscribed to order_orphaned
2026-05-15 22:37:11 [[32m    INFO[0m] Handler _on_order_un_orphaned_62eaaae0 subscribed to order_un_orphaned
2026-05-15 22:37:11 [[32m    INFO[0m] Handler _on_position_updated_a553dc95 subscribed to position_updated
[32mPASSED[0m[32m                                                                   [ 50%][0m
Spyder/SpyderT_Testing/SpyderT116_RSeries.py::TestR04FillAccounting::test_position_updated_persists_realized_pnl_on_close 
[1m-------------------------------- live log call ---------------------------------[0m
2026-05-15 22:37:11 [[32m    INFO[0m] TradingSessionDB ready: /tmp/tmpzc0sqomt/paper_positions.db
2026-05-15 22:37:11 [[32m    INFO[0m] Handler _on_reconciler_fill_238adfd0 subscribed to order_filled
2026-05-15 22:37:11 [[32m    INFO[0m] Handler _on_reconciler_partial_fill_8f98517a subscribed to order_partially_filled
2026-05-15 22:37:11 [[32m    INFO[0m] Handler _on_kill_switch_c23e46f4 subscribed to kill_switch
2026-05-15 22:37:11 [[32m    INFO[0m] Handler _on_emergency_bridge_6da1e8ed subscribed to emergency
2026-05-15 22:37:11 [[32m    INFO[0m] Handler _on_order_terminal_event_f58ef222 subscribed to order_cancelled
2026-05-15 22:37:11 [[32m    INFO[0m] Handler _on_order_terminal_event_042b1b12 subscribed to order_expired
2026-05-15 22:37:11 [[32m    INFO[0m] Handler _on_order_terminal_event_fe95b64b subscribed to order_rejected
2026-05-15 22:37:11 [[32m    INFO[0m] Handler _on_order_orphaned_36147869 subscribed to order_orphaned
2026-05-15 22:37:11 [[32m    INFO[0m] Handler _on_order_un_orphaned_1d8bc934 subscribed to order_un_orphaned
2026-05-15 22:37:11 [[32m    INFO[0m] Handler _on_position_updated_a693aed0 subscribed to position_updated
[32mPASSED[0m[32m                                                                   [ 52%][0m
Spyder/SpyderT_Testing/SpyderT116_RSeries.py::TestR04FillAccounting::test_reconciler_fill_records_realized_pnl_for_option_close 
[1m-------------------------------- live log call ---------------------------------[0m
2026-05-15 22:37:11 [[32m    INFO[0m] TradingSessionDB ready: /tmp/tmp4evonl5m/paper_accounting.db
2026-05-15 22:37:11 [[32m    INFO[0m] Handler _on_reconciler_fill_2114c64f subscribed to order_filled
2026-05-15 22:37:11 [[32m    INFO[0m] Handler _on_reconciler_partial_fill_8d8239bd subscribed to order_partially_filled
2026-05-15 22:37:11 [[32m    INFO[0m] Handler _on_kill_switch_86ea093f subscribed to kill_switch
2026-05-15 22:37:11 [[32m    INFO[0m] Handler _on_emergency_bridge_e823743a subscribed to emergency
2026-05-15 22:37:11 [[32m    INFO[0m] Handler _on_order_terminal_event_474fe618 subscribed to order_cancelled
2026-05-15 22:37:11 [[32m    INFO[0m] Handler _on_order_terminal_event_42b17fde subscribed to order_expired
2026-05-15 22:37:11 [[32m    INFO[0m] Handler _on_order_terminal_event_fb77e6eb subscribed to order_rejected
2026-05-15 22:37:11 [[32m    INFO[0m] Handler _on_order_orphaned_20560382 subscribed to order_orphaned
2026-05-15 22:37:11 [[32m    INFO[0m] Handler _on_order_un_orphaned_c9a330be subscribed to order_un_orphaned
2026-05-15 22:37:11 [[32m    INFO[0m] Handler _on_position_updated_b9025761 subscribed to position_updated
[32mPASSED[0m[32m                                                                   [ 53%][0m
Spyder/SpyderT_Testing/SpyderT116_RSeries.py::TestR04PaperMarkToMarket::test_monitor_positions_drops_stale_paper_positions_without_lineage 
[1m-------------------------------- live log call ---------------------------------[0m
2026-05-15 22:37:11 [[32m    INFO[0m] TradingSessionDB ready: /tmp/tmplw8fsu9b/paper_mark_to_market.db
2026-05-15 22:37:11 [[32m    INFO[0m] Handler _on_reconciler_fill_5027fe96 subscribed to order_filled
2026-05-15 22:37:11 [[32m    INFO[0m] Handler _on_reconciler_partial_fill_e7ea399b subscribed to order_partially_filled
2026-05-15 22:37:11 [[32m    INFO[0m] Handler _on_kill_switch_d9166179 subscribed to kill_switch
2026-05-15 22:37:11 [[32m    INFO[0m] Handler _on_emergency_bridge_a554e631 subscribed to emergency
2026-05-15 22:37:11 [[32m    INFO[0m] Handler _on_order_terminal_event_a3ef54da subscribed to order_cancelled
2026-05-15 22:37:11 [[32m    INFO[0m] Handler _on_order_terminal_event_49833bb5 subscribed to order_expired
2026-05-15 22:37:11 [[32m    INFO[0m] Handler _on_order_terminal_event_29c21ab5 subscribed to order_rejected
2026-05-15 22:37:11 [[32m    INFO[0m] Handler _on_order_orphaned_f645f7dd subscribed to order_orphaned
2026-05-15 22:37:11 [[32m    INFO[0m] Handler _on_order_un_orphaned_c6bb02e1 subscribed to order_un_orphaned
2026-05-15 22:37:11 [[32m    INFO[0m] Handler _on_position_updated_8b906e31 subscribed to position_updated
2026-05-15 22:37:11 [[33m WARNING[0m] Dropped 1 stale paper positions without session lineage
[32mPASSED[0m[32m                                                                   [ 55%][0m
Spyder/SpyderT_Testing/SpyderT116_RSeries.py::TestR04PaperMarkToMarket::test_monitor_positions_marks_paper_positions_and_records_snapshot 
[1m-------------------------------- live log call ---------------------------------[0m
2026-05-15 22:37:11 [[32m    INFO[0m] TradingSessionDB ready: /tmp/tmpyn3cywua/paper_mark_to_market.db
2026-05-15 22:37:11 [[32m    INFO[0m] Handler _on_reconciler_fill_37f52318 subscribed to order_filled
2026-05-15 22:37:11 [[32m    INFO[0m] Handler _on_reconciler_partial_fill_2a75baf8 subscribed to order_partially_filled
2026-05-15 22:37:11 [[32m    INFO[0m] Handler _on_kill_switch_dce371d8 subscribed to kill_switch
2026-05-15 22:37:11 [[32m    INFO[0m] Handler _on_emergency_bridge_8372ef78 subscribed to emergency
2026-05-15 22:37:11 [[32m    INFO[0m] Handler _on_order_terminal_event_cae18591 subscribed to order_cancelled
2026-05-15 22:37:11 [[32m    INFO[0m] Handler _on_order_terminal_event_e7586a8c subscribed to order_expired
2026-05-15 22:37:11 [[32m    INFO[0m] Handler _on_order_terminal_event_d1024509 subscribed to order_rejected
2026-05-15 22:37:11 [[32m    INFO[0m] Handler _on_order_orphaned_e18c4c15 subscribed to order_orphaned
2026-05-15 22:37:11 [[32m    INFO[0m] Handler _on_order_un_orphaned_be717ad4 subscribed to order_un_orphaned
2026-05-15 22:37:11 [[32m    INFO[0m] Handler _on_position_updated_711499fd subscribed to position_updated
[32mPASSED[0m[32m                                                                   [ 57%][0m
Spyder/SpyderT_Testing/SpyderT116_RSeries.py::TestR04CancelPendingOrders::test_cancel_all_clears_pending_orders 
[1m-------------------------------- live log call ---------------------------------[0m
2026-05-15 22:37:11 [[32m    INFO[0m] Handler _on_reconciler_fill_5d6ba649 subscribed to order_filled
2026-05-15 22:37:11 [[32m    INFO[0m] Handler _on_reconciler_partial_fill_ce3e609e subscribed to order_partially_filled
2026-05-15 22:37:11 [[32m    INFO[0m] Handler _on_kill_switch_7d30ce20 subscribed to kill_switch
2026-05-15 22:37:11 [[32m    INFO[0m] Handler _on_emergency_bridge_a7f27aee subscribed to emergency
2026-05-15 22:37:11 [[32m    INFO[0m] Handler _on_order_terminal_event_98851744 subscribed to order_cancelled
2026-05-15 22:37:11 [[32m    INFO[0m] Handler _on_order_terminal_event_f75207e0 subscribed to order_expired
2026-05-15 22:37:11 [[32m    INFO[0m] Handler _on_order_terminal_event_98b54893 subscribed to order_rejected
2026-05-15 22:37:11 [[32m    INFO[0m] Handler _on_order_orphaned_1e23f405 subscribed to order_orphaned
2026-05-15 22:37:11 [[32m    INFO[0m] Handler _on_order_un_orphaned_d9c6a0e2 subscribed to order_un_orphaned
2026-05-15 22:37:11 [[32m    INFO[0m] Handler _on_position_updated_348b97dc subscribed to position_updated
2026-05-15 22:37:11 [[32m    INFO[0m] Cancelled pending order ORD_001
2026-05-15 22:37:11 [[32m    INFO[0m] Cancelled pending order ORD_002
[32mPASSED[0m[32m                                                                   [ 58%][0m
Spyder/SpyderT_Testing/SpyderT116_RSeries.py::TestR04CancelPendingOrders::test_cancel_all_tolerates_broker_errors 
[1m-------------------------------- live log call ---------------------------------[0m
2026-05-15 22:37:11 [[32m    INFO[0m] Handler _on_reconciler_fill_1976763b subscribed to order_filled
2026-05-15 22:37:11 [[32m    INFO[0m] Handler _on_reconciler_partial_fill_79369941 subscribed to order_partially_filled
2026-05-15 22:37:11 [[32m    INFO[0m] Handler _on_kill_switch_a8093995 subscribed to kill_switch
2026-05-15 22:37:11 [[32m    INFO[0m] Handler _on_emergency_bridge_7f29d6e5 subscribed to emergency
2026-05-15 22:37:11 [[32m    INFO[0m] Handler _on_order_terminal_event_a66eefe9 subscribed to order_cancelled
2026-05-15 22:37:11 [[32m    INFO[0m] Handler _on_order_terminal_event_09dd5f98 subscribed to order_expired
2026-05-15 22:37:11 [[32m    INFO[0m] Handler _on_order_terminal_event_d19ec17d subscribed to order_rejected
2026-05-15 22:37:11 [[32m    INFO[0m] Handler _on_order_orphaned_66bf4b5d subscribed to order_orphaned
2026-05-15 22:37:11 [[32m    INFO[0m] Handler _on_order_un_orphaned_31698317 subscribed to order_un_orphaned
2026-05-15 22:37:11 [[32m    INFO[0m] Handler _on_position_updated_d2da6b73 subscribed to position_updated
2026-05-15 22:37:11 [[31m[1m   ERROR[0m] Failed to cancel order ORD_001: network error
2026-05-15 22:37:11 [[31m[1m   ERROR[0m] Failed to cancel order ORD_002: network error
2026-05-15 22:37:11 [[31mCRITICAL[0m] CANCEL_ALL failed for 2/2 orders — escalating to KILL_SWITCH: ORD_001:network error;ORD_002:network error
2026-05-15 22:37:11 [[31mCRITICAL[0m] 🔒 Kill-lock written to /home/adam/.spyder_kill_lock — restart will be blocked.
2026-05-15 22:37:11 [[31mCRITICAL[0m] 🔒 Kill-lock written to /home/adam/.spyder_kill_lock — restart will be blocked.
2026-05-15 22:37:11 [[31mCRITICAL[0m] 🔴 KILL SWITCH ACTIVATED: CANCEL_ALL failed for 2/2 orders — escalating to KILL_SWITCH: ORD_001:network error;ORD_002:network error — no further orders will be submitted
2026-05-15 22:37:11 [[31mCRITICAL[0m] 🔒 Kill-lock written to /home/adam/.spyder_kill_lock — restart will be blocked.
2026-05-15 22:37:11 [[31mCRITICAL[0m] 🔴 KILL SWITCH ACTIVATED: CANCEL_ALL failed for 2/2 orders — escalating to KILL_SWITCH: ORD_001:network error;ORD_002:network error — no further orders will be submitted
2026-05-15 22:37:11 [[31mCRITICAL[0m] 🔒 Kill-lock written to /home/adam/.spyder_kill_lock — restart will be blocked.
2026-05-15 22:37:11 [[31mCRITICAL[0m] 🔴 KILL SWITCH ACTIVATED: CANCEL_ALL failed for 2/2 orders — escalating to KILL_SWITCH: ORD_001:network error;ORD_002:network error — no further orders will be submitted
2026-05-15 22:37:11 [[31mCRITICAL[0m] 🔒 Kill-lock written to /home/adam/.spyder_kill_lock — restart will be blocked.
2026-05-15 22:37:11 [[31mCRITICAL[0m] 🔴 KILL SWITCH ACTIVATED: CANCEL_ALL failed for 2/2 orders — escalating to KILL_SWITCH: ORD_001:network error;ORD_002:network error — no further orders will be submitted
2026-05-15 22:37:11 [[31mCRITICAL[0m] 🔒 Kill-lock written to /home/adam/.spyder_kill_lock — restart will be blocked.
2026-05-15 22:37:11 [[31mCRITICAL[0m] 🔴 KILL SWITCH ACTIVATED: CANCEL_ALL failed for 2/2 orders — escalating to KILL_SWITCH: ORD_001:network error;ORD_002:network error — no further orders will be submitted
2026-05-15 22:37:11 [[31mCRITICAL[0m] 🔒 Kill-lock written to /home/adam/.spyder_kill_lock — restart will be blocked.
2026-05-15 22:37:11 [[31mCRITICAL[0m] 🔴 KILL SWITCH ACTIVATED: CANCEL_ALL failed for 2/2 orders — escalating to KILL_SWITCH: ORD_001:network error;ORD_002:network error — no further orders will be submitted
2026-05-15 22:37:11 [[31mCRITICAL[0m] 🔒 Kill-lock written to /home/adam/.spyder_kill_lock — restart will be blocked.
2026-05-15 22:37:11 [[31mCRITICAL[0m] 🔴 KILL SWITCH ACTIVATED: CANCEL_ALL failed for 2/2 orders — escalating to KILL_SWITCH: ORD_001:network error;ORD_002:network error — no further orders will be submitted
2026-05-15 22:37:11 [[31mCRITICAL[0m] 🔒 Kill-lock written to /home/adam/.spyder_kill_lock — restart will be blocked.
2026-05-15 22:37:11 [[31mCRITICAL[0m] 🔴 KILL SWITCH ACTIVATED: CANCEL_ALL failed for 2/2 orders — escalating to KILL_SWITCH: ORD_001:network error;ORD_002:network error — no further orders will be submitted
2026-05-15 22:37:11 [[31mCRITICAL[0m] 🔒 Kill-lock written to /home/adam/.spyder_kill_lock — restart will be blocked.
2026-05-15 22:37:11 [[31mCRITICAL[0m] 🔴 KILL SWITCH ACTIVATED: CANCEL_ALL failed for 2/2 orders — escalating to KILL_SWITCH: ORD_001:network error;ORD_002:network error — no further orders will be submitted
2026-05-15 22:37:11 [[31mCRITICAL[0m] 🔒 Kill-lock written to /home/adam/.spyder_kill_lock — restart will be blocked.
2026-05-15 22:37:11 [[31mCRITICAL[0m] 🔴 KILL SWITCH ACTIVATED: CANCEL_ALL failed for 2/2 orders — escalating to KILL_SWITCH: ORD_001:network error;ORD_002:network error — no further orders will be submitted
2026-05-15 22:37:11 [[31mCRITICAL[0m] 🔒 Kill-lock written to /home/adam/.spyder_kill_lock — restart will be blocked.
2026-05-15 22:37:11 [[31mCRITICAL[0m] 🔴 KILL SWITCH ACTIVATED: CANCEL_ALL failed for 2/2 orders — escalating to KILL_SWITCH: ORD_001:network error;ORD_002:network error — no further orders will be submitted
2026-05-15 22:37:11 [[31mCRITICAL[0m] 🔒 Kill-lock written to /home/adam/.spyder_kill_lock — restart will be blocked.
2026-05-15 22:37:11 [[31mCRITICAL[0m] 🔴 KILL SWITCH ACTIVATED: CANCEL_ALL failed for 2/2 orders — escalating to KILL_SWITCH: ORD_001:network error;ORD_002:network error — no further orders will be submitted
2026-05-15 22:37:11 [[31mCRITICAL[0m] 🔒 Kill-lock written to /home/adam/.spyder_kill_lock — restart will be blocked.
2026-05-15 22:37:11 [[31mCRITICAL[0m] 🔴 KILL SWITCH ACTIVATED: CANCEL_ALL failed for 2/2 orders — escalating to KILL_SWITCH: ORD_001:network error;ORD_002:network error — no further orders will be submitted
2026-05-15 22:37:11 [[31mCRITICAL[0m] 🔒 Kill-lock written to /home/adam/.spyder_kill_lock — restart will be blocked.
2026-05-15 22:37:11 [[31mCRITICAL[0m] 🔴 KILL SWITCH ACTIVATED: CANCEL_ALL failed for 2/2 orders — escalating to KILL_SWITCH: ORD_001:network error;ORD_002:network error — no further orders will be submitted
2026-05-15 22:37:11 [[31mCRITICAL[0m] 🔒 Kill-lock written to /home/adam/.spyder_kill_lock — restart will be blocked.
2026-05-15 22:37:11 [[31mCRITICAL[0m] 🔴 KILL SWITCH ACTIVATED: CANCEL_ALL failed for 2/2 orders — escalating to KILL_SWITCH: ORD_001:network error;ORD_002:network error — no further orders will be submitted
2026-05-15 22:37:11 [[31mCRITICAL[0m] 🔒 Kill-lock written to /home/adam/.spyder_kill_lock — restart will be blocked.
2026-05-15 22:37:11 [[31mCRITICAL[0m] 🔴 KILL SWITCH ACTIVATED: CANCEL_ALL failed for 2/2 orders — escalating to KILL_SWITCH: ORD_001:network error;ORD_002:network error — no further orders will be submitted
2026-05-15 22:37:11 [[31mCRITICAL[0m] 🔒 Kill-lock written to /home/adam/.spyder_kill_lock — restart will be blocked.
2026-05-15 22:37:11 [[31mCRITICAL[0m] 🔴 KILL SWITCH ACTIVATED: CANCEL_ALL failed for 2/2 orders — escalating to KILL_SWITCH: ORD_001:network error;ORD_002:network error — no further orders will be submitted
2026-05-15 22:37:11 [[31mCRITICAL[0m] 🔒 Kill-lock written to /home/adam/.spyder_kill_lock — restart will be blocked.
2026-05-15 22:37:11 [[31mCRITICAL[0m] 🔴 KILL SWITCH ACTIVATED: CANCEL_ALL failed for 2/2 orders — escalating to KILL_SWITCH: ORD_001:network error;ORD_002:network error — no further orders will be submitted
2026-05-15 22:37:11 [[31mCRITICAL[0m] 🔒 Kill-lock written to /home/adam/.spyder_kill_lock — restart will be blocked.
2026-05-15 22:37:11 [[31mCRITICAL[0m] 🔴 KILL SWITCH ACTIVATED: CANCEL_ALL failed for 2/2 orders — escalating to KILL_SWITCH: ORD_001:network error;ORD_002:network error — no further orders will be submitted
2026-05-15 22:37:11 [[31mCRITICAL[0m] 🔒 Kill-lock written to /home/adam/.spyder_kill_lock — restart will be blocked.
2026-05-15 22:37:11 [[31mCRITICAL[0m] 🔴 KILL SWITCH ACTIVATED: CANCEL_ALL failed for 2/2 orders — escalating to KILL_SWITCH: ORD_001:network error;ORD_002:network error — no further orders will be submitted
2026-05-15 22:37:11 [[31mCRITICAL[0m] 🔓 Paper mode kill-switch: lock file persistence skipped (reason=CANCEL_ALL failed for 2/2 orders — escalating to KILL_SWITCH: ORD_001:network error;ORD_002:network error). Set SPYDER_KILL_LOCK_FORCE=1 to drill the live-mode lock-file path.
2026-05-15 22:37:11 [[31mCRITICAL[0m] 🔴 KILL SWITCH ACTIVATED: CANCEL_ALL failed for 2/2 orders — escalating to KILL_SWITCH: ORD_001:network error;ORD_002:network error — no further orders will be submitted
2026-05-15 22:37:11 [[31mCRITICAL[0m] 🔓 Paper mode kill-switch: lock file persistence skipped (reason=CANCEL_ALL failed for 2/2 orders — escalating to KILL_SWITCH: ORD_001:network error;ORD_002:network error). Set SPYDER_KILL_LOCK_FORCE=1 to drill the live-mode lock-file path.
2026-05-15 22:37:11 [[31mCRITICAL[0m] 🔴 KILL SWITCH ACTIVATED: CANCEL_ALL failed for 2/2 orders — escalating to KILL_SWITCH: ORD_001:network error;ORD_002:network error — no further orders will be submitted
2026-05-15 22:37:11 [[31mCRITICAL[0m] 🔓 Paper mode kill-switch: lock file persistence skipped (reason=CANCEL_ALL failed for 2/2 orders — escalating to KILL_SWITCH: ORD_001:network error;ORD_002:network error). Set SPYDER_KILL_LOCK_FORCE=1 to drill the live-mode lock-file path.
2026-05-15 22:37:11 [[31mCRITICAL[0m] 🔴 KILL SWITCH ACTIVATED: CANCEL_ALL failed for 2/2 orders — escalating to KILL_SWITCH: ORD_001:network error;ORD_002:network error — no further orders will be submitted
2026-05-15 22:37:11 [[31mCRITICAL[0m] 🔓 Paper mode kill-switch: lock file persistence skipped (reason=CANCEL_ALL failed for 2/2 orders — escalating to KILL_SWITCH: ORD_001:network error;ORD_002:network error). Set SPYDER_KILL_LOCK_FORCE=1 to drill the live-mode lock-file path.
2026-05-15 22:37:11 [[31mCRITICAL[0m] 🔴 KILL SWITCH ACTIVATED: CANCEL_ALL failed for 2/2 orders — escalating to KILL_SWITCH: ORD_001:network error;ORD_002:network error — no further orders will be submitted
2026-05-15 22:37:11 [[31mCRITICAL[0m] 🔒 Kill-lock written to /home/adam/.spyder_kill_lock — restart will be blocked.
2026-05-15 22:37:11 [[31mCRITICAL[0m] 🔴 KILL SWITCH ACTIVATED: CANCEL_ALL failed for 2/2 orders — escalating to KILL_SWITCH: ORD_001:network error;ORD_002:network error — no further orders will be submitted
2026-05-15 22:37:11 [[31mCRITICAL[0m] 🔒 Kill-lock written to /home/adam/.spyder_kill_lock — restart will be blocked.
2026-05-15 22:37:11 [[31mCRITICAL[0m] 🔴 KILL SWITCH ACTIVATED: CANCEL_ALL failed for 2/2 orders — escalating to KILL_SWITCH: ORD_001:network error;ORD_002:network error — no further orders will be submitted
2026-05-15 22:37:11 [[31mCRITICAL[0m] 🔒 Kill-lock written to /home/adam/.spyder_kill_lock — restart will be blocked.
2026-05-15 22:37:11 [[31mCRITICAL[0m] 🔴 KILL SWITCH ACTIVATED: CANCEL_ALL failed for 2/2 orders — escalating to KILL_SWITCH: ORD_001:network error;ORD_002:network error — no further orders will be submitted
2026-05-15 22:37:11 [[31mCRITICAL[0m] 🔓 Paper mode kill-switch: lock file persistence skipped (reason=CANCEL_ALL failed for 2/2 orders — escalating to KILL_SWITCH: ORD_001:network error;ORD_002:network error). Set SPYDER_KILL_LOCK_FORCE=1 to drill the live-mode lock-file path.
2026-05-15 22:37:11 [[31mCRITICAL[0m] 🔴 KILL SWITCH ACTIVATED: CANCEL_ALL failed for 2/2 orders — escalating to KILL_SWITCH: ORD_001:network error;ORD_002:network error — no further orders will be submitted
2026-05-15 22:37:11 [[31mCRITICAL[0m] 🔓 Paper mode kill-switch: lock file persistence skipped (reason=CANCEL_ALL failed for 2/2 orders — escalating to KILL_SWITCH: ORD_001:network error;ORD_002:network error). Set SPYDER_KILL_LOCK_FORCE=1 to drill the live-mode lock-file path.
2026-05-15 22:37:11 [[31mCRITICAL[0m] 🔴 KILL SWITCH ACTIVATED: CANCEL_ALL failed for 2/2 orders — escalating to KILL_SWITCH: ORD_001:network error;ORD_002:network error — no further orders will be submitted
2026-05-15 22:37:11 [[31mCRITICAL[0m] 🔓 Paper mode kill-switch: lock file persistence skipped (reason=CANCEL_ALL failed for 2/2 orders — escalating to KILL_SWITCH: ORD_001:network error;ORD_002:network error). Set SPYDER_KILL_LOCK_FORCE=1 to drill the live-mode lock-file path.
2026-05-15 22:37:11 [[31mCRITICAL[0m] 🔴 KILL SWITCH ACTIVATED: CANCEL_ALL failed for 2/2 orders — escalating to KILL_SWITCH: ORD_001:network error;ORD_002:network error — no further orders will be submitted
2026-05-15 22:37:11 [[31mCRITICAL[0m] 🔓 Paper mode kill-switch: lock file persistence skipped (reason=CANCEL_ALL failed for 2/2 orders — escalating to KILL_SWITCH: ORD_001:network error;ORD_002:network error). Set SPYDER_KILL_LOCK_FORCE=1 to drill the live-mode lock-file path.
2026-05-15 22:37:11 [[31mCRITICAL[0m] 🔴 KILL SWITCH ACTIVATED: CANCEL_ALL failed for 2/2 orders — escalating to KILL_SWITCH: ORD_001:network error;ORD_002:network error — no further orders will be submitted
2026-05-15 22:37:11 [[31mCRITICAL[0m] 🔒 Kill-lock written to /home/adam/.spyder_kill_lock — restart will be blocked.
2026-05-15 22:37:11 [[31mCRITICAL[0m] 🔴 KILL SWITCH ACTIVATED: CANCEL_ALL failed for 2/2 orders — escalating to KILL_SWITCH: ORD_001:network error;ORD_002:network error — no further orders will be submitted
2026-05-15 22:37:11 [[31mCRITICAL[0m] 🔒 Kill-lock written to /home/adam/.spyder_kill_lock — restart will be blocked.
2026-05-15 22:37:11 [[31mCRITICAL[0m] 🔴 KILL SWITCH ACTIVATED: CANCEL_ALL failed for 2/2 orders — escalating to KILL_SWITCH: ORD_001:network error;ORD_002:network error — no further orders will be submitted
[32mPASSED[0m[32m                                                                   [ 60%][0m
Spyder/SpyderT_Testing/SpyderT116_RSeries.py::TestR04StopLoss::test_stop_not_triggered_when_loss_below_threshold 
[1m-------------------------------- live log call ---------------------------------[0m
2026-05-15 22:37:11 [[32m    INFO[0m] Handler _on_reconciler_fill_1df24441 subscribed to order_filled
2026-05-15 22:37:11 [[32m    INFO[0m] Handler _on_reconciler_partial_fill_c236c184 subscribed to order_partially_filled
2026-05-15 22:37:11 [[32m    INFO[0m] Handler _on_kill_switch_7a6ece15 subscribed to kill_switch
2026-05-15 22:37:11 [[32m    INFO[0m] Handler _on_emergency_bridge_c6a10f07 subscribed to emergency
2026-05-15 22:37:11 [[32m    INFO[0m] Handler _on_order_terminal_event_cbeeb481 subscribed to order_cancelled
2026-05-15 22:37:11 [[32m    INFO[0m] Handler _on_order_terminal_event_a5cd8fc4 subscribed to order_expired
2026-05-15 22:37:11 [[32m    INFO[0m] Handler _on_order_terminal_event_26b3c6af subscribed to order_rejected
2026-05-15 22:37:11 [[32m    INFO[0m] Handler _on_order_orphaned_4a803993 subscribed to order_orphaned
2026-05-15 22:37:11 [[32m    INFO[0m] Handler _on_order_un_orphaned_30974e06 subscribed to order_un_orphaned
2026-05-15 22:37:11 [[32m    INFO[0m] Handler _on_position_updated_ccd66bfa subscribed to position_updated
[32mPASSED[0m[32m                                                                   [ 61%][0m
Spyder/SpyderT_Testing/SpyderT116_RSeries.py::TestR04StopLoss::test_stop_not_triggered_when_no_stop_loss_pct 
[1m-------------------------------- live log call ---------------------------------[0m
2026-05-15 22:37:11 [[32m    INFO[0m] Handler _on_reconciler_fill_c6b51345 subscribed to order_filled
2026-05-15 22:37:11 [[32m    INFO[0m] Handler _on_reconciler_partial_fill_5bdb07a7 subscribed to order_partially_filled
2026-05-15 22:37:11 [[32m    INFO[0m] Handler _on_kill_switch_5e39f3cf subscribed to kill_switch
2026-05-15 22:37:11 [[32m    INFO[0m] Handler _on_emergency_bridge_e159e3f0 subscribed to emergency
2026-05-15 22:37:11 [[32m    INFO[0m] Handler _on_order_terminal_event_c472f17c subscribed to order_cancelled
2026-05-15 22:37:11 [[32m    INFO[0m] Handler _on_order_terminal_event_e588fde9 subscribed to order_expired
2026-05-15 22:37:11 [[32m    INFO[0m] Handler _on_order_terminal_event_f0022c20 subscribed to order_rejected
2026-05-15 22:37:11 [[32m    INFO[0m] Handler _on_order_orphaned_ad5d7f94 subscribed to order_orphaned
2026-05-15 22:37:11 [[32m    INFO[0m] Handler _on_order_un_orphaned_672c6274 subscribed to order_un_orphaned
2026-05-15 22:37:11 [[32m    INFO[0m] Handler _on_position_updated_10074b36 subscribed to position_updated
[32mPASSED[0m[32m                                                                   [ 63%][0m
Spyder/SpyderT_Testing/SpyderT116_RSeries.py::TestR04StopLoss::test_stop_triggered_when_loss_exceeds_threshold 
[1m-------------------------------- live log call ---------------------------------[0m
2026-05-15 22:37:11 [[32m    INFO[0m] Handler _on_reconciler_fill_ea00ae4d subscribed to order_filled
2026-05-15 22:37:11 [[32m    INFO[0m] Handler _on_reconciler_partial_fill_b1dcfe50 subscribed to order_partially_filled
2026-05-15 22:37:11 [[32m    INFO[0m] Handler _on_kill_switch_92bf7d40 subscribed to kill_switch
2026-05-15 22:37:11 [[32m    INFO[0m] Handler _on_emergency_bridge_89b0854b subscribed to emergency
2026-05-15 22:37:11 [[32m    INFO[0m] Handler _on_order_terminal_event_a1ad7305 subscribed to order_cancelled
2026-05-15 22:37:11 [[32m    INFO[0m] Handler _on_order_terminal_event_012faa88 subscribed to order_expired
2026-05-15 22:37:11 [[32m    INFO[0m] Handler _on_order_terminal_event_8de678c8 subscribed to order_rejected
2026-05-15 22:37:11 [[32m    INFO[0m] Handler _on_order_orphaned_8bbd5969 subscribed to order_orphaned
2026-05-15 22:37:11 [[32m    INFO[0m] Handler _on_order_un_orphaned_831781b9 subscribed to order_un_orphaned
2026-05-15 22:37:11 [[32m    INFO[0m] Handler _on_position_updated_9b709c7f subscribed to position_updated
[32mPASSED[0m[32m                                                                   [ 65%][0m
Spyder/SpyderT_Testing/SpyderT195_D31_DispatchStateBadge.py::test_idle_when_no_events 
[1m-------------------------------- live log setup --------------------------------[0m
2026-05-15 22:37:11 [[32m    INFO[0m] 📋 Registered 5 strategy types
2026-05-15 22:37:11 [[32m    INFO[0m] D31 cache seeded from disk: SPY prev=748.17 current=739.17
[32mPASSED[0m[32m                                                                   [ 66%][0m
Spyder/SpyderT_Testing/SpyderT195_D31_DispatchStateBadge.py::test_flowing_after_dispatch_submitted 
[1m-------------------------------- live log setup --------------------------------[0m
2026-05-15 22:37:11 [[32m    INFO[0m] 📋 Registered 5 strategy types
2026-05-15 22:37:11 [[32m    INFO[0m] D31 cache seeded from disk: SPY prev=748.17 current=739.17
[32mPASSED[0m[32m                                                                   [ 68%][0m
Spyder/SpyderT_Testing/SpyderT195_D31_DispatchStateBadge.py::test_dispatch_rejected_does_not_count_as_flowing 
[1m-------------------------------- live log setup --------------------------------[0m
2026-05-15 22:37:11 [[32m    INFO[0m] 📋 Registered 5 strategy types
2026-05-15 22:37:11 [[32m    INFO[0m] D31 cache seeded from disk: SPY prev=748.17 current=739.17
[32mPASSED[0m[32m                                                                   [ 69%][0m
Spyder/SpyderT_Testing/SpyderT195_D31_DispatchStateBadge.py::test_dispatch_submitted_persisted_to_decision_audit 
[1m-------------------------------- live log setup --------------------------------[0m
2026-05-15 22:37:11 [[32m    INFO[0m] 📋 Registered 5 strategy types
2026-05-15 22:37:11 [[32m    INFO[0m] D31 cache seeded from disk: SPY prev=748.17 current=739.17
[32mPASSED[0m[32m                                                                   [ 71%][0m
Spyder/SpyderT_Testing/SpyderT195_D31_DispatchStateBadge.py::test_dispatch_rejected_persisted_to_decision_audit 
[1m-------------------------------- live log setup --------------------------------[0m
2026-05-15 22:37:11 [[32m    INFO[0m] 📋 Registered 5 strategy types
2026-05-15 22:37:11 [[32m    INFO[0m] D31 cache seeded from disk: SPY prev=748.17 current=739.17
[32mPASSED[0m[32m                                                                   [ 73%][0m
Spyder/SpyderT_Testing/SpyderT195_D31_DispatchStateBadge.py::test_duplicate_dispatch_rejected_detail_persisted_for_hydrated_carryover 
[1m-------------------------------- live log setup --------------------------------[0m
2026-05-15 22:37:11 [[32m    INFO[0m] 📋 Registered 5 strategy types
2026-05-15 22:37:11 [[32m    INFO[0m] D31 cache seeded from disk: SPY prev=748.17 current=739.17
[1m-------------------------------- live log call ---------------------------------[0m
2026-05-15 22:37:11 [[33m WARNING[0m] Duplicate entry blocked — open position already active: symbol=SPY strategy=iron_condor | pivot_signal=none
[32mPASSED[0m[32m                                                                   [ 74%][0m
Spyder/SpyderT_Testing/SpyderT195_D31_DispatchStateBadge.py::test_blocked_after_risk_gate_drop 
[1m-------------------------------- live log setup --------------------------------[0m
2026-05-15 22:37:11 [[32m    INFO[0m] 📋 Registered 5 strategy types
2026-05-15 22:37:11 [[32m    INFO[0m] D31 cache seeded from disk: SPY prev=748.17 current=739.17
[32mPASSED[0m[32m                                                                   [ 76%][0m
Spyder/SpyderT_Testing/SpyderT195_D31_DispatchStateBadge.py::test_blocked_after_entry_trust_gate_drop 
[1m-------------------------------- live log setup --------------------------------[0m
2026-05-15 22:37:11 [[32m    INFO[0m] 📋 Registered 5 strategy types
2026-05-15 22:37:11 [[32m    INFO[0m] D31 cache seeded from disk: SPY prev=748.17 current=739.17
[32mPASSED[0m[32m                                                                   [ 77%][0m
Spyder/SpyderT_Testing/SpyderT195_D31_DispatchStateBadge.py::test_orchestrator_paused_drop_is_blocked 
[1m-------------------------------- live log setup --------------------------------[0m
2026-05-15 22:37:11 [[32m    INFO[0m] 📋 Registered 5 strategy types
2026-05-15 22:37:11 [[32m    INFO[0m] D31 cache seeded from disk: SPY prev=748.17 current=739.17
[32mPASSED[0m[32m                                                                   [ 79%][0m
Spyder/SpyderT_Testing/SpyderT195_D31_DispatchStateBadge.py::test_dispatch_exception_is_error_not_blocked 
[1m-------------------------------- live log setup --------------------------------[0m
2026-05-15 22:37:11 [[32m    INFO[0m] 📋 Registered 5 strategy types
2026-05-15 22:37:11 [[32m    INFO[0m] D31 cache seeded from disk: SPY prev=748.17 current=739.17
[32mPASSED[0m[32m                                                                   [ 80%][0m
Spyder/SpyderT_Testing/SpyderT195_D31_DispatchStateBadge.py::test_error_priority_over_blocked 
[1m-------------------------------- live log setup --------------------------------[0m
2026-05-15 22:37:11 [[32m    INFO[0m] 📋 Registered 5 strategy types
2026-05-15 22:37:11 [[32m    INFO[0m] D31 cache seeded from disk: SPY prev=748.17 current=739.17
[32mPASSED[0m[32m                                                                   [ 82%][0m
Spyder/SpyderT_Testing/SpyderT195_D31_DispatchStateBadge.py::test_error_priority_over_flowing 
[1m-------------------------------- live log setup --------------------------------[0m
2026-05-15 22:37:11 [[32m    INFO[0m] 📋 Registered 5 strategy types
2026-05-15 22:37:11 [[32m    INFO[0m] D31 cache seeded from disk: SPY prev=748.17 current=739.17
[32mPASSED[0m[32m                                                                   [ 84%][0m
Spyder/SpyderT_Testing/SpyderT195_D31_DispatchStateBadge.py::test_drop_then_dispatch_is_flowing 
[1m-------------------------------- live log setup --------------------------------[0m
2026-05-15 22:37:11 [[32m    INFO[0m] 📋 Registered 5 strategy types
2026-05-15 22:37:11 [[32m    INFO[0m] D31 cache seeded from disk: SPY prev=748.17 current=739.17
[32mPASSED[0m[32m                                                                   [ 85%][0m
Spyder/SpyderT_Testing/SpyderT195_D31_DispatchStateBadge.py::test_dispatch_then_drop_is_blocked 
[1m-------------------------------- live log setup --------------------------------[0m
2026-05-15 22:37:11 [[32m    INFO[0m] 📋 Registered 5 strategy types
2026-05-15 22:37:11 [[32m    INFO[0m] D31 cache seeded from disk: SPY prev=748.17 current=739.17
[32mPASSED[0m[32m                                                                   [ 87%][0m
Spyder/SpyderT_Testing/SpyderT195_D31_DispatchStateBadge.py::test_blocked_collapses_to_idle_after_recency 
[1m-------------------------------- live log setup --------------------------------[0m
2026-05-15 22:37:11 [[32m    INFO[0m] 📋 Registered 5 strategy types
2026-05-15 22:37:11 [[32m    INFO[0m] D31 cache seeded from disk: SPY prev=748.17 current=739.17
[32mPASSED[0m[32m                                                                   [ 88%][0m
Spyder/SpyderT_Testing/SpyderT195_D31_DispatchStateBadge.py::test_flowing_collapses_to_idle_after_recency 
[1m-------------------------------- live log setup --------------------------------[0m
2026-05-15 22:37:11 [[32m    INFO[0m] 📋 Registered 5 strategy types
2026-05-15 22:37:11 [[32m    INFO[0m] D31 cache seeded from disk: SPY prev=748.17 current=739.17
[32mPASSED[0m[32m                                                                   [ 90%][0m
Spyder/SpyderT_Testing/SpyderT195_D31_DispatchStateBadge.py::test_error_collapses_to_idle_after_recency 
[1m-------------------------------- live log setup --------------------------------[0m
2026-05-15 22:37:11 [[32m    INFO[0m] 📋 Registered 5 strategy types
2026-05-15 22:37:11 [[32m    INFO[0m] D31 cache seeded from disk: SPY prev=748.17 current=739.17
[32mPASSED[0m[32m                                                                   [ 92%][0m
Spyder/SpyderT_Testing/SpyderT195_D31_DispatchStateBadge.py::test_strategy_type_captured_from_signal 
[1m-------------------------------- live log setup --------------------------------[0m
2026-05-15 22:37:11 [[32m    INFO[0m] 📋 Registered 5 strategy types
2026-05-15 22:37:11 [[32m    INFO[0m] D31 cache seeded from disk: SPY prev=748.17 current=739.17
[32mPASSED[0m[32m                                                                   [ 93%][0m
Spyder/SpyderT_Testing/SpyderT195_D31_DispatchStateBadge.py::test_dispatch_without_strategy_type_falls_back_to_unknown 
[1m-------------------------------- live log setup --------------------------------[0m
2026-05-15 22:37:11 [[32m    INFO[0m] 📋 Registered 5 strategy types
2026-05-15 22:37:11 [[32m    INFO[0m] D31 cache seeded from disk: SPY prev=748.17 current=739.17
[32mPASSED[0m[32m                                                                   [ 95%][0m
Spyder/SpyderT_Testing/SpyderT195_D31_DispatchStateBadge.py::test_pre_risk_helper_session_window_reject_shape 
[1m-------------------------------- live log setup --------------------------------[0m
2026-05-15 22:37:11 [[32m    INFO[0m] 📋 Registered 5 strategy types
2026-05-15 22:37:11 [[32m    INFO[0m] D31 cache seeded from disk: SPY prev=748.17 current=739.17
[32mPASSED[0m[32m                                                                   [ 96%][0m
Spyder/SpyderT_Testing/SpyderT195_D31_DispatchStateBadge.py::test_pre_risk_helper_entry_trust_reject_shape 
[1m-------------------------------- live log setup --------------------------------[0m
2026-05-15 22:37:11 [[32m    INFO[0m] 📋 Registered 5 strategy types
2026-05-15 22:37:11 [[32m    INFO[0m] D31 cache seeded from disk: SPY prev=748.17 current=739.17
[32mPASSED[0m[32m                                                                   [ 98%][0m
Spyder/SpyderT_Testing/SpyderT195_D31_DispatchStateBadge.py::test_pre_risk_drop_reason_surfaces_as_blocked_state_reason 
[1m-------------------------------- live log setup --------------------------------[0m
2026-05-15 22:37:11 [[32m    INFO[0m] 📋 Registered 5 strategy types
2026-05-15 22:37:11 [[32m    INFO[0m] D31 cache seeded from disk: SPY prev=748.17 current=739.17
[32mPASSED[0m[32m                                                                   [100%][0m

============================= slowest 10 durations =============================
0.42s setup    Spyder/SpyderT_Testing/SpyderT116_RSeries.py::TestR04GetExecutionStatus::test_status_reflects_emergency_flag
0.03s call     Spyder/SpyderT_Testing/SpyderT116_RSeries.py::TestR04LiveEngineInstantiation::test_config_stored_on_engine
0.01s call     Spyder/SpyderT_Testing/SpyderT116_RSeries.py::TestR04CancelPendingOrders::test_cancel_all_tolerates_broker_errors
0.01s call     Spyder/SpyderT_Testing/SpyderT116_RSeries.py::TestR04PositionHydration::test_monitor_positions_does_not_clear_h05_hydrated_paper_positions
0.01s call     Spyder/SpyderT_Testing/SpyderT116_RSeries.py::TestR04FillAccounting::test_position_updated_persists_realized_pnl_on_close
0.01s setup    Spyder/SpyderT_Testing/SpyderT116_RSeries.py::TestR04GetExecutionStatus::test_status_structure
0.01s call     Spyder/SpyderT_Testing/SpyderT116_RSeries.py::TestR04PaperMarkToMarket::test_monitor_positions_marks_paper_positions_and_records_snapshot
0.01s setup    Spyder/SpyderT_Testing/SpyderT116_RSeries.py::TestR04FillAccounting::test_position_updated_persists_realized_pnl_on_close
0.01s call     Spyder/SpyderT_Testing/SpyderT116_RSeries.py::TestR04PaperMarkToMarket::test_monitor_positions_drops_stale_paper_positions_without_lineage
0.01s setup    Spyder/SpyderT_Testing/SpyderT116_RSeries.py::TestR04EmergencyStop::test_emergency_stop_sets_emergency_flag
[32m============================= [32m[1m63 passed[0m[32m in 10.64s[0m[32m ==============================[0m
